2023-05-08 19:39:17.796: INFO: [Script] [SND] WindowClosed, ('ModalWindowPVEOperationChooser',); (, 26032706214262, 166)
2023-05-08 19:39:17.796: INFO: [Script] [SND] WindowClosed, ('ModalWindowBattleTypeChooser',); (, 26032706214262, 166)
2023-05-08 19:39:17.796: INFO: [Script] [SND] WindowClosed, ('ShipsCarouselPanel',); (, 26032706214262, 166)
2023-05-08 19:39:17.796: INFO: [Script] [SND] WindowClosed, ('ShipTTXPanelDock',); (, 26032706214262, 166)
2023-05-08 19:39:17.796: INFO: [Script] [SND] WindowClosed, ('Dock',); (, 26032706214262, 166)
2023-05-08 19:39:17.803: INFO: [Script] [ClientLobbyShip] Change ship to PVSC103_Vicente_Guerrero with exterior -1. Should create models: False; (, 50170673170836, 209)
2023-05-08 19:39:17.804: INFO: [Script] [ClientLobbyShip] Change ship to PVSC103_Vicente_Guerrero with exterior -1. Should create models: False; (, 50170673170836, 209)
2023-05-08 19:39:25.900: INFO: [Script] [PingPong] {u'time': 1683538765.604724}; (, 76626720249925, 9)
2023-05-08 19:39:29.388: INFO: [Script] [CameraBase] setMode, ('SnakeTail',); (, 13624568824924, 126)
2023-05-08 19:39:29.389: INFO: [Script] [ClientLobbySpace] Lobby destroy started.; (, 889763136786, 177)
2023-05-08 19:39:29.389: INFO: [Script] [ClientLobbySpace] Dock destroy started.; (, 50213139212771, 23)
2023-05-08 19:39:29.390: INFO: [Script] [ClientLobbySpace] Dock successfully destroyed.; (, 50213139212771, 168)
2023-05-08 19:39:29.396: INFO: [Script] [ClientLobbySpace] Lobby successfully destroyed.; (, 889763136786, 140)
2023-05-08 19:39:29.425: ERROR: [Script] [UserDataGate] Invalid data; (, 80067621657176, 312)
2023-05-08 19:39:29.425: ERROR: [Script] [UserDataGate] Invalid data; (, 80067621657176, 312)
2023-05-08 19:39:29.425: ERROR: [Script] [UserDataGate] Invalid data; (, 80067621657176, 312)
2023-05-08 19:39:29.425: ERROR: [Script] [UserDataGate] Invalid data; (, 80067621657176, 312)
2023-05-08 19:39:29.425: ERROR: [Script] [UserDataGate] Invalid data; (, 80067621657176, 312)
2023-05-08 19:39:29.425: ERROR: [Script] [UserDataGate] Invalid data; (, 80067621657176, 312)
2023-05-08 19:39:29.425: ERROR: [Script] [UserDataGate] Invalid data; (, 80067621657176, 312)
2023-05-08 19:39:29.425: ERROR: [Script] [UserDataGate] Invalid data; (, 80067621657176, 312)
2023-05-08 19:39:29.426: ERROR: [Script] [UserDataGate] Invalid data; (, 80067621657176, 312)
2023-05-08 19:39:29.426: ERROR: [Script] [UserDataGate] Invalid data; (, 80067621657176, 312)
2023-05-08 19:39:29.426: ERROR: [Script] [UserDataGate] Invalid data; (, 80067621657176, 312)
2023-05-08 19:39:29.426: ERROR: [Script] [UserDataGate] Invalid data; (, 80067621657176, 312)
2023-05-08 19:39:29.426: ERROR: [Script] [UserDataGate] Invalid data; (, 80067621657176, 312)
2023-05-08 19:39:29.426: ERROR: [Script] [UserDataGate] Invalid data; (, 80067621657176, 312)
2023-05-08 19:39:29.426: ERROR: [Script] [UserDataGate] Invalid data; (, 80067621657176, 312)
2023-05-08 19:39:29.426: ERROR: [Script] [UserDataGate] Invalid data; (, 80067621657176, 312)
2023-05-08 19:39:29.426: ERROR: [Script] [UserDataGate] Invalid data; (, 80067621657176, 312)
2023-05-08 19:39:29.426: ERROR: [Script] [UserDataGate] Invalid data; (, 80067621657176, 312)
2023-05-08 19:39:29.426: ERROR: [Script] [UserDataGate] Invalid data; (, 80067621657176, 312)
2023-05-08 19:39:29.426: ERROR: [Script] [UserDataGate] Invalid data; (, 80067621657176, 312)
2023-05-08 19:39:29.427: ERROR: [Script] [UserDataGate] Invalid data; (, 80067621657176, 312)
2023-05-08 19:39:29.427: ERROR: [Script] [UserDataGate] Invalid data; (, 80067621657176, 312)
2023-05-08 19:39:29.427: ERROR: [Script] [UserDataGate] Invalid data; (, 80067621657176, 312)
2023-05-08 19:39:29.427: ERROR: [Script] [UserDataGate] Invalid data; (, 80067621657176, 312)
2023-05-08 19:39:29.427: INFO: [Script] [Avatar] Avatar.receiveAvatarInfo:, ({'evaluationsLeft': {0: 12, 1: 12}},); (, 10355579432072, 30)
2023-05-08 19:39:29.427: INFO: [Script] [ShutDownCommon] ShutDownCommon.onShutdownTime:, (0, 0, 0, 'PlayerAvatar'); (, 75596284726682, 138)
2023-05-08 19:39:29.444: INFO: [Script] [team id] 0; (, 1166342594655, 759)
2023-05-08 19:39:29.535: INFO: [Script] [Avatar] onGeometryMapped() MapName:, ('01_solomon_islands',); (, 5214622115511, 34)
2023-05-08 19:39:29.535: INFO: [Script] [teamBuildType: %s] 0; (, 10007912605912, 83)
2023-05-08 19:39:29.535: INFO: [Script] [player info: ] Id: 671300040 TeamId: 1 ShipName: PASC004_St_Louis_1906 dogTag: [4293905328L, 3891219376L]; (, 10007912605912, 127)
2023-05-08 19:39:29.535: INFO: [Script] [player info: ] Id: 671203957 TeamId: 0 ShipName: PASC004_St_Louis_1906 dogTag: [4293905328L, 4293872560L]; (, 10007912605912, 127)
2023-05-08 19:39:29.535: INFO: [Script] [player info: ] Id: 671163302 TeamId: 0 ShipName: PVSC103_Vicente_Guerrero dogTag: [4260744112L]; (, 10007912605912, 127)
2023-05-08 19:39:29.535: INFO: [Script] [player info: ] Id: 537194997 TeamId: 1 ShipName: PRSC103_Bogatyr dogTag: [4263496624L, 4122954672L]; (, 10007912605912, 127)
2023-05-08 19:39:29.535: INFO: [Script] [player info: ] Id: 268378400 TeamId: 0 ShipName: PBSD103_Valkyrie dogTag: [4293905328L, 4293872560L]; (, 10007912605912, 127)
2023-05-08 19:39:29.535: INFO: [Script] [player info: ] Id: 268378401 TeamId: 0 ShipName: PVSC103_Vicente_Guerrero dogTag: [4293905328L, 4293872560L]; (, 10007912605912, 127)
2023-05-08 19:39:29.535: INFO: [Script] [player info: ] Id: 268378402 TeamId: 0 ShipName: PRSB103_Knyaz_Suvorov dogTag: [4293905328L, 4293872560L]; (, 10007912605912, 127)
2023-05-08 19:39:29.535: INFO: [Script] [player info: ] Id: 268378403 TeamId: 0 ShipName: PBSB203_Indefatigable dogTag: [4293905328L, 4293872560L]; (, 10007912605912, 127)
2023-05-08 19:39:29.535: INFO: [Script] [player info: ] Id: 268378404 TeamId: 0 ShipName: PZSD103_Phra_Ruang dogTag: [4293905328L, 4293872560L]; (, 10007912605912, 127)
2023-05-08 19:39:29.535: INFO: [Script] [player info: ] Id: 268378405 TeamId: 0 ShipName: PJSB001_Kawachi_1912 dogTag: [4293905328L, 4293872560L]; (, 10007912605912, 127)
2023-05-08 19:39:29.535: INFO: [Script] [player info: ] Id: 268378406 TeamId: 0 ShipName: PJSC015_Tatsuta_1919 dogTag: [4293905328L, 4293872560L]; (, 10007912605912, 127)
2023-05-08 19:39:29.535: INFO: [Script] [player info: ] Id: 268378407 TeamId: 0 ShipName: PHSC103_Java dogTag: [4293905328L, 4293872560L]; (, 10007912605912, 127)
2023-05-08 19:39:29.535: INFO: [Script] [player info: ] Id: 268378408 TeamId: 0 ShipName: PRSD103_Derzky dogTag: [4293905328L, 4293872560L]; (, 10007912605912, 127)
2023-05-08 19:39:29.535: INFO: [Script] [player info: ] Id: 268378409 TeamId: 1 ShipName: PASD027_Wickes_1918 dogTag: [4293905328L, 4293872560L]; (, 10007912605912, 127)
2023-05-08 19:39:29.535: INFO: [Script] [player info: ] Id: 268378410 TeamId: 1 ShipName: PFSD103_Fusilier dogTag: [4293905328L, 4293872560L]; (, 10007912605912, 127)
2023-05-08 19:39:29.535: INFO: [Script] [player info: ] Id: 268378411 TeamId: 1 ShipName: PHSC103_Java dogTag: [4293905328L, 4293872560L]; (, 10007912605912, 127)
2023-05-08 19:39:29.535: INFO: [Script] [player info: ] Id: 268378412 TeamId: 1 ShipName: PGSB203_Von_der_Tann dogTag: [4293905328L, 4293872560L]; (, 10007912605912, 127)
2023-05-08 19:39:29.535: INFO: [Script] [player info: ] Id: 268378413 TeamId: 1 ShipName: PGSB203_Von_der_Tann dogTag: [4293905328L, 4293872560L]; (, 10007912605912, 127)
2023-05-08 19:39:29.535: INFO: [Script] [player info: ] Id: 268378414 TeamId: 1 ShipName: PWSD103_Romulus dogTag: [4293905328L, 4293872560L]; (, 10007912605912, 127)
2023-05-08 19:39:29.535: INFO: [Script] [player info: ] Id: 268378415 TeamId: 1 ShipName: PRSB103_Knyaz_Suvorov dogTag: [4293905328L, 4293872560L]; (, 10007912605912, 127)
2023-05-08 19:39:29.535: INFO: [Script] [player info: ] Id: 268378416 TeamId: 1 ShipName: PISC103_Taranto dogTag: [4293905328L, 4293872560L]; (, 10007912605912, 127)
2023-05-08 19:39:29.535: INFO: [Script] [player info: ] Id: 268378417 TeamId: 1 ShipName: PISC103_Taranto dogTag: [4293905328L, 4293872560L]; (, 10007912605912, 127)
2023-05-08 19:39:29.535: INFO: [Script] [player info: ] Id: 268378418 TeamId: 1 ShipName: PJSD024_Wakatake_1923 dogTag: [4293905328L, 4293872560L]; (, 10007912605912, 127)
2023-05-08 19:39:29.535: INFO: [Script] [player info: ] Id: 268378399 TeamId: 0 ShipName: PASD027_Wickes_1918 dogTag: [4293905328L, 4293872560L]; (, 10007912605912, 127)
2023-05-08 19:39:29.535: INFO: [Script] [ShipMotions] map: 01_solomon_islands, period: 1.0, multiplier: 1.0; (, 2019070958202, 105)
2023-05-08 19:39:29.535: INFO: [Script] [BattleLogic] 575436; BattleLogic(); (, 10209258942772, 44)
2023-05-08 19:39:29.536: INFO: [Script] [BattleLogic] 575436; onEnterWorld()
Public State: {attentionMarkers: [], clientAnimations: {targetType: 0, ids: []}, controlPoints: [209149, 209150, 209151], entityStates: [], expectedActions: None, weather: {mainWeather: 0, globalWeather: {param: 4291086256L, item: None, notification: None}, localWeather: []}, keyObjects: [], missions: {hold: [{reward: 3, penalty: 0, cpIndices: [0, 1, 2], period: 5}], capture: [], kill: [{reward: 30, penalty: 45, shipType: 'Destroyer'}, {reward: 25, penalty: 40, shipType: 'Submarine'}, {reward: 35, penalty: 50, shipType: 'Cruiser'}, {reward: 40, penalty: 60, shipType: 'Battleship'}, {reward: 45, penalty: 65, shipType: 'AirCarrier'}], reachDestination: [], pullTargets: [], protect: [], teamsScore: [{teamId: 0, score: 300}, {teamId: 1, score: 300}], teamWinScore: 1000, teamLoseScore: 0}, resources: [], minefields: [], successStoryProgress: [], tasks: [], entities: [], effects: [], sounds: [], drop: None, diplomacy: None, uiInfo: {miniMapType: 0}}
Private State: {battleItems: [], triggers: None, diplomacyTickets: None, leveling: None, missions: {reachDestination: [], pullTargets: []}}; (, 10209258942772, 44)
2023-05-08 19:39:29.537: INFO: [Script] [TrainingRoomsContext] cleanup; (, 56380050125, 22)
2023-05-08 19:39:29.540: ERROR: [Script] [Error] ('[ERROR] FeedbackController: empty config for event repair_finished',); (, 52385830448928, 24)
2023-05-08 19:39:29.541: ERROR: [Script] [Error] ('[ERROR] FeedbackController: empty config for event planes_frag_event',); (, 52385830448928, 24)
2023-05-08 19:39:29.541: ERROR: [Script] [Error] ('[ERROR] FeedbackController: empty config for event planes_order_event',); (, 52385830448928, 24)
2023-05-08 19:39:29.541: ERROR: [Script] [Error] ('[ERROR] FeedbackController: empty config for event planes_select',); (, 52385830448928, 24)
2023-05-08 19:39:29.541: INFO: [Script] [BattleDataContext] __onEnterSpace; (, 46413928960879, 198)
2023-05-08 19:39:29.546: ASSET: [Other] ResolveParticle: Effect "." is not found or broken
2023-05-08 19:39:29.546: ERROR: [Other] particles/textures/sfx_fail.tga_1_1_0_8.contours: file not found
2023-05-08 19:39:29.546: ASSET: [FX] fx::unpackBinaryContours: did not found particles/textures/sfx_fail.tga_1_1_0_8.contours for helpers/particles/sfx_fail.xml/high
2023-05-08 19:39:29.858: NOTICE: [FX] particles/Empty_FX.xml/high already in the FX cache
2023-05-08 19:39:29.985: INFO: [Script] [BattleContentPreloader] Add drop visual models to preload. Resource count: 0; (, 41258031690418, 10)
2023-05-08 19:39:29.998: INFO: [Script] [WebSocketSource] Closed, ('openresty', 1000, ''); (, 76592299683115, 18)
2023-05-08 19:39:30.037: INFO: [Script] [SND] WindowClosed, ('WaitingWindow',); (, 26032706214262, 166)
2023-05-08 19:39:30.037: INFO: [Script] [SND] WindowClosed, ('ChatNotificationsPanel',); (, 26032706214262, 166)
2023-05-08 19:39:30.037: INFO: [Script] [SND] WindowClosed, ('RandomBattle',); (, 26032706214262, 166)
2023-05-08 19:39:30.046: INFO: [Scaleform Trace] SwfLoaderInfo.onLoadComplete "minimap.swf"
2023-05-08 19:39:30.359: WARNING: [Other] Could not find handler for gui/maps_bg/01_solomon_islands.jpg
2023-05-08 19:39:32.044: INFO: [Script] [Vehicle] 575450; EnterWorld, ('Ship: PJSB001_Kawachi_1912',); (, 1168145454956, 1217)
2023-05-08 19:39:32.044: INFO: [Script] [team id] 0; (, 1168145454956, 1285)
2023-05-08 19:39:32.154: INFO: [Script] [Vehicle] 575451; EnterWorld, ('Ship: PJSC015_Tatsuta_1919',); (, 1168145454956, 1217)
2023-05-08 19:39:32.154: INFO: [Script] [team id] 0; (, 1168145454956, 1285)
2023-05-08 19:39:32.204: INFO: [Script] [Vehicle] 575440; EnterWorld, ('Ship: PASC004_St_Louis_1906',); (, 1168145454956, 1217)
2023-05-08 19:39:32.204: INFO: [Script] [team id] 0; (, 1168145454956, 1285)
2023-05-08 19:39:32.284: INFO: [Script] [Vehicle] 575449; EnterWorld, ('Ship: PZSD103_Phra_Ruang',); (, 1168145454956, 1217)
2023-05-08 19:39:32.284: INFO: [Script] [team id] 0; (, 1168145454956, 1285)
2023-05-08 19:39:32.298: ASSET: [Moo] Material content/gameplay/common/textures/C011_Grid_9_alpha.mfm : property 'doubleSided' not found in shader shaders/std_effects/grid_alpha.fx ; you may remove 'doubleSided' entry from the .mfm file
2023-05-08 19:39:32.364: INFO: [Script] [Vehicle] 575447; EnterWorld, ('Ship: PRSB103_Knyaz_Suvorov',); (, 1168145454956, 1217)
2023-05-08 19:39:32.364: INFO: [Script] [team id] 0; (, 1168145454956, 1285)
2023-05-08 19:39:32.534: INFO: [Script] [Vehicle] 575464; EnterWorld, ('Ship: PASD027_Wickes_1918',); (, 1168145454956, 1217)
2023-05-08 19:39:32.534: INFO: [Script] [team id] 0; (, 1168145454956, 1285)
2023-05-08 19:39:32.594: INFO: [Script] [Vehicle] 575446; EnterWorld, ('Ship: PVSC103_Vicente_Guerrero',); (, 1168145454956, 1217)
2023-05-08 19:39:32.594: INFO: [Script] [team id] 0; (, 1168145454956, 1285)
2023-05-08 19:39:32.600: INFO: [Script] [Vehicle] 575442; EnterWorld, ('Ship: PVSC103_Vicente_Guerrero',); (, 1168145454956, 1217)
2023-05-08 19:39:32.600: INFO: [Script] [team id] 0; (, 1168145454956, 1285)
2023-05-08 19:39:32.613: INFO: [Script] [Avatar] ! A.onFirstVehicleBoard; (, 513906572948, 588)
2023-05-08 19:39:32.655: INFO: [Script] [NavigationCommon] 575442; createNavigationMap, ('', 'PVSC103_Vicente_Guerrero', 'graph sides: 16', 'cellSize: 5.00', 'speed: 2.26', 'acceleration: 0.31', 'back speed: 1.01', 'backward acceleration: 0.10', 'side speed: 1.74', 'rudder time: 3.13', 'depths: []', 'underwaterHeight: -0.353698730469', 'unpassable cells count: 5528', 'total cells count: 40000', 'spaceID: 2814'); (, 73835711200882, 228)
2023-05-08 19:39:32.655: INFO: [Script] [BattleReplay] current battle arena info: {"matchGroup": "pvp", "gameMode": 7, "clientVersionFromExe": "12,3,1,6965290", "scenarioUiCategoryId": 0, "eventType": "", "mapDisplayName": "01_solomon_islands", "mapId": 1, "clientVersionFromXml": "12,3,1,6965290", "weatherParams": {"0": ["PCOW003_Cloudy"], "1": ["PCOW005_Evening"], "2": ["PCOW005_Evening", "PCOW002_Storm"]}, "disabledShipClasses": [], "playersPerTeam": 12, "duration": 1200, "name": "12x12", "scenario": "Domination_3point", "playerID": 0, "vehicles": [{"shipId": 4290689008, "relation": 2, "id": 671300040, "name": "crazy_wanna"}, {"shipId": 4290689008, "relation": 1, "id": 671203957, "name": "Samuel_Lau_SL"}, {"shipId": 4186879312, "relation": 0, "id": 671163302, "name": "HenryQuan"}, {"shipId": 4186879440, "relation": 2, "id": 537194997, "name": "aaakkkiii"}, {"shipId": 4186847184, "relation": 1, "id": 268378400, "name": ":Tirpitz:"}, {"shipId": 4186879312, "relation": 1, "id": 268378401, "name": ":Radford:"}, {"shipId": 4186912208, "relation": 1, "id": 268378402, "name": ":Tributs:"}, {"shipId": 4082055120, "relation": 1, "id": 268378403, "name": ":Jellicoe:"}, {"shipId": 4186846416, "relation": 1, "id": 268378404, "name": ":Cunningham:"}, {"shipId": 4293867216, "relation": 1, "id": 268378405, "name": ":Spee:"}, {"shipId": 4279154384, "relation": 1, "id": 268378406, "name": ":Popov:"}, {"shipId": 4186879760, "relation": 1, "id": 268378407, "name": ":Beatty:"}, {"shipId": 4186846672, "relation": 1, "id": 268378408, "name": ":Zavoyko:"}, {"shipId": 4266538992, "relation": 2, "id": 268378409, "name": ":Fletcher:"}, {"shipId": 4186847056, "relation": 2, "id": 268378410, "name": ":Tegetthoff:"}, {"shipId": 4186879760, "relation": 2, "id": 268378411, "name": ":Souchon:"}, {"shipId": 4082054960, "relation": 2, "id": 268378412, "name": ":Buckmaster:"}, {"shipId": 4082054960, "relation": 2, "id": 268378413, "name": ":Warrender:"}, {"shipId": 4186846512, "relation": 2, "id": 268378414, "name": ":Goltz:"}, {"shipId": 4186912208, "relation": 2, "id": 268378415, "name": ":Spruance:"}, {"shipId": 4186879728, "relation": 2, "id": 268378416, "name": ":Schofield:"}, {"shipId": 4186879728, "relation": 2, "id": 268378417, "name": ":Pakenham:"}, {"shipId": 4269684432, "relation": 2, "id": 268378418, "name": ":Lee:"}, {"shipId": 4266538992, "relation": 1, "id": 268378399, "name": ":Ghormley:"}], "gameType": "RandomBattle", "dateTime": "08.05.2023 19:39:32", "mapName": "spaces/01_solomon_islands", "playerName": "HenryQuan", "scenarioConfigId": 14, "teamsCount": 2, "playerVehicle": "PVSC103-Vicente-Guerrero", "battleDuration": 1200, "mapBorder": null}; (, 5526725652290, 1003)
2023-05-08 19:39:32.656: INFO: [Script] [BattleDataContext] __onFirstVehicleBoard; (, 34646147650797, 12)
2023-05-08 19:39:32.656: INFO: [Script] [BattleDataContext] __initBattleSystems; (, 46418556520391, 12)
2023-05-08 19:39:32.691: INFO: [Script] [Vehicle] 575453; EnterWorld, ('Ship: PRSD103_Derzky',); (, 1168145454956, 1217)
2023-05-08 19:39:32.691: INFO: [Script] [team id] 0; (, 1168145454956, 1285)
2023-05-08 19:39:33.314: INFO: [Script] [Init timings] 575451; Ship: PJSC015_Tatsuta_1919, ('prerequisites request: 0.00', 'prerequisites load time: 2.17', 'enterWorld time: 2.17', 'makeVisible time: 1.16', 'Become visible total time: 3.33'); (, 15835808770155, 101)
2023-05-08 19:39:33.376: INFO: [Script] [Init timings] 575447; Ship: PRSB103_Knyaz_Suvorov, ('prerequisites request: 0.00', 'prerequisites load time: 2.37', 'enterWorld time: 2.37', 'makeVisible time: 1.01', 'Become visible total time: 3.38'); (, 15835808770155, 101)
2023-05-08 19:39:33.376: INFO: [Script] [Init timings] 575449; Ship: PZSD103_Phra_Ruang, ('prerequisites request: 0.00', 'prerequisites load time: 2.29', 'enterWorld time: 2.29', 'makeVisible time: 1.09', 'Become visible total time: 3.39'); (, 15835808770155, 101)
2023-05-08 19:39:33.464: INFO: [Script] [Init timings] 575450; Ship: PJSB001_Kawachi_1912, ('prerequisites request: 0.00', 'prerequisites load time: 2.06', 'enterWorld time: 2.06', 'makeVisible time: 1.42', 'Become visible total time: 3.48'); (, 15835808770155, 101)
2023-05-08 19:39:33.704: INFO: [Script] [Init timings] 575440; Ship: PASC004_St_Louis_1906, ('prerequisites request: 0.00', 'prerequisites load time: 2.22', 'enterWorld time: 2.22', 'makeVisible time: 1.50', 'Become visible total time: 3.72'); (, 15835808770155, 101)
2023-05-08 19:39:33.724: INFO: [Script] [Init timings] 575446; Ship: PVSC103_Vicente_Guerrero, ('prerequisites request: 0.00', 'prerequisites load time: 2.60', 'enterWorld time: 2.60', 'makeVisible time: 1.13', 'Become visible total time: 3.73'); (, 15835808770155, 101)
2023-05-08 19:39:33.895: INFO: [Script] [Init timings] 575464; Ship: PASD027_Wickes_1918, ('prerequisites request: 0.00', 'prerequisites load time: 2.54', 'enterWorld time: 2.54', 'makeVisible time: 1.36', 'Become visible total time: 3.90'); (, 15835808770155, 101)
2023-05-08 19:39:34.175: INFO: [Script] [Avatar] Avatar.onWorldStateReceived; (, 10819281670208, 38)
2023-05-08 19:39:34.435: INFO: [Script] [Init timings] 575453; Ship: PRSD103_Derzky, ('prerequisites request: 0.00', 'prerequisites load time: 2.69', 'enterWorld time: 2.69', 'makeVisible time: 1.74', 'Become visible total time: 4.44'); (, 15835808770155, 101)
2023-05-08 19:39:34.637: INFO: [Script] [BattleContentPreloader] Starting ally and enemy models and effects cache preload. Resource count: 426; (, 41241381611138, 142)
2023-05-08 19:39:35.389: INFO: [Script] [BattleContentPreloader] Starting ally and enemy miscs cache preload. Resource count: 598; (, 41245628265003, 204)
2023-05-08 19:39:56.461: INFO: [Script] [SND] WindowClosed, ('LoadingBattle',); (, 26032706214262, 166)
2023-05-08 19:39:57.508: WARNING: [Other] Could not find handler for gui/ship_bars/PVSC103_h_bg.png
2023-05-08 19:39:57.509: WARNING: [Other] Could not find handler for gui/ship_bars/PVSC103_h.png
2023-05-08 19:39:57.509: WARNING: [Other] Could not find handler for gui/battle_hud/own_ship_health/icon_fire_small.png
2023-05-08 19:39:57.510: WARNING: [Other] Could not find handler for gui/battle_hud/own_ship_health/icon_flooding_small.png
2023-05-08 19:40:04.341: INFO: [Script] [Avatar] -= BATTLE STARTED =-; (, 10566576185153, 138)
2023-05-08 19:40:56.831: INFO: [Scaleform Trace] SwfLoaderInfo.fini "minimap.swf"
2023-05-08 19:41:04.210: INFO: [Script] [Vehicle] 575452; EnterWorld, ('Ship: PHSC103_Java',); (, 1168145454956, 1217)
2023-05-08 19:41:04.210: INFO: [Script] [team id] 0; (, 1168145454956, 1285)
2023-05-08 19:41:05.011: INFO: [Script] [Init timings] 575452; Ship: PHSC103_Java, ('prerequisites request: 0.00', 'prerequisites load time: 0.00', 'enterWorld time: 0.00', 'makeVisible time: 0.80', 'Become visible total time: 0.80'); (, 15835808770155, 101)
2023-05-08 19:41:14.793: INFO: [Script] [Vehicle] 575454; EnterWorld, ('Ship: PASD027_Wickes_1918',); (, 1168145454956, 1217)
2023-05-08 19:41:14.793: INFO: [Script] [team id] 1; (, 1168145454956, 1285)
2023-05-08 19:41:15.135: INFO: [Script] [Init timings] 575454; Ship: PASD027_Wickes_1918, ('prerequisites request: 0.00', 'prerequisites load time: 0.00', 'enterWorld time: 0.00', 'makeVisible time: 0.34', 'Become visible total time: 0.34'); (, 15835808770155, 101)
2023-05-08 19:41:16.195: INFO: [Script] [Vehicle] 575459; EnterWorld, ('Ship: PWSD103_Romulus',); (, 1168145454956, 1217)
2023-05-08 19:41:16.195: INFO: [Script] [team id] 1; (, 1168145454956, 1285)
2023-05-08 19:41:16.864: INFO: [Script] [Init timings] 575459; Ship: PWSD103_Romulus, ('prerequisites request: 0.00', 'prerequisites load time: 0.00', 'enterWorld time: 0.00', 'makeVisible time: 0.67', 'Become visible total time: 0.67'); (, 15835808770155, 101)
2023-05-08 19:41:26.215: INFO: [Script] [Vehicle] 575456; EnterWorld, ('Ship: PHSC103_Java',); (, 1168145454956, 1217)
2023-05-08 19:41:26.215: INFO: [Script] [team id] 1; (, 1168145454956, 1285)
2023-05-08 19:41:26.527: INFO: [Script] [Init timings] 575456; Ship: PHSC103_Java, ('prerequisites request: 0.00', 'prerequisites load time: 0.00', 'enterWorld time: 0.00', 'makeVisible time: 0.31', 'Become visible total time: 0.31'); (, 15835808770155, 101)
2023-05-08 19:41:27.815: INFO: [Script] [Vehicle] 575461; EnterWorld, ('Ship: PISC103_Taranto',); (, 1168145454956, 1217)
2023-05-08 19:41:27.815: INFO: [Script] [team id] 1; (, 1168145454956, 1285)
2023-05-08 19:41:28.287: INFO: [Script] [Init timings] 575461; Ship: PISC103_Taranto, ('prerequisites request: 0.00', 'prerequisites load time: 0.00', 'enterWorld time: 0.00', 'makeVisible time: 0.47', 'Become visible total time: 0.47'); (, 15835808770155, 101)
2023-05-08 19:41:29.916: INFO: [Script] [Vehicle] 575457; EnterWorld, ('Ship: PGSB203_Von_der_Tann',); (, 1168145454956, 1217)
2023-05-08 19:41:29.916: INFO: [Script] [team id] 1; (, 1168145454956, 1285)
2023-05-08 19:41:29.916: ASSET: [Other] content/gameplay/germany/ship/battleship/GSB031_Von_der_Tann_1918/GSB031_Von_der_Tann_1918_MidFront_ports_base_battle_A.model: can't load model prototype: file not found
2023-05-08 19:41:30.727: INFO: [Script] [Init timings] 575457; Ship: PGSB203_Von_der_Tann, ('prerequisites request: 0.00', 'prerequisites load time: 0.00', 'enterWorld time: 0.00', 'makeVisible time: 0.81', 'Become visible total time: 0.81'); (, 15835808770155, 101)
2023-05-08 19:41:34.826: INFO: [Script] [Vehicle] 575460; EnterWorld, ('Ship: PRSB103_Knyaz_Suvorov',); (, 1168145454956, 1217)
2023-05-08 19:41:34.826: INFO: [Script] [team id] 1; (, 1168145454956, 1285)
2023-05-08 19:41:35.289: INFO: [Script] [Init timings] 575460; Ship: PRSB103_Knyaz_Suvorov, ('prerequisites request: 0.00', 'prerequisites load time: 0.00', 'enterWorld time: 0.00', 'makeVisible time: 0.46', 'Become visible total time: 0.46'); (, 15835808770155, 101)
2023-05-08 19:41:35.806: INFO: [Script] [Vehicle] 575463; EnterWorld, ('Ship: PJSD024_Wakatake_1923',); (, 1168145454956, 1217)
2023-05-08 19:41:35.806: INFO: [Script] [team id] 1; (, 1168145454956, 1285)
2023-05-08 19:41:36.288: INFO: [Script] [Init timings] 575463; Ship: PJSD024_Wakatake_1923, ('prerequisites request: 0.00', 'prerequisites load time: 0.00', 'enterWorld time: 0.00', 'makeVisible time: 0.48', 'Become visible total time: 0.48'); (, 15835808770155, 101)
2023-05-08 19:41:37.916: INFO: [Script] [Vehicle] 575438; EnterWorld, ('Ship: PASC004_St_Louis_1906',); (, 1168145454956, 1217)
2023-05-08 19:41:37.917: INFO: [Script] [team id] 1; (, 1168145454956, 1285)
2023-05-08 19:41:38.428: INFO: [Script] [Init timings] 575438; Ship: PASC004_St_Louis_1906, ('prerequisites request: 0.00', 'prerequisites load time: 0.00', 'enterWorld time: 0.00', 'makeVisible time: 0.51', 'Become visible total time: 0.51'); (, 15835808770155, 101)
2023-05-08 19:41:39.077: INFO: [Script] [Vehicle] 575444; EnterWorld, ('Ship: PRSC103_Bogatyr',); (, 1168145454956, 1217)
2023-05-08 19:41:39.077: INFO: [Script] [team id] 1; (, 1168145454956, 1285)
2023-05-08 19:41:39.869: INFO: [Script] [Init timings] 575444; Ship: PRSC103_Bogatyr, ('prerequisites request: 0.00', 'prerequisites load time: 0.00', 'enterWorld time: 0.00', 'makeVisible time: 0.79', 'Become visible total time: 0.79'); (, 15835808770155, 101)
2023-05-08 19:41:51.217: INFO: [Script] [Vehicle] id = 575449, teamId = 0, typeDeath = 7; (, 498303936408, 1034)
2023-05-08 19:41:51.219: INFO: [Script] [Vehicle] id = 575459, teamId = 1, typeDeath = 7; (, 498303936408, 1034)
2023-05-08 19:41:51.237: ERROR: [Sound::BaseWorldObject] playing event on deactivated emitter ( event 'VO_Damage_Death'; hashed emitter type 3490215848; emitter debug tag ':Goltz: Vehicle'; object debug tag ':Goltz: Vehicle' )
2023-05-08 19:41:52.208: INFO: [Script] [Vehicle] 575456; onLeaveWorld(); (, 1171559499139, 341)
2023-05-08 19:41:52.208: INFO: [Script] [root] id, (575456,); (, 1171559499139, 385)
2023-05-08 19:41:52.210: INFO: [Script] [Vehicle] 575438; onLeaveWorld(); (, 1171559499139, 341)
2023-05-08 19:41:52.210: INFO: [Script] [root] id, (575438,); (, 1171559499139, 385)
2023-05-08 19:41:52.638: INFO: [Script] [Vehicle] 575444; onLeaveWorld(); (, 1171559499139, 341)
2023-05-08 19:41:52.638: INFO: [Script] [root] id, (575444,); (, 1171559499139, 385)
2023-05-08 19:41:55.809: INFO: [Script] [Vehicle] 575456; EnterWorld, ('Ship: PHSC103_Java',); (, 1168145454956, 1217)
2023-05-08 19:41:55.809: INFO: [Script] [team id] 1; (, 1168145454956, 1285)
2023-05-08 19:41:56.291: INFO: [Script] [Init timings] 575456; Ship: PHSC103_Java, ('prerequisites request: 0.00', 'prerequisites load time: 0.00', 'enterWorld time: 0.00', 'makeVisible time: 0.48', 'Become visible total time: 0.48'); (, 15835808770155, 101)
2023-05-08 19:41:57.379: INFO: [Script] [Vehicle] 575448; EnterWorld, ('Ship: PBSB203_Indefatigable',); (, 1168145454956, 1217)
2023-05-08 19:41:57.379: INFO: [Script] [team id] 0; (, 1168145454956, 1285)
2023-05-08 19:41:58.161: INFO: [Script] [Init timings] 575448; Ship: PBSB203_Indefatigable, ('prerequisites request: 0.00', 'prerequisites load time: 0.00', 'enterWorld time: 0.00', 'makeVisible time: 0.78', 'Become visible total time: 0.78'); (, 15835808770155, 101)
2023-05-08 19:41:58.819: INFO: [Script] [Vehicle] 575456; onLeaveWorld(); (, 1171559499139, 341)
2023-05-08 19:41:58.819: INFO: [Script] [root] id, (575456,); (, 1171559499139, 385)
2023-05-08 19:42:09.932: INFO: [Script] [Vehicle] 575444; EnterWorld, ('Ship: PRSC103_Bogatyr',); (, 1168145454956, 1217)
2023-05-08 19:42:09.932: INFO: [Script] [team id] 1; (, 1168145454956, 1285)
2023-05-08 19:42:10.584: INFO: [Script] [Init timings] 575444; Ship: PRSC103_Bogatyr, ('prerequisites request: 0.00', 'prerequisites load time: 0.00', 'enterWorld time: 0.00', 'makeVisible time: 0.65', 'Become visible total time: 0.65'); (, 15835808770155, 101)
2023-05-08 19:42:10.821: INFO: [Script] [Vehicle] 575457; onLeaveWorld(); (, 1171559499139, 341)
2023-05-08 19:42:10.821: INFO: [Script] [root] id, (575457,); (, 1171559499139, 385)
2023-05-08 19:42:13.351: INFO: [Script] [Vehicle] 575444; onLeaveWorld(); (, 1171559499139, 341)
2023-05-08 19:42:13.351: INFO: [Script] [root] id, (575444,); (, 1171559499139, 385)
2023-05-08 19:42:19.093: INFO: [Script] [Vehicle] 575457; EnterWorld, ('Ship: PGSB203_Von_der_Tann',); (, 1168145454956, 1217)
2023-05-08 19:42:19.093: INFO: [Script] [team id] 1; (, 1168145454956, 1285)
2023-05-08 19:42:19.834: INFO: [Script] [Vehicle] 575438; EnterWorld, ('Ship: PASC004_St_Louis_1906',); (, 1168145454956, 1217)
2023-05-08 19:42:19.834: INFO: [Script] [team id] 1; (, 1168145454956, 1285)
2023-05-08 19:42:19.875: INFO: [Script] [Init timings] 575457; Ship: PGSB203_Von_der_Tann, ('prerequisites request: 0.00', 'prerequisites load time: 0.00', 'enterWorld time: 0.00', 'makeVisible time: 0.78', 'Become visible total time: 0.78'); (, 15835808770155, 101)
2023-05-08 19:42:20.156: INFO: [Script] [Init timings] 575438; Ship: PASC004_St_Louis_1906, ('prerequisites request: 0.00', 'prerequisites load time: 0.00', 'enterWorld time: 0.00', 'makeVisible time: 0.32', 'Become visible total time: 0.32'); (, 15835808770155, 101)
2023-05-08 19:42:25.914: INFO: [Script] [Vehicle] 575444; EnterWorld, ('Ship: PRSC103_Bogatyr',); (, 1168145454956, 1217)
2023-05-08 19:42:25.914: INFO: [Script] [team id] 1; (, 1168145454956, 1285)
2023-05-08 19:42:26.576: INFO: [Script] [Init timings] 575444; Ship: PRSC103_Bogatyr, ('prerequisites request: 0.00', 'prerequisites load time: 0.00', 'enterWorld time: 0.00', 'makeVisible time: 0.66', 'Become visible total time: 0.66'); (, 15835808770155, 101)
2023-05-08 19:42:28.825: INFO: [Script] [Vehicle] 575445; EnterWorld, ('Ship: PBSD103_Valkyrie',); (, 1168145454956, 1217)
2023-05-08 19:42:28.825: INFO: [Script] [team id] 0; (, 1168145454956, 1285)
2023-05-08 19:42:29.886: INFO: [Script] [Init timings] 575445; Ship: PBSD103_Valkyrie, ('prerequisites request: 0.00', 'prerequisites load time: 0.00', 'enterWorld time: 0.00', 'makeVisible time: 1.06', 'Become visible total time: 1.06'); (, 15835808770155, 101)
2023-05-08 19:42:30.884: INFO: [Script] [UserDataGate.__onParticipantPresenceUpdated] 2021936660, (2, 2, 2); (, 79959818385813, 77)
2023-05-08 19:42:33.485: INFO: [Script] [Vehicle] 575453; onLeaveWorld(); (, 1171559499139, 341)
2023-05-08 19:42:33.485: INFO: [Script] [root] id, (575453,); (, 1171559499139, 385)
2023-05-08 19:42:42.646: INFO: [Script] [Vehicle] 575438; onLeaveWorld(); (, 1171559499139, 341)
2023-05-08 19:42:42.646: INFO: [Script] [root] id, (575438,); (, 1171559499139, 385)
2023-05-08 19:42:44.916: INFO: [Script] [Vehicle] 575461; onLeaveWorld(); (, 1171559499139, 341)
2023-05-08 19:42:44.916: INFO: [Script] [root] id, (575461,); (, 1171559499139, 385)
2023-05-08 19:42:49.808: INFO: [Script] [Vehicle] 575456; EnterWorld, ('Ship: PHSC103_Java',); (, 1168145454956, 1217)
2023-05-08 19:42:49.808: INFO: [Script] [team id] 1; (, 1168145454956, 1285)
2023-05-08 19:42:49.927: INFO: [Script] [Vehicle] 575457; onLeaveWorld(); (, 1171559499139, 341)
2023-05-08 19:42:49.927: INFO: [Script] [root] id, (575457,); (, 1171559499139, 385)
2023-05-08 19:42:50.143: INFO: [Script] [Init timings] 575456; Ship: PHSC103_Java, ('prerequisites request: 0.00', 'prerequisites load time: 0.00', 'enterWorld time: 0.00', 'makeVisible time: 0.33', 'Become visible total time: 0.33'); (, 15835808770155, 101)
2023-05-08 19:42:59.070: INFO: [Script] [Vehicle] 575457; EnterWorld, ('Ship: PGSB203_Von_der_Tann',); (, 1168145454956, 1217)
2023-05-08 19:42:59.070: INFO: [Script] [team id] 1; (, 1168145454956, 1285)
2023-05-08 19:42:59.820: INFO: [Script] [Vehicle] 575461; EnterWorld, ('Ship: PISC103_Taranto',); (, 1168145454956, 1217)
2023-05-08 19:42:59.820: INFO: [Script] [team id] 1; (, 1168145454956, 1285)
2023-05-08 19:42:59.872: INFO: [Script] [Init timings] 575457; Ship: PGSB203_Von_der_Tann, ('prerequisites request: 0.00', 'prerequisites load time: 0.00', 'enterWorld time: 0.00', 'makeVisible time: 0.80', 'Become visible total time: 0.80'); (, 15835808770155, 101)
2023-05-08 19:43:00.132: INFO: [Script] [Init timings] 575461; Ship: PISC103_Taranto, ('prerequisites request: 0.00', 'prerequisites load time: 0.00', 'enterWorld time: 0.00', 'makeVisible time: 0.31', 'Become visible total time: 0.31'); (, 15835808770155, 101)
2023-05-08 19:43:16.212: INFO: [Script] [Vehicle] 575462; EnterWorld, ('Ship: PISC103_Taranto',); (, 1168145454956, 1217)
2023-05-08 19:43:16.212: INFO: [Script] [team id] 1; (, 1168145454956, 1285)
2023-05-08 19:43:17.315: INFO: [Script] [Init timings] 575462; Ship: PISC103_Taranto, ('prerequisites request: 0.00', 'prerequisites load time: 0.00', 'enterWorld time: 0.00', 'makeVisible time: 1.10', 'Become visible total time: 1.10'); (, 15835808770155, 101)
2023-05-08 19:43:17.803: INFO: [Script] [Vehicle] 575438; EnterWorld, ('Ship: PASC004_St_Louis_1906',); (, 1168145454956, 1217)
2023-05-08 19:43:17.803: INFO: [Script] [team id] 1; (, 1168145454956, 1285)
2023-05-08 19:43:17.932: INFO: [Script] [Vehicle] id = 575454, teamId = 1, typeDeath = 18; (, 498303936408, 1034)
2023-05-08 19:43:18.285: INFO: [Script] [Init timings] 575438; Ship: PASC004_St_Louis_1906, ('prerequisites request: 0.00', 'prerequisites load time: 0.00', 'enterWorld time: 0.00', 'makeVisible time: 0.48', 'Become visible total time: 0.48'); (, 15835808770155, 101)
2023-05-08 19:43:24.823: INFO: [Script] [Vehicle] 575449; onLeaveWorld(); (, 1171559499139, 341)
2023-05-08 19:43:24.823: INFO: [Script] [root] id, (575449,); (, 1171559499139, 385)
2023-05-08 19:43:25.373: INFO: [Script] [Vehicle] 575459; onLeaveWorld(); (, 1171559499139, 341)
2023-05-08 19:43:25.373: INFO: [Script] [root] id, (575459,); (, 1171559499139, 385)
2023-05-08 19:43:26.514: INFO: [Script] [Vehicle] 575453; EnterWorld, ('Ship: PRSD103_Derzky',); (, 1168145454956, 1217)
2023-05-08 19:43:26.514: INFO: [Script] [team id] 0; (, 1168145454956, 1285)
2023-05-08 19:43:27.606: INFO: [Script] [Init timings] 575453; Ship: PRSD103_Derzky, ('prerequisites request: 0.00', 'prerequisites load time: 0.00', 'enterWorld time: 0.00', 'makeVisible time: 1.09', 'Become visible total time: 1.09'); (, 15835808770155, 101)
2023-05-08 19:43:27.914: INFO: [Script] [Vehicle] 575456; onLeaveWorld(); (, 1171559499139, 341)
2023-05-08 19:43:27.914: INFO: [Script] [root] id, (575456,); (, 1171559499139, 385)
2023-05-08 19:43:31.204: INFO: [Script] [Vehicle] 575451; onLeaveWorld(); (, 1171559499139, 341)
2023-05-08 19:43:31.204: INFO: [Script] [root] id, (575451,); (, 1171559499139, 385)
2023-05-08 19:43:31.816: INFO: [Script] [Vehicle] 575456; EnterWorld, ('Ship: PHSC103_Java',); (, 1168145454956, 1217)
2023-05-08 19:43:31.816: INFO: [Script] [team id] 1; (, 1168145454956, 1285)
2023-05-08 19:43:32.287: INFO: [Script] [Init timings] 575456; Ship: PHSC103_Java, ('prerequisites request: 0.00', 'prerequisites load time: 0.00', 'enterWorld time: 0.00', 'makeVisible time: 0.47', 'Become visible total time: 0.47'); (, 15835808770155, 101)
2023-05-08 19:43:33.366: INFO: [Script] [Vehicle] 575451; EnterWorld, ('Ship: PJSC015_Tatsuta_1919',); (, 1168145454956, 1217)
2023-05-08 19:43:33.366: INFO: [Script] [team id] 0; (, 1168145454956, 1285)
2023-05-08 19:43:34.157: INFO: [Script] [Init timings] 575451; Ship: PJSC015_Tatsuta_1919, ('prerequisites request: 0.00', 'prerequisites load time: 0.00', 'enterWorld time: 0.00', 'makeVisible time: 0.79', 'Become visible total time: 0.79'); (, 15835808770155, 101)
2023-05-08 19:43:39.916: INFO: [Script] [Vehicle] id = 575450, teamId = 0, typeDeath = 3; (, 498303936408, 1034)
2023-05-08 19:43:54.508: INFO: [Script] [Vehicle] 575445; onLeaveWorld(); (, 1171559499139, 341)
2023-05-08 19:43:54.508: INFO: [Script] [root] id, (575445,); (, 1171559499139, 385)
2023-05-08 19:44:20.212: INFO: [Script] [Vehicle] id = 575457, teamId = 1, typeDeath = 3; (, 498303936408, 1034)
2023-05-08 19:44:20.492: ERROR: [Sound::BaseWorldObject] playing event on deactivated emitter ( event 'Ship_Weapon_Secondary_Shot'; hashed emitter type 3490215848; emitter debug tag ':Buckmaster: Vehicle'; object debug tag ':Buckmaster: Vehicle' )
2023-05-08 19:44:38.055: INFO: [Script] [Vehicle] 575462; onLeaveWorld(); (, 1171559499139, 341)
2023-05-08 19:44:38.055: INFO: [Script] [root] id, (575462,); (, 1171559499139, 385)
2023-05-08 19:44:53.909: INFO: [Script] [Vehicle] 575458; EnterWorld, ('Ship: PGSB203_Von_der_Tann',); (, 1168145454956, 1217)
2023-05-08 19:44:53.909: INFO: [Script] [team id] 1; (, 1168145454956, 1285)
2023-05-08 19:44:53.909: ASSET: [Other] content/gameplay/germany/ship/battleship/GSB031_Von_der_Tann_1918/GSB031_Von_der_Tann_1918_Bow_ports_base_battle_B.model: can't load model prototype: file not found
2023-05-08 19:44:53.910: ASSET: [Other] content/gameplay/germany/ship/battleship/GSB031_Von_der_Tann_1918/GSB031_Von_der_Tann_1918_Stern_ports_base_battle_B.model: can't load model prototype: file not found
2023-05-08 19:44:54.731: INFO: [Script] [Init timings] 575458; Ship: PGSB203_Von_der_Tann, ('prerequisites request: 0.00', 'prerequisites load time: 0.00', 'enterWorld time: 0.00', 'makeVisible time: 0.82', 'Become visible total time: 0.82'); (, 15835808770155, 101)
2023-05-08 19:44:55.348: INFO: [Script] [Vehicle] 575453; onLeaveWorld(); (, 1171559499139, 341)
2023-05-08 19:44:55.348: INFO: [Script] [root] id, (575453,); (, 1171559499139, 385)
2023-05-08 19:45:00.199: INFO: [Script] [Vehicle] 575444; onLeaveWorld(); (, 1171559499139, 341)
2023-05-08 19:45:00.199: INFO: [Script] [root] id, (575444,); (, 1171559499139, 385)
2023-05-08 19:45:08.500: INFO: [Script] [Vehicle] 575454; onLeaveWorld(); (, 1171559499139, 341)
2023-05-08 19:45:08.500: INFO: [Script] [root] id, (575454,); (, 1171559499139, 385)
2023-05-08 19:45:12.221: INFO: [Script] [Vehicle] 575450; onLeaveWorld(); (, 1171559499139, 341)
2023-05-08 19:45:12.221: INFO: [Script] [root] id, (575450,); (, 1171559499139, 385)
2023-05-08 19:45:14.341: INFO: [Script] [Vehicle] 575446; onLeaveWorld(); (, 1171559499139, 341)
2023-05-08 19:45:14.341: INFO: [Script] [root] id, (575446,); (, 1171559499139, 385)
2023-05-08 19:45:17.372: INFO: [Script] [Vehicle] 575455; EnterWorld, ('Ship: PFSD103_Fusilier',); (, 1168145454956, 1217)
2023-05-08 19:45:17.372: INFO: [Script] [team id] 1; (, 1168145454956, 1285)
2023-05-08 19:45:17.373: ASSET: [Other] content/gameplay/france/ship/destroyer/FSD006_Fusilier_1928/FSD006_Fusilier_1928_Bow_ports_HULL_B.model: can't load model prototype: file not found
2023-05-08 19:45:17.373: ASSET: [Other] content/gameplay/france/ship/destroyer/FSD006_Fusilier_1928/FSD006_Fusilier_1928_MidFront_ports_HULL_B.model: can't load model prototype: file not found
2023-05-08 19:45:17.373: ASSET: [Other] content/gameplay/france/ship/destroyer/FSD006_Fusilier_1928/FSD006_Fusilier_1928_Stern_ports_HULL_B.model: can't load model prototype: file not found
2023-05-08 19:45:18.154: INFO: [Script] [Init timings] 575455; Ship: PFSD103_Fusilier, ('prerequisites request: 0.00', 'prerequisites load time: 0.00', 'enterWorld time: 0.00', 'makeVisible time: 0.78', 'Become visible total time: 0.78'); (, 15835808770155, 101)
2023-05-08 19:45:18.493: INFO: [Script] [Vehicle] 575446; EnterWorld, ('Ship: PVSC103_Vicente_Guerrero',); (, 1168145454956, 1217)
2023-05-08 19:45:18.493: INFO: [Script] [team id] 0; (, 1168145454956, 1285)
2023-05-08 19:45:19.201: INFO: [Script] [Vehicle] id = 575455, teamId = 1, typeDeath = 18; (, 498303936408, 1034)
2023-05-08 19:45:19.304: INFO: [Script] [Init timings] 575446; Ship: PVSC103_Vicente_Guerrero, ('prerequisites request: 0.00', 'prerequisites load time: 0.00', 'enterWorld time: 0.00', 'makeVisible time: 0.81', 'Become visible total time: 0.81'); (, 15835808770155, 101)
2023-05-08 19:45:22.852: ERROR: [Sound::BaseWorldObject] playing event on deactivated emitter ( event 'VO_Damage_Death'; hashed emitter type 3490215848; emitter debug tag ':Tegetthoff: Vehicle'; object debug tag ':Tegetthoff: Vehicle' )
2023-05-08 19:45:23.062: INFO: [Script] [Vehicle] id = 575461, teamId = 1, typeDeath = 17; (, 498303936408, 1034)
2023-05-08 19:45:41.635: INFO: [Script] [Vehicle] id = 575451, teamId = 0, typeDeath = 3; (, 498303936408, 1034)
2023-05-08 19:45:43.495: INFO: [Script] [Vehicle] 575457; onLeaveWorld(); (, 1171559499139, 341)
2023-05-08 19:45:43.495: INFO: [Script] [root] id, (575457,); (, 1171559499139, 385)
2023-05-08 19:45:47.797: INFO: [Script] [Vehicle] 575438; onLeaveWorld(); (, 1171559499139, 341)
2023-05-08 19:45:47.797: INFO: [Script] [root] id, (575438,); (, 1171559499139, 385)
2023-05-08 19:46:12.801: INFO: [Script] [Vehicle] 575446; onLeaveWorld(); (, 1171559499139, 341)
2023-05-08 19:46:12.801: INFO: [Script] [root] id, (575446,); (, 1171559499139, 385)
2023-05-08 19:46:19.191: INFO: [Script] [Vehicle] 575451; onLeaveWorld(); (, 1171559499139, 341)
2023-05-08 19:46:19.191: INFO: [Script] [root] id, (575451,); (, 1171559499139, 385)
2023-05-08 19:46:20.072: INFO: [Script] [Vehicle] id = 575463, teamId = 1, typeDeath = 18; (, 498303936408, 1034)
2023-05-08 19:46:46.906: INFO: [Script] [Vehicle] 575455; onLeaveWorld(); (, 1171559499139, 341)
2023-05-08 19:46:46.906: INFO: [Script] [root] id, (575455,); (, 1171559499139, 385)
2023-05-08 19:46:49.348: INFO: [Script] [Vehicle] 575438; EnterWorld, ('Ship: PASC004_St_Louis_1906',); (, 1168145454956, 1217)
2023-05-08 19:46:49.348: INFO: [Script] [team id] 1; (, 1168145454956, 1285)
2023-05-08 19:46:50.159: INFO: [Script] [Init timings] 575438; Ship: PASC004_St_Louis_1906, ('prerequisites request: 0.00', 'prerequisites load time: 0.00', 'enterWorld time: 0.00', 'makeVisible time: 0.81', 'Become visible total time: 0.81'); (, 15835808770155, 101)
2023-05-08 19:46:55.787: INFO: [Script] [Vehicle] id = 575458, teamId = 1, typeDeath = 6; (, 498303936408, 1034)
2023-05-08 19:46:59.618: INFO: [Script] [Vehicle] 575461; onLeaveWorld(); (, 1171559499139, 341)
2023-05-08 19:46:59.618: INFO: [Script] [root] id, (575461,); (, 1171559499139, 385)
2023-05-08 19:47:09.340: INFO: [Script] [Vehicle] 575444; EnterWorld, ('Ship: PRSC103_Bogatyr',); (, 1168145454956, 1217)
2023-05-08 19:47:09.340: INFO: [Script] [team id] 1; (, 1168145454956, 1285)
2023-05-08 19:47:10.163: INFO: [Script] [Init timings] 575444; Ship: PRSC103_Bogatyr, ('prerequisites request: 0.00', 'prerequisites load time: 0.00', 'enterWorld time: 0.00', 'makeVisible time: 0.82', 'Become visible total time: 0.82'); (, 15835808770155, 101)
2023-05-08 19:47:28.053: INFO: [Script] [Vehicle] id = 575456, teamId = 1, typeDeath = 17; (, 498303936408, 1034)
2023-05-08 19:47:43.625: INFO: [Script] [Vehicle] 575444; onLeaveWorld(); (, 1171559499139, 341)
2023-05-08 19:47:43.625: INFO: [Script] [root] id, (575444,); (, 1171559499139, 385)
2023-05-08 19:48:08.619: INFO: [Script] [Vehicle] 575463; onLeaveWorld(); (, 1171559499139, 341)
2023-05-08 19:48:08.619: INFO: [Script] [root] id, (575463,); (, 1171559499139, 385)
2023-05-08 19:48:10.485: INFO: [Script] [Vehicle] 575438; onLeaveWorld(); (, 1171559499139, 341)
2023-05-08 19:48:10.485: INFO: [Script] [root] id, (575438,); (, 1171559499139, 385)
2023-05-08 19:48:12.200: INFO: [Script] [Vehicle] 575447; onLeaveWorld(); (, 1171559499139, 341)
2023-05-08 19:48:12.200: INFO: [Script] [root] id, (575447,); (, 1171559499139, 385)
2023-05-08 19:48:13.060: INFO: [Script] [VehicleAutopilot] onTerrainCollision; (, 532763699792, 9)
2023-05-08 19:48:15.781: INFO: [Script] [VehicleAutopilot] onEndTerrainCollision; (, 537124749652, 18)
2023-05-08 19:48:31.063: INFO: [Script] [Vehicle] 575458; onLeaveWorld(); (, 1171559499139, 341)
2023-05-08 19:48:31.063: INFO: [Script] [root] id, (575458,); (, 1171559499139, 385)
2023-05-08 19:48:31.066: INFO: [Script] [Vehicle] 575447; EnterWorld, ('Ship: PRSB103_Knyaz_Suvorov',); (, 1168145454956, 1217)
2023-05-08 19:48:31.066: INFO: [Script] [team id] 0; (, 1168145454956, 1285)
2023-05-08 19:48:31.875: INFO: [Script] [Init timings] 575447; Ship: PRSB103_Knyaz_Suvorov, ('prerequisites request: 0.00', 'prerequisites load time: 0.00', 'enterWorld time: 0.00', 'makeVisible time: 0.81', 'Become visible total time: 0.81'); (, 15835808770155, 101)
2023-05-08 19:48:43.795: INFO: [Script] [Vehicle] id = 575452, teamId = 0, typeDeath = 18; (, 498303936408, 1034)
2023-05-08 19:48:53.357: INFO: [Script] [Vehicle] 575456; onLeaveWorld(); (, 1171559499139, 341)
2023-05-08 19:48:53.357: INFO: [Script] [root] id, (575456,); (, 1171559499139, 385)
2023-05-08 19:49:16.920: INFO: [Script] [Vehicle] id = 575464, teamId = 0, typeDeath = 18; (, 498303936408, 1034)
2023-05-08 19:49:16.940: ERROR: [Sound::BaseWorldObject] playing event on deactivated emitter ( event 'VO_Damage_Death'; hashed emitter type 3490215848; emitter debug tag ':Ghormley: Vehicle'; object debug tag ':Ghormley: Vehicle' )
2023-05-08 19:49:17.901: INFO: [Script] [Vehicle] 575444; EnterWorld, ('Ship: PRSC103_Bogatyr',); (, 1168145454956, 1217)
2023-05-08 19:49:17.901: INFO: [Script] [team id] 1; (, 1168145454956, 1285)
2023-05-08 19:49:18.733: INFO: [Script] [Init timings] 575444; Ship: PRSC103_Bogatyr, ('prerequisites request: 0.00', 'prerequisites load time: 0.00', 'enterWorld time: 0.00', 'makeVisible time: 0.83', 'Become visible total time: 0.83'); (, 15835808770155, 101)
2023-05-08 19:49:37.915: INFO: [Script] [Vehicle] 575438; EnterWorld, ('Ship: PASC004_St_Louis_1906',); (, 1168145454956, 1217)
2023-05-08 19:49:37.915: INFO: [Script] [team id] 1; (, 1168145454956, 1285)
2023-05-08 19:49:38.726: INFO: [Script] [Init timings] 575438; Ship: PASC004_St_Louis_1906, ('prerequisites request: 0.00', 'prerequisites load time: 0.00', 'enterWorld time: 0.00', 'makeVisible time: 0.81', 'Become visible total time: 0.81'); (, 15835808770155, 101)
2023-05-08 19:50:07.779: INFO: [Script] [Vehicle] id = 575460, teamId = 1, typeDeath = 6; (, 498303936408, 1034)
2023-05-08 19:50:36.783: INFO: [Script] [Vehicle] id = 575447, teamId = 0, typeDeath = 6; (, 498303936408, 1034)
2023-05-08 19:50:38.323: INFO: [Script] [Vehicle] 575444; onLeaveWorld(); (, 1171559499139, 341)
2023-05-08 19:50:38.323: INFO: [Script] [root] id, (575444,); (, 1171559499139, 385)
2023-05-08 19:50:38.613: INFO: [Script] [Vehicle] 575438; onLeaveWorld(); (, 1171559499139, 341)
2023-05-08 19:50:38.613: INFO: [Script] [root] id, (575438,); (, 1171559499139, 385)
2023-05-08 19:50:41.914: INFO: [Script] [Vehicle] 575452; onLeaveWorld(); (, 1171559499139, 341)
2023-05-08 19:50:41.914: INFO: [Script] [root] id, (575452,); (, 1171559499139, 385)
2023-05-08 19:51:03.039: INFO: [Script] [Vehicle] 575438; EnterWorld, ('Ship: PASC004_St_Louis_1906',); (, 1168145454956, 1217)
2023-05-08 19:51:03.039: INFO: [Script] [team id] 1; (, 1168145454956, 1285)
2023-05-08 19:51:03.870: INFO: [Script] [Init timings] 575438; Ship: PASC004_St_Louis_1906, ('prerequisites request: 0.00', 'prerequisites load time: 0.00', 'enterWorld time: 0.00', 'makeVisible time: 0.83', 'Become visible total time: 0.83'); (, 15835808770155, 101)
2023-05-08 19:51:06.480: INFO: [Script] [Vehicle] 575464; onLeaveWorld(); (, 1171559499139, 341)
2023-05-08 19:51:06.480: INFO: [Script] [root] id, (575464,); (, 1171559499139, 385)
2023-05-08 19:51:10.471: INFO: [Script] [Vehicle] 575460; onLeaveWorld(); (, 1171559499139, 341)
2023-05-08 19:51:10.471: INFO: [Script] [root] id, (575460,); (, 1171559499139, 385)
2023-05-08 19:51:21.331: INFO: [Script] [Vehicle] 575438; onLeaveWorld(); (, 1171559499139, 341)
2023-05-08 19:51:21.331: INFO: [Script] [root] id, (575438,); (, 1171559499139, 385)
2023-05-08 19:51:27.982: INFO: [Script] [UserDataGate.__onParticipantPresenceUpdated] 2021936660, (2, 2, 0); (, 79959818385813, 77)
2023-05-08 19:51:40.463: INFO: [Script] [Vehicle] 575447; onLeaveWorld(); (, 1171559499139, 341)
2023-05-08 19:51:40.463: INFO: [Script] [root] id, (575447,); (, 1171559499139, 385)
2023-05-08 19:51:40.466: INFO: [Script] [UserDataGate.__onParticipantPresenceUpdated] 2021936660, (2, 0, 5); (, 79959818385813, 77)
2023-05-08 19:51:42.134: INFO: [Script] [UserDataGate.__onParticipantPresenceUpdated] 2020947667, (2, 2, 0); (, 79959818385813, 77)
2023-05-08 19:52:18.771: INFO: [Script] [Vehicle] 575444; EnterWorld, ('Ship: PRSC103_Bogatyr',); (, 1168145454956, 1217)
2023-05-08 19:52:18.771: INFO: [Script] [team id] 1; (, 1168145454956, 1285)
2023-05-08 19:52:19.282: INFO: [Script] [Init timings] 575444; Ship: PRSC103_Bogatyr, ('prerequisites request: 0.00', 'prerequisites load time: 0.00', 'enterWorld time: 0.00', 'makeVisible time: 0.51', 'Become visible total time: 0.51'); (, 15835808770155, 101)
2023-05-08 19:53:47.767: INFO: [Script] [Vehicle] 575438; EnterWorld, ('Ship: PASC004_St_Louis_1906',); (, 1168145454956, 1217)
2023-05-08 19:53:47.767: INFO: [Script] [team id] 1; (, 1168145454956, 1285)
2023-05-08 19:53:48.137: INFO: [Script] [Init timings] 575438; Ship: PASC004_St_Louis_1906, ('prerequisites request: 0.00', 'prerequisites load time: 0.00', 'enterWorld time: 0.00', 'makeVisible time: 0.37', 'Become visible total time: 0.37'); (, 15835808770155, 101)
2023-05-08 19:54:00.757: INFO: [Script] [Vehicle] 575448; onLeaveWorld(); (, 1171559499139, 341)
2023-05-08 19:54:00.757: INFO: [Script] [root] id, (575448,); (, 1171559499139, 385)
2023-05-08 19:54:24.557: WARNING: [Other] Could not find handler for gui/battle_hud/capture_points/CaptureIndicatorCross.png
2023-05-08 19:54:34.052: INFO: [Script] [Vehicle] id = 575442, teamId = 0, typeDeath = 18; (, 498303936408, 1034)
2023-05-08 19:54:34.058: INFO: [Script] [Vehicle] 575448; EnterWorld, ('Ship: PBSB203_Indefatigable',); (, 1168145454956, 1217)
2023-05-08 19:54:34.058: INFO: [Script] [team id] 0; (, 1168145454956, 1285)
2023-05-08 19:54:34.243: WARNING: [Other] Could not find handler for gui/ship_bars/PVSC103_h_bgdead.png
2023-05-08 19:54:34.244: WARNING: [Other] Could not find handler for DogTag
2023-05-08 19:54:34.244: WARNING: [Scaleform] Warning: ImageCreator::LoadProtocolImage failed to load image "img://embedded:DogTag?text=[SSR-I]&font=medium/"
2023-05-08 19:54:34.423: INFO: [Script] [Init timings] 575448; Ship: PBSB203_Indefatigable, ('prerequisites request: 0.00', 'prerequisites load time: 0.00', 'enterWorld time: 0.00', 'makeVisible time: 0.37', 'Become visible total time: 0.37'); (, 15835808770155, 101)
2023-05-08 19:54:34.472: INFO: [Script] [Vehicle] 575444; onLeaveWorld(); (, 1171559499139, 341)
2023-05-08 19:54:34.472: INFO: [Script] [root] id, (575444,); (, 1171559499139, 385)
2023-05-08 19:54:34.653: INFO: [Script] [CameraBase] setMode, ('Spectator',); (, 13624568824924, 126)
2023-05-08 19:54:35.612: INFO: [Script] [Vehicle] 575438; onLeaveWorld(); (, 1171559499139, 341)
2023-05-08 19:54:35.612: INFO: [Script] [root] id, (575438,); (, 1171559499139, 385)
2023-05-08 19:54:37.336: INFO: [Script] [Vehicle] 575438; EnterWorld, ('Ship: PASC004_St_Louis_1906',); (, 1168145454956, 1217)
2023-05-08 19:54:37.336: INFO: [Script] [team id] 1; (, 1168145454956, 1285)
2023-05-08 19:54:37.706: INFO: [Script] [Init timings] 575438; Ship: PASC004_St_Louis_1906, ('prerequisites request: 0.00', 'prerequisites load time: 0.00', 'enterWorld time: 0.00', 'makeVisible time: 0.37', 'Become visible total time: 0.37'); (, 15835808770155, 101)
2023-05-08 19:54:39.614: INFO: [Script] [Vehicle] 575438; onLeaveWorld(); (, 1171559499139, 341)
2023-05-08 19:54:39.614: INFO: [Script] [root] id, (575438,); (, 1171559499139, 385)
2023-05-08 19:54:41.326: INFO: [Script] [Vehicle] 575438; EnterWorld, ('Ship: PASC004_St_Louis_1906',); (, 1168145454956, 1217)
2023-05-08 19:54:41.326: INFO: [Script] [team id] 1; (, 1168145454956, 1285)
2023-05-08 19:54:41.556: INFO: [Script] [Init timings] 575438; Ship: PASC004_St_Louis_1906, ('prerequisites request: 0.00', 'prerequisites load time: 0.00', 'enterWorld time: 0.00', 'makeVisible time: 0.23', 'Become visible total time: 0.23'); (, 15835808770155, 101)
2023-05-08 19:54:43.624: INFO: [Script] [Vehicle] 575438; onLeaveWorld(); (, 1171559499139, 341)
2023-05-08 19:54:43.624: INFO: [Script] [root] id, (575438,); (, 1171559499139, 385)
2023-05-08 19:55:49.936: INFO: [Script] [Avatar] battle finish - Defeat; (, 10545365693580, 236)
2023-05-08 19:55:49.937: INFO: [Script] [SND] WindowClosed, ('Battle',); (, 26032706214262, 166)
2023-05-08 19:55:49.952: ERROR: [ScaleformRenderer] Scaleform::Manager::destroySharedTexture -- could not find shared texture named SharedTexture_RenderedWorld
2023-05-08 19:55:50.283: INFO: [Script] [Avatar] setFpsGathererActive(False); (, 10480066326144, 101)
2023-05-08 19:55:51.357: ERROR: [Entity] Entity.base is only available on the connected entity
2023-05-08 19:55:51.357: ERROR: [Connection] Can only call base methods on the connected entity
2023-05-08 19:55:51.359: INFO: [Script] [BattleLogic] 575436; onLeaveWorld(); (, 10209258942772, 44)
2023-05-08 19:55:51.359: WARNING: [Script] [Avatar] FORCE STOP BATTLE; (, 10557398818175, 110)
2023-05-08 19:55:51.359: INFO: [Script] [Vehicle] 575440; onLeaveWorld(); (, 1171559499139, 341)
2023-05-08 19:55:51.359: INFO: [Script] [root] id, (575440,); (, 1171559499139, 385)
2023-05-08 19:55:51.361: WARNING: [Script] [Avatar] FORCE STOP BATTLE; (, 10557398818175, 110)
2023-05-08 19:55:51.364: INFO: [Script] [WorldObjectCache] Objects not returned to pool: Incomings 0, Airplanes 0, Scenario 0; (, 1169247510618, 52)
2023-05-08 19:55:51.364: INFO: [Script] [Vehicle] 575442; onLeaveWorld(); (, 1171559499139, 341)
2023-05-08 19:55:51.364: INFO: [Script] [root] id, (575442,); (, 1171559499139, 385)
2023-05-08 19:55:51.366: INFO: [Script] [Vehicle] 575448; onLeaveWorld(); (, 1171559499139, 341)
2023-05-08 19:55:51.366: INFO: [Script] [root] id, (575448,); (, 1171559499139, 385)
2023-05-08 19:55:51.934: INFO: [Script] [XmppChat] joinClanChannel(), (2000020641,); (, 19031469990035, 31)
2023-05-08 19:55:51.936: INFO: [Script] [root] UserDataGate.onGetConnection; (, 9049828584282, 21)
2023-05-08 19:55:51.936: INFO: [Script] [UserDataGate.onGetConnection():] 2011774448, ([Entity: id:11048 ['accountSelf', 'accountRealm', 'accountSimple', 'incompleteAccount', 'accountName', 'accountRank', 'accountLevel', 'accountLevelPoints', 'accountInfo', 'accountStatus', 'teamKiller', 'channelParticipant', 'dogTagView', 'clanman', 'clanmanSupplyInfo']],); (, 9050035250113, 139)
2023-05-08 19:55:51.943: INFO: [Script] [BrawlSeasonsManager] timestamp = 1683539750 (weekday = 0, seconds = 35750); (, 64779236454300, 371)
2023-05-08 19:55:51.943: INFO: [Script] [BrawlSeasonsManager] Active brawl battles season 47(1683504000-1684090800) has been found, 551050 seconds before season deactivation; (, 64779236454300, 742)
2023-05-08 19:55:51.943: INFO: [Script] [BrawlSeasonsManager] The prime time 0(0:3600-64800) is active; (, 64779236454300, 786)
2023-05-08 19:55:51.943: INFO: [Script] [BrawlSeasonsManager] Prime time deactivation has been scheduled in 29050 seconds; (, 64779236454300, 829)
2023-05-08 19:55:51.947: INFO: [Script] [StatsProxy] receiveAbuseStatus(): prev: 0, received: {'abuseStatus': 0, 'battlesToClean': 0, 'statuses': {'tkill': 0, 'leaver': 0, 'afk': 0, 'tshots': 0}, 'warnings': set([])}; (, 74179198374966, 203)
2023-05-08 19:55:51.959: INFO: [Script] [PORT SYSTEM] __updateForcedPorts [[Entity: id:11262 ['port', 'forcedPort']], [Entity: id:11263 ['port', 'forcedPort']]] canForce True arcEventState None; (, 36615462604558, 129)
2023-05-08 19:55:51.959: INFO: [Script] [PORT SYSTEM] __doUpdateCurrentPort dry; (, 36619663181282, 16)
2023-05-08 19:55:51.959: INFO: [Script] [PORT] DockProxy setPortPreset portIdArc dry self.portPreset dry value dry; (, 7164572912558, 43)
2023-05-08 19:55:51.972: INFO: [Script] [PORT SYSTEM] __updateForcedPorts [[Entity: id:11262 ['port', 'forcedPort']], [Entity: id:11263 ['port', 'forcedPort']]] canForce True arcEventState None; (, 36615462604558, 129)
2023-05-08 19:55:51.972: INFO: [Script] [PORT SYSTEM] __doUpdateCurrentPort dry; (, 36619663181282, 16)
2023-05-08 19:55:51.972: INFO: [Script] [PORT] DockProxy setPortPreset portIdArc dry self.portPreset dry value dry; (, 7164572912558, 43)
2023-05-08 19:55:51.973: INFO: [Script] [PORT SYSTEM] __updateForcedPorts [[Entity: id:11262 ['port', 'forcedPort']], [Entity: id:11263 ['port', 'forcedPort']]] canForce True arcEventState None; (, 36615462604558, 129)
2023-05-08 19:55:51.973: INFO: [Script] [PORT SYSTEM] __doUpdateCurrentPort dry; (, 36619663181282, 16)
2023-05-08 19:55:51.973: INFO: [Script] [PORT] DockProxy setPortPreset portIdArc dry self.portPreset dry value dry; (, 7164572912558, 43)
2023-05-08 19:55:51.973: INFO: [Script] [ShutDownCommon] ShutDownCommon.onShutdownTime:, (0, 0, 0, 'PlayerAccount'); (, 75596284726682, 138)
2023-05-08 19:55:51.973: INFO: [Script] [Account] received stream, path: ('receiveBattleResults',); (, 1929616152381, 106)
2023-05-08 19:55:51.993: INFO: [Script] [Account] Battle results received. Arena ID: 2471476189512523; (, 1503695917759, 50)
2023-05-08 19:55:52.004: INFO: [Script] [Post Battle Window] Battle results received. Arena ID: 2471476189512523; (, 44024230910511, 186)
2023-05-08 19:55:52.016: INFO: [Script] [Account] received stream, path: ('onClanUpdate',); (, 1929616152381, 106)
2023-05-08 19:55:52.016: INFO: [Script] [ClanDataHubUtils] _addCWarsInfo , ({'clanMaxPreparationProgress': 103900, 'clanPreparationProgress': 31045, 'stage': u'preparation'},); (, 76291966657192, 120)
2023-05-08 19:55:52.016: INFO: [Script] [Account] received stream, path: ('onGetSystemMessage',); (, 1929616152381, 106)
2023-05-08 19:55:52.016: INFO: [Script] [MES] __onGetSystemMessageFromAccount, ({'importance': 2, 'typeId': 5, 'dt': 1683539750, 'postponed': False, 'data': {'aogasFactor': 1.0, 'gameMode': 7, 'isLeaver': False, 'teamId': 0, 'sseTasksInfo': (0, 0), 'bonusCurrency': {}, 'shipId': 4186879312L, 'isAFK': False, 'mapTypeId': 1, 'killerWeapon': 2, 'teamLadderPlace': 2, 'winnerTeamId': 1, 'hasArc': False, 'achievements': ((4288865200L, 1), (4290962352L, 1)), 'shipsKilled': 2, 'teamBuildTypeId': 0, 'credits': 150686, 'accLeveling': (17, 17, 6388, 1), 'expPenalty': 0, 'arenaUniqueID': 2471476189512523L, 'creditsPenalty': 0, 'creditsCompensation': 0, 'exp': 1370, 'isTShooter': False, 'battleCreateTime': 1683538803}},); (, 46210074431659, 66)
2023-05-08 19:55:52.016: INFO: [Script] [[MES] __addInfoToMessage] {'typeId': 5, 'exp': 1370, 'rankStarsDeltaChange': 0, 'aogasFactor': 1.0, 'mapBGPath': '../maps_bg/01_solomon_islands.jpg', 'operationName': '', 'isFarming': False, 'earnedAchievements': [{'amount': 1, 'id': 4288865200L}, {'amount': 1, 'id': 4290962352L}], 'header': 'IDS_SYS_MESSAGE_HEADER_MS_ACC_BATTLE_RESULTS_0', 'teamId': 0, 'result': 0, 'sseTasksInfo': (0, 0), 'bonusCurrency': {}, 'shipId': 4186879312L, 'uiSpecial': True, 'gameMode': 7, 'mapTypeId': 1, 'isAFK': False, 'accountLeveling': {'expGained': 1, 'currLevel': 17, 'prevLevel': 17, 'currLevelExp': 200, 'expTotal': 6389, 'nextLevelExp': 200}, 'curTasksCompleted': 0, 'mapName': 'IDS_SPACES/01_SOLOMON_ISLANDS', 'killerWeapon': 2, 'shipLevelRome': 'III', 'teamLadderPlace': 2, 'winnerTeamId': 1, 'hasArc': False, 'achievements': ((4288865200L, 1), (4290962352L, 1)), 'isPremium': False, 'shipName': 'IDS_PVSC103', 'isLeaver': False, 'shipsKilled': 2, 'importance': 2, 'teamBuildTypeId': 0, 'idInGroup': 0, 'shipTypeIDS': 'IDS_CRUISER', 'credits': 150686, 'isElite': True, 'date': '08.05.2023 19:40', 'dt': 1683539750, 'groupId': 3, 'accLeveling': (17, 17, 6388, 1), 'expPenalty': 0, 'arenaUniqueID': 2471476189512523L, 'scenario': '', 'sourceId': 0, 'creditsPenalty': 0, 'creditsCompensation': 0, 'viaMM': False, 'rankBattlesSeasonId': 0, 'shipType': 'Cruiser', 'stypeIdent': 'Cruiser', 'isTShooter': False, 'postponed': False, 'battleCreateTime': 1683538803, 'rankDeltaChange': 0}; (, 46232061219946, 341)
2023-05-08 19:55:52.016: INFO: [Script] [Account] received stream, path: ('onGetSystemMessage',); (, 1929616152381, 106)
2023-05-08 19:55:52.016: INFO: [Script] [MES] __onGetSystemMessageFromAccount, ({'importance': 2, 'typeId': 4, 'dt': 1683539750, 'postponed': False, 'data': {'costShell': 3430, 'shipId': 4186879312L, 'result': False, 'costRepair': 2550}},); (, 46210074431659, 66)
2023-05-08 19:55:52.016: INFO: [Script] [[MES] __addInfoToMessage] {'typeId': 4, 'isFarming': False, 'header': 'IDS_SYS_MESSAGE_HEADER_MS_ACC_SHIP_SERVE', 'costShell': 3430, 'result': False, 'shipId': 4186879312L, 'uiSpecial': True, 'shipLevelRome': 'III', 'isPremium': False, 'shipName': 'IDS_PVSC103', 'shipType': 'Cruiser', 'importance': 2, 'idInGroup': 4, 'shipTypeIDS': 'IDS_CRUISER', 'isElite': True, 'dt': 1683539750, 'groupId': 5, 'costTotal': 5980, 'sourceId': 0, 'costRepair': 2550, 'stypeIdent': 'Cruiser', 'postponed': False}; (, 46232061219946, 341)
2023-05-08 19:55:52.016: INFO: [Script] [Account] received stream, path: ('onRewardsRestored',); (, 1929616152381, 106)
2023-05-08 19:55:52.072: INFO: [Script] [Account] received stream, path: ('onClanUpdate',); (, 1929616152381, 106)
2023-05-08 19:55:52.072: INFO: [Script] [ClanDataHubUtils] _addCWarsInfo , ({'clanMaxPreparationProgress': 103900, 'clanPreparationProgress': 31835, 'stage': u'preparation'},); (, 76291966657192, 120)
2023-05-08 19:55:52.210: INFO: [Script] [Account] received stream, path: ('onGetAccountStats',); (, 1929616152381, 106)
2023-05-08 19:55:52.210: INFO: [Script] [StatsProxy] keys: ['dossier', 'accPoints']; (, 1529658661587, 137)
2023-05-08 19:55:52.215: INFO: [Script] [AccountLevelingProxy] onGetAccountStats():, ((17, 6388), (17, 6389)); (, 1525870438316, 343)
2023-05-08 19:55:52.221: INFO: [Script] [ClanBattleSeasonSystem] has no active season; (, 38939675754555, 36)
2023-05-08 19:55:52.345: INFO: [Script] [Account] received stream, path: ('receiveReferralInfo',); (, 1929616152381, 106)
2023-05-08 19:55:52.439: INFO: [Script] [UserDataGate.__onParticipantPresenceUpdated] 2011774448, (2, 2, 0); (, 79959818385813, 77)
2023-05-08 19:55:52.642: ERROR: [Script] [prospective_event] Expected error: code=403, content: {u'error': u'Forbidden'}; (, 68479891129675, 80)
2023-05-08 19:55:52.642: ERROR: [Script] [prospective_event] Unexpected error with http code: 403; (, 68312023367646, 46)
2023-05-08 19:55:52.642: INFO: [Script] [Account] received stream, path: ('UserDataComponent', 'onGetUsersData'); (, 1929616152381, 106)
2023-05-08 19:55:52.776: INFO: [Script] [Account] received stream, path: ('UserDataComponent', 'onGetUserListClanData'); (, 1929616152381, 106)
2023-05-08 19:55:52.776: INFO: [Script] [UserDataGate.__onGetUserlistClanData] {2014968526: {'color': 11776947, 'league': None, 'tag': 'IDK', 'name': '404: Creativity Not Found', 'id': 2000013137}}; (, 6795187857542, 107)
2023-05-08 19:55:53.044: INFO: [Script] [WebSocketSource] Connected to server openresty; (, 76583806256980, 12)
2023-05-08 19:55:53.364: WARNING: [Script] [XmppChat] joinChannel, ('already joined', 'clan-2000020641@clans.wows.wowsasia.loc'); (, 18769746556653, 230)
2023-05-08 19:55:53.364: INFO: [Script] [UserDataGate.__onChannelParticipantAdded:] 2011774448, ('HenryQuan', 2); (, 79955717465534, 18)
2023-05-08 19:55:53.364: INFO: [Script] [UserDataGate.__onChannelParticipantAdded:] 2019830723, ('BLHX_404', 2); (, 79955717465534, 18)
2023-05-08 19:55:53.364: INFO: [Script] [UserDataGate.__onChannelParticipantAdded:] 2020947667, ('Rozaria_Delta', 2); (, 79955717465534, 18)
2023-05-08 19:55:53.364: INFO: [Script] [UserDataGate.__onChannelParticipantAdded:] 2027712925, ('POD_G', 2); (, 79955717465534, 18)
2023-05-08 19:55:57.766: INFO: [Script] [Account] received stream, path: ('UserDataComponent', 'onGetUsersData'); (, 1929616152381, 106)
2023-05-08 19:55:57.911: INFO: [Script] [Account] received stream, path: ('UserDataComponent', 'onGetUserListClanData'); (, 1929616152381, 106)
2023-05-08 19:55:57.912: INFO: [Script] [UserDataGate.__onGetUserlistClanData] {2008603297: None, 2019830723: {'color': 14931616, 'league': None, 'tag': 'ICBC', 'id': 2000020641, 'name': 'INDUSTRIAL AND COMMERCIAL BANK OF CHIN'}, 2019205286: {'color': 14931616, 'league': None, 'tag': 'NJU', 'id': 2000020070, 'name': 'World of warships fleet of Nanjing University'}, 2027786630: {'color': 11776947, 'league': None, 'tag': 'NIER_', 'id': 2000025382, 'name': '\xe2\x80\x93ARS NOVA\xe2\x80\x93'}, 2008384295: {'color': 12511165, 'league': None, 'tag': 'LIEBE', 'id': 2000019333, 'name': 'Ich liebe dich'}, 2017207532: {'color': 13408614, 'league': None, 'tag': 'KOOKA', 'id': 2000016217, 'name': 'KOOKA NAVAL FORCE'}, 2022515210: {'color': 14931616, 'league': None, 'tag': 'YU_RI', 'id': 2000022706, 'name': '\xe7\xba\xb7\xe9\xa3\x9e\xe8\x80\x8c\xe4\xb8\x8b\xe7\x9a\x84\xe6\xb4\x81\xe7\x99\xbd\xe4\xb9\x8b\xe9\x9b\xaa'}, 2009397831: {'color': 13427940, 'league': None, 'tag': 'MGP', 'id': 2000022010, 'name': 'MegaartyP'}, 2023479148: {'color': 14931616, 'league': None, 'tag': 'YU_RI', 'id': 2000022706, 'name': '\xe7\xba\xb7\xe9\xa3\x9e\xe8\x80\x8c\xe4\xb8\x8b\xe7\x9a\x84\xe6\xb4\x81\xe7\x99\xbd\xe4\xb9\x8b\xe9\x9b\xaa'}, 2018048971: {'color': 13408614, 'league': None, 'tag': 'CTD', 'id': 2000022439, 'name': 'Captain Diner (Retreat of the Pacific Rim Group)'}, 2027712925: {'color': 14931616, 'league': None, 'tag': 'ICBC', 'id': 2000020641, 'name': 'INDUSTRIAL AND COMMERCIAL BANK OF CHIN'}, 2025033328: {'color': 13477119, 'league': None, 'tag': 'AYAYA', 'id': 2000010726, 'name': 'Lolita'}, 2020947667: {'color': 14931616, 'league': None, 'tag': 'ICBC', 'id': 2000020641, 'name': 'INDUSTRIAL AND COMMERCIAL BANK OF CHIN'}, 2031996630: None, 2018559096: None, 2023752989: {'color': 14931616, 'league': None, 'tag': 'YU_RI', 'id': 2000022706, 'name': '\xe7\xba\xb7\xe9\xa3\x9e\xe8\x80\x8c\xe4\xb8\x8b\xe7\x9a\x84\xe6\xb4\x81\xe7\x99\xbd\xe4\xb9\x8b\xe9\x9b\xaa'}, 2014121759: {'color': 11776947, 'league': None, 'tag': 'CICN', 'id': 2000007969, 'name': 'CHILLI CHICKEN'}}; (, 6795187857542, 107)
2023-05-08 19:56:15.281: INFO: [Script] [SND] WindowClosed, ('ResultsScreen',); (, 26032706214262, 166)
2023-05-08 19:56:15.281: INFO: [Script] [SND] WindowClosed, ('ModalWindowSceneScreenshotTexture',); (, 26032706214262, 166)
2023-05-08 19:56:15.285: NOTICE: [FX] particles/Empty_FX.xml/high already in the FX cache
2023-05-08 19:56:15.285: INFO: [Script] [root] Create space, ('spaces/dock_dry',); (, 8319902351040, 129)
2023-05-08 19:56:15.288: INFO: [Script] [root] Create space, ('spaces/Exterior',); (, 8319902351040, 129)
2023-05-08 19:56:15.495: INFO: [Script] [Dock.onEvent:] action.ttxShipIdChanged, (4186879312.0,); (, 17891474837485, 551)
2023-05-08 19:56:15.790: ASSET: [Moo] Material content/ports/building/industrial/textures/OBI027.mfm : property 'detailMap' not found in shader shaders/std_effects/legacy_blaze_material.fx ; you may remove 'detailMap' entry from the .mfm file
2023-05-08 19:56:15.880: INFO: [Script] [Dock.setCurrentShipIdForModuleInset:] 4186879312, ('currentShipIdForModuleInset=', 4186879312L); (, 44316013810096, 107)
2023-05-08 19:56:16.121: INFO: [Script] [ClientLobbySpace] Space dry loaded; (, 50058802634115, 281)
2023-05-08 19:56:16.121: INFO: [Script] [ShipMotions] map: dock_dry, period: 1.0, multiplier: 0.0; (, 2019070958202, 105)
2023-05-08 19:56:16.122: INFO: [Script] [CameraBase] setMode, ('Dock',); (, 13624568824924, 126)
2023-05-08 19:56:16.123: INFO: [Script] [ClientLobbyShip] Change ship to PVSC103_Vicente_Guerrero with exterior -1. Should create models: True; (, 50170673170836, 209)
2023-05-08 19:56:16.215: INFO: [Script] [DockContext] ui dockReady; (, 44268361119790, 9)
2023-05-08 19:56:16.443: INFO: [Script] [LootboxModel] refreshBargeModel, (BigWorld.Model at 0x000001BD203399C8, None); (, 8643348736371, 238)
2023-05-08 19:56:17.660: INFO: [Script] [SND] WindowClosed, ('WaitingWindow',); (, 26032706214262, 166)
2023-05-08 19:56:21.394: INFO: [Script] [SND] WindowClosed, ('LobbyMenu',); (, 26032706214262, 166)
2023-05-08 19:56:23.742: INFO: [Script] [SND] WindowClosed, ('LobbyMenu',); (, 26032706214262, 166)
2023-05-08 19:56:24.671: INFO: [Script] [SND] WindowClosed, ('ConfirmExitGameModalWindow',); (, 26032706214262, 166)
2023-05-08 19:56:26.419: INFO: [Script] [SND] WindowClosed, ('ChatNotificationsPanel',); (, 26032706214262, 166)
2023-05-08 19:56:26.419: INFO: [Script] [SND] WindowClosed, ('ModalWindowPVEOperationChooser',); (, 26032706214262, 166)
2023-05-08 19:56:26.419: INFO: [Script] [SND] WindowClosed, ('ModalWindowBattleTypeChooser',); (, 26032706214262, 166)
2023-05-08 19:56:26.419: INFO: [Script] [SND] WindowClosed, ('ShipsCarouselPanel',); (, 26032706214262, 166)
2023-05-08 19:56:26.419: INFO: [Script] [SND] WindowClosed, ('ShipTTXPanelDock',); (, 26032706214262, 166)
2023-05-08 19:56:26.419: INFO: [Script] [SND] WindowClosed, ('Dock',); (, 26032706214262, 166)
2023-05-08 19:56:26.421: INFO: [Script] [ClientLobbySpace] Lobby destroy started.; (, 889763136786, 177)
2023-05-08 19:56:26.423: INFO: [Script] [ClientLobbySpace] Dock destroy started.; (, 50213139212771, 23)
2023-05-08 19:56:26.423: INFO: [Script] [ClientLobbySpace] Dock successfully destroyed.; (, 50213139212771, 168)
2023-05-08 19:56:26.430: INFO: [Script] [ClientLobbySpace] Lobby successfully destroyed.; (, 889763136786, 140)
2023-05-08 19:56:26.430: INFO: [Script] [TrainingRoomsContext] cleanup; (, 56380050125, 22)
2023-05-08 19:56:26.434: INFO: [Script] [ClanBattleSeasonSystem] is out of context; (, 9694229065198, 75)
2023-05-08 19:56:26.453: INFO: [Script] [PrimeTimeContext] fini; (, 374114243226, 102)
2023-05-08 19:56:26.476: INFO: [Script] [PreBattlePlayerSystem] out of context; (, 9694254136229, 12)
2023-05-08 19:56:26.508: INFO: [Script] [ConnectionControl] Clearing all; shouldDisconnect=True; (, 5906277562623, 27)
2023-05-08 19:56:26.508: INFO: [Script] [root] ClanProxy.onLostConnection; (, 6820661884481, 19)
2023-05-08 19:56:26.508: INFO: [Script] [ClanProxy] cleanup(); (, 56564657649, 12)
2023-05-08 19:56:26.508: ERROR: [Script] [XmppChat] handleChannelError, ('room destroyed', 'clan-2000020641@clans.wows.wowsasia.loc', 6); (, 18973691185089, 36)
2023-05-08 19:56:26.508: INFO: [Script] [root] EventBattlesClient.onLostConnection; (, 6820661884481, 19)
2023-05-08 19:56:26.518: INFO: [Script] [root] StatsProxy.onLostConnection; (, 6820661884481, 19)
2023-05-08 19:56:26.518: INFO: [Script] [StatsProxy] cleanup(); (, 56649584639, 136)
2023-05-08 19:56:26.518: INFO: [Script] [root] UIStatisticsProxyClient.onLostConnection; (, 6820661884481, 19)
2023-05-08 19:56:26.518: INFO: [Script] [root] ClientCommonTokensProxy.onLostConnection; (, 6820661884481, 19)
2023-05-08 19:56:26.518: INFO: [Script] [root] SSEProxyCommon.onLostConnection; (, 6820661884481, 19)
2023-05-08 19:56:26.541: INFO: [Script] [root] ReplayManagerClient.onLostConnection; (, 6820661884481, 19)
2023-05-08 19:56:26.541: INFO: [Script] [root] PreBattleInfoHolder.onLostConnection; (, 6820661884481, 19)
2023-05-08 19:56:26.541: INFO: [Script] [root] ShutDownProxy.onLostConnection; (, 6820661884481, 19)
2023-05-08 19:56:26.541: INFO: [Script] [ShutDownProxy] cleanup(); (, 56020225351, 9)
2023-05-08 19:56:26.542: INFO: [XmppChat] deinitialized. 
2023-05-08 19:56:26.542: INFO: [Script] [root] CampaignsProxyClient.onLostConnection; (, 6820661884481, 19)
2023-05-08 19:56:26.542: INFO: [Script] [LootboxProxyCommon] cleanup(); (, 56167068298, 12)
2023-05-08 19:56:26.542: INFO: [Script] [root] PVEScriptsProxyClient.onLostConnection; (, 6820661884481, 19)
2023-05-08 19:56:26.542: INFO: [Script] [PVEDatahubUtils] cleanup(); (, 56316035740, 117)
2023-05-08 19:56:26.544: INFO: [Script] [PVEScriptsProxyCommon] cleanup(); (, 56120925793, 41)
2023-05-08 19:56:26.547: INFO: [Script] [root] RankedProxy.onLostConnection; (, 6820661884481, 19)
2023-05-08 19:56:26.555: INFO: [Script] [root] UserDataGate.onLostConnection; (, 6820661884481, 19)
2023-05-08 19:56:26.555: INFO: [Script] [UserDataGate] cleanup(); (, 56194366091, 44)
2023-05-08 19:56:26.560: INFO: [Script] [root] ShipyardProxyCommon.onLostConnection; (, 6820661884481, 19)
2023-05-08 19:56:26.561: INFO: [Script] [root] ReferralProgramProxyCommon.onLostConnection; (, 6820661884481, 19)
2023-05-08 19:56:26.561: INFO: [Script] [root] ReferralProgramProxyClient.onLostConnection; (, 6820661884481, 19)
2023-05-08 19:56:26.561: INFO: [Script] [PriceListClient] onLostConnection(); (, 6820681825882, 18)
2023-05-08 19:56:26.581: INFO: [Script] [LootboxProxyCommon] cleanup(); (, 56167068298, 12)
2023-05-08 19:56:26.581: INFO: [Script] [root] TrainingRoomsManagerComponent.onLostConnection; (, 6820661884481, 19)
2023-05-08 19:56:26.581: INFO: [Script] [LootboxProxyCommon] cleanup(); (, 56167068298, 12)
2023-05-08 19:56:26.581: INFO: [Script] [root] TrainingRoomsManagerComponent.onLostConnection; (, 6820661884481, 19)
2023-05-08 19:56:27.047: INFO: [Script] [VSEventDataHubUtils] cleanup isFull=True; (, 56397867218, 131)
2023-05-08 19:56:27.276: INFO: [Script] [CommonData] Removing tree nodes; (, 374106853488, 12)
2023-05-08 19:56:27.314: INFO: [Script] [PriceListClient] PriceListClient.kill; (, 498646233208, 86)
2023-05-08 19:56:28.014: WARNING: [Vivox] VivoxSystem::MessageRouter::WaitAll(128): Waiting on Thread Id t.GetId()=12912 CurrentThreadId Thread::GetCurrentThreadId()=25440
2023-05-08 19:56:28.016: WARNING: [Vivox] VivoxSystem::MessageRouter::WaitAll(128): Waiting on Thread Id t.GetId()=28552 CurrentThreadId Thread::GetCurrentThreadId()=25440
2023-05-08 19:56:28.021: INFO: [Gameface] Uninitializing Renoir library!
2023-05-08 19:56:28.022: INFO: [Gameface] Uninitializing COHTML library!
