2023-05-10 22:40:14.406: INFO: [Script] [SND] WindowClosed, ('ModalWindowTrainingRoomsList',); (, 26032706214262, 166)
2023-05-10 22:40:14.406: INFO: [Script] [SND] WindowClosed, ('ModalWindowBattleTypeChooser',); (, 26032706214262, 166)
2023-05-10 22:40:14.406: INFO: [Script] [SND] WindowClosed, ('ShipsCarouselPanel',); (, 26032706214262, 166)
2023-05-10 22:40:14.406: INFO: [Script] [SND] WindowClosed, ('ShipTTXPanelDock',); (, 26032706214262, 166)
2023-05-10 22:40:14.406: INFO: [Script] [SND] WindowClosed, ('Dock',); (, 26032706214262, 166)
2023-05-10 22:40:14.595: INFO: [Script] [ClientLobbyShip] Change ship to PJSD210_Harugumo with exterior -1. Should create models: False; (, 50170673170836, 209)
2023-05-10 22:40:14.665: INFO: [Script] [DockContext] ui dockReady; (, 44268361119790, 9)
2023-05-10 22:40:16.265: INFO: [Script] [Account] received stream, path: ('UserDataComponent', 'onGetUsersData'); (, 1929616152381, 106)
2023-05-10 22:40:16.399: INFO: [Script] [Account] received stream, path: ('UserDataComponent', 'onGetUserListClanData'); (, 1929616152381, 106)
2023-05-10 22:40:16.399: INFO: [Script] [UserDataGate.__onGetUserlistClanData] {2031996630: None}; (, 6795187857542, 107)
2023-05-10 22:40:20.542: INFO: [Script] [TrainingRoomDatahubUtils] creating training room entity, (671919778,); (, 75288222022734, 277)
2023-05-10 22:40:20.546: INFO: [Script] [UserDataGate] __onChannelListReceived, ('prebattle', 8); (, 32603589759405, 18)
2023-05-10 22:40:20.556: INFO: [Script] [TrainingRoomsContext] cleanup; (, 56380050125, 22)
2023-05-10 22:40:20.557: INFO: [Script] [TrainingRoomsContext] training room entity id:, (17121,); (, 47584641270757, 104)
2023-05-10 22:40:20.557: WARNING: [Script] [DirectEventDispatcher] no handlers for event:, (1000, 'with data:', None); (, 48976400484373, 235)
2023-05-10 22:40:20.559: INFO: [Script] [UserDataGate.__onChannelParticipantAdded:] 2011774448, ('HenryQuan', 2); (, 79955717465534, 18)
2023-05-10 22:40:20.559: INFO: [Script] [UserDataGate.__onParticipantPresenceUpdated] 2011774448, (2, 2, 0); (, 79959818385813, 77)
2023-05-10 22:40:20.559: INFO: [Script] [TrainingRoomComponentCommon] TrainingRoomComponent.onGrantsChanged(), (2146955254,); (, 74724005702986, 22)
2023-05-10 22:40:20.559: INFO: [Script] [TrainingRoomComponentCommon] TrainingRoomComponent.onGrantsChanged(), (2146955254,); (, 74724005702986, 22)
2023-05-10 22:40:20.559: INFO: [Script] [Account] received stream, path: ('TrainingRoomComponent', 'receiveInviteesDump'); (, 1929616152381, 106)
2023-05-10 22:40:20.745: INFO: [Script] [Account] received stream, path: ('TrainingRoomComponent', 'receiveTrainingRoomChanges'); (, 1929616152381, 106)
2023-05-10 22:40:21.138: INFO: [Script] [Account] received stream, path: ('UserDataComponent', 'onGetUsersData'); (, 1929616152381, 106)
2023-05-10 22:40:21.258: INFO: [Script] [Account] received stream, path: ('UserDataComponent', 'onGetUserListClanData'); (, 1929616152381, 106)
2023-05-10 22:40:21.259: INFO: [Script] [UserDataGate.__onGetUserlistClanData] {2009669766: {'color': 11776947, 'league': None, 'tag': 'CICN', 'id': 2000007969, 'name': 'CHILLI CHICKEN'}, 2021335212: {'color': 11776947, 'league': None, 'tag': 'RAVEN', 'id': 2000015828, 'name': '[Raven`s]'}, 2013875722: {'color': 13477119, 'league': None, 'tag': '-1S', 'id': 2000024693, 'name': 'Cute Boys In Dresses'}, 2007278861: {'color': 11776947, 'league': None, 'tag': 'CICN', 'id': 2000007969, 'name': 'CHILLI CHICKEN'}, 2011281559: {'color': 12511165, 'league': None, 'tag': 'QUIN', 'id': 2000010708, 'name': 'Quin Unite Imperial Navy'}, 2020937883: {'color': 13408614, 'league': None, 'tag': 'NV', 'id': 2000028237, 'name': 'Novice Village-NOVA ESPORTS'}, 2001092893: {'color': 11776947, 'league': None, 'tag': 'NLG', 'id': 2000008440, 'name': 'NO LIMITZ GAMING'}, 2014121759: {'color': 11776947, 'league': None, 'tag': 'CICN', 'id': 2000007969, 'name': 'CHILLI CHICKEN'}, 2013352481: {'color': 13408614, 'league': None, 'tag': '_AI_', 'id': 2000010703, 'name': "\xe8\x87\xaa\xe5\xbe\x8b\xe6\xa9\x9f\xe8\x83\xbd\xe5\x95\x9f\xe5\x8b\x95. #def _AI_(id,online=True,cw7Q0=False):print('Bot_%s\xe5\xb7\xb2\xe5\x8a\xa0\xe5\x85\xa5\xe9\x9a\x8a\xe4\xbc\x8d' %id)"}, 2009184539: {'color': 11776947, 'league': None, 'tag': 'CICN', 'id': 2000007969, 'name': 'CHILLI CHICKEN'}, 2027786630: {'color': 11776947, 'league': None, 'tag': 'NIER_', 'id': 2000025382, 'name': '\xe2\x80\x93ARS NOVA\xe2\x80\x93'}, 2019205286: {'color': 14931616, 'league': None, 'tag': 'NJU', 'id': 2000020070, 'name': 'World of warships fleet of Nanjing University'}, 2008384295: {'color': 12511165, 'league': None, 'tag': 'LIEBE', 'id': 2000019333, 'name': 'Ich liebe dich'}, 2011637420: {'color': 11776947, 'league': None, 'tag': 'CICN', 'id': 2000007969, 'name': 'CHILLI CHICKEN'}, 2023752989: {'color': 14931616, 'league': None, 'tag': 'YU_RI', 'id': 2000022706, 'name': '\xe7\xba\xb7\xe9\xa3\x9e\xe8\x80\x8c\xe4\xb8\x8b\xe7\x9a\x84\xe6\xb4\x81\xe7\x99\xbd\xe4\xb9\x8b\xe9\x9b\xaa'}, 2011018931: {'color': 11776947, 'league': None, 'tag': 'CICN', 'id': 2000007969, 'name': 'CHILLI CHICKEN'}, 2008370100: {'color': 11776947, 'league': None, 'tag': 'CICN', 'id': 2000007969, 'name': 'CHILLI CHICKEN'}, 2007503031: {'color': 14931616, 'league': None, 'tag': 'ATLAS', 'id': 2000007609, 'name': 'Atlantis'}, 2001205177: {'color': 11776947, 'league': None, 'tag': '1606', 'id': 2000033497, 'name': 'retreat'}, 2022515210: {'color': 14931616, 'league': None, 'tag': 'YU_RI', 'id': 2000022706, 'name': '\xe7\xba\xb7\xe9\xa3\x9e\xe8\x80\x8c\xe4\xb8\x8b\xe7\x9a\x84\xe6\xb4\x81\xe7\x99\xbd\xe4\xb9\x8b\xe9\x9b\xaa'}, 2008948678: {'color': 11776947, 'league': None, 'tag': 'CICN', 'id': 2000007969, 'name': 'CHILLI CHICKEN'}, 2009397831: {'color': 13427940, 'league': None, 'tag': 'MGP', 'id': 2000022010, 'name': 'MegaartyP'}, 2018048971: {'color': 13408614, 'league': None, 'tag': 'CTD', 'id': 2000022439, 'name': 'Captain Diner (Retreat of the Pacific Rim Group)'}, 2023225229: {'color': 13477119, 'league': None, 'tag': 'CATS', 'id': 2000024738, 'name': '\xe6\x88\x91\xe4\xbb\xac\xe4\xb8\x80\xe8\xb5\xb7\xe5\xad\xa6\xe7\x8c\xab\xe5\x8f\xab\xef\xbc\x8c\xe4\xb8\x80\xe8\xb5\xb7\xe5\x96\xb5\xe5\x96\xb5\xe5\x96\xb5\xe5\x96\xb5\xe5\x96\xb5Nya~\xef\xbc\x88<\xe3\x82\x9d\xcf\x89\xe3\x83\xbb\xef\xbc\x89\xe2\x98\x86\xef\xbd\x9e'}, 2017207532: {'color': 13408614, 'league': None, 'tag': 'KOOKA', 'id': 2000016217, 'name': 'KOOKA NAVAL FORCE'}, 2011316326: {'color': 11776947, 'league': None, 'tag': 'FFD-S', 'id': 2000010125, 'name': 'FubukiFubukiDance-Special'}, 2023479148: {'color': 14931616, 'league': None, 'tag': 'YU_RI', 'id': 2000022706, 'name': '\xe7\xba\xb7\xe9\xa3\x9e\xe8\x80\x8c\xe4\xb8\x8b\xe7\x9a\x84\xe6\xb4\x81\xe7\x99\xbd\xe4\xb9\x8b\xe9\x9b\xaa'}, 2009210476: {'color': 11776947, 'league': None, 'tag': 'CICN', 'id': 2000007969, 'name': 'CHILLI CHICKEN'}, 2025033328: {'color': 13477119, 'league': None, 'tag': 'AYAYA', 'id': 2000010726, 'name': 'Lolita'}, 2011322483: {'color': 11776947, 'league': None, 'tag': 'FFD-S', 'id': 2000010125, 'name': 'FubukiFubukiDance-Special'}, 2009094640: {'color': 11776947, 'league': None, 'tag': 'CICN', 'id': 2000007969, 'name': 'CHILLI CHICKEN'}, 2013486077: {'color': 11776947, 'league': None, 'tag': 'CICN', 'id': 2000007969, 'name': 'CHILLI CHICKEN'}, 2018740350: None}; (, 6795187857542, 107)
2023-05-10 22:40:22.816: INFO: [Script] [ClanProxy] getClanTeams send request; (, 76463748529797, 82)
2023-05-10 22:40:23.134: INFO: [Script] [Account] received stream, path: ('receivePreBattles',); (, 1929616152381, 106)
2023-05-10 22:40:27.146: INFO: [Script] [TrainingRoomComponentCommon] TrainingRoomComponent.onGrantsChanged(), (2146955254,); (, 74724005702986, 22)
2023-05-10 22:40:27.147: INFO: [Script] [TrainingRoomComponentCommon] TrainingRoomComponent.onGrantsChanged(), (2146955254,); (, 74724005702986, 22)
2023-05-10 22:40:27.148: INFO: [Script] [Account] received stream, path: ('TrainingRoomComponent', 'receiveTrainingRoomChanges'); (, 1929616152381, 106)
2023-05-10 22:40:29.020: INFO: [Script] [TrainingRoomComponentCommon] TrainingRoomComponent.setReady:, (4074649296L,); (, 59095781958664, 513)
2023-05-10 22:40:29.277: INFO: [Script] [ClientLobbyShip] Change ship to PJSD210_Harugumo with exterior -1. Should create models: False; (, 50170673170836, 209)
2023-05-10 22:40:29.278: INFO: [Script] [ClientLobbyShip] Change ship to PJSD210_Harugumo with exterior -1. Should create models: False; (, 50170673170836, 209)
2023-05-10 22:40:30.428: INFO: [Script] [UserDataGate.__onParticipantPresenceUpdated] 2011774448, (2, 2, 0); (, 79959818385813, 77)
2023-05-10 22:40:31.797: INFO: [Script] [TrainingRoomComponentCommon] 	TrainingRoomComponentCommon.getRestrictions result:, ({'playersInBattle': 0, 'Cruiser': [0, 24, 1], 'Destroyer': [0, 24, 1], 'allowedLevelsInfo': {'list': [], 'range': [1, 10], 'enabled': True}, 'AirCarrier': [0, 3, 0], 'numPlayers': 2, 'maxPlayers': 24, 'refusedQueueTypes': 0, 'Submarine': [0, 24, 0], 'topRankForbidden': False, 'onlyShipGroup': '', 'result': [], 'insufficientAL': False, 'shipGroups': ['start', 'upgradeable'], 'Battleship': [0, 24, 0]},); (, 74220234494847, 664)
2023-05-10 22:40:31.797: INFO: [Script] [TrainingRoomComponentCommon] 	TrainingRoomComponentCommon.validateStart result:, ([0],); (, 74691012797723, 480)
2023-05-10 22:40:32.139: INFO: [Script] [Dock.setCurrentShipIdForModuleInset:] 4074649296, ('currentShipIdForModuleInset=', 4074649296L); (, 44316013810096, 107)
2023-05-10 22:40:32.140: INFO: [Script] [SND] WindowClosed, ('ModalWindowPVEOperationChooser',); (, 26032706214262, 166)
2023-05-10 22:40:32.140: INFO: [Script] [SND] WindowClosed, ('ModalWindowTrainingRoom',); (, 26032706214262, 166)
2023-05-10 22:40:32.143: INFO: [Script] [ClientLobbyShip] Change ship to PJSD210_Harugumo with exterior -1. Should create models: True; (, 50170673170836, 209)
2023-05-10 22:40:32.157: INFO: [Script] [ClientLobbyShip] Change ship to PJSD210_Harugumo with exterior -1. Should create models: False; (, 50170673170836, 209)
2023-05-10 22:40:32.158: INFO: [Script] [ClientLobbyShip] Change ship to PJSD210_Harugumo with exterior -1. Should create models: False; (, 50170673170836, 209)
2023-05-10 22:40:32.158: INFO: [Script] [Account] received stream, path: ('TrainingRoomComponent', 'receiveTrainingRoomChanges'); (, 1929616152381, 106)
2023-05-10 22:40:32.799: INFO: [Script] [UserDataGate.__onParticipantPresenceUpdated] 2011774448, (2, 2, 2); (, 79959818385813, 77)
2023-05-10 22:40:33.250: INFO: [Script] [TrainingRoomsContext] cleanup; (, 56380050125, 22)
2023-05-10 22:40:33.251: INFO: [Script] [TrainingRoomDatahubUtils] remove entity, (671919778,); (, 56322310301, 111)
2023-05-10 22:40:33.251: ERROR: [Script] [XmppChat] handleChannelError, ('room destroyed', 'prebattle', 3); (, 18973691185089, 36)
2023-05-10 22:40:33.749: INFO: [Script] [CameraBase] setMode, ('SnakeTail',); (, 13624568824924, 126)
2023-05-10 22:40:33.750: INFO: [Script] [ClientLobbySpace] Lobby destroy started.; (, 889763136786, 177)
2023-05-10 22:40:33.750: INFO: [Script] [ClientLobbySpace] Dock destroy started.; (, 50213139212771, 23)
2023-05-10 22:40:33.750: INFO: [Script] [ClientLobbySpace] Dock successfully destroyed.; (, 50213139212771, 168)
2023-05-10 22:40:33.756: INFO: [Script] [ClientLobbySpace] Lobby successfully destroyed.; (, 889763136786, 140)
2023-05-10 22:40:33.760: ERROR: [Script] [UserDataGate] Invalid data; (, 80067621657176, 312)
2023-05-10 22:40:33.760: ERROR: [Script] [UserDataGate] Invalid data; (, 80067621657176, 312)
2023-05-10 22:40:33.760: INFO: [Script] [Avatar] Avatar.receiveAvatarInfo:, ({'evaluationsLeft': {0: 12, 1: 12}},); (, 10355579432072, 30)
2023-05-10 22:40:33.760: INFO: [Script] [ShutDownCommon] ShutDownCommon.onShutdownTime:, (0, 0, 0, 'PlayerAvatar'); (, 75596284726682, 138)
2023-05-10 22:40:33.777: INFO: [Script] [team id] 0; (, 1166342594655, 759)
2023-05-10 22:40:33.784: INFO: [Script] [Avatar] onGeometryMapped() MapName:, ('00_CO_ocean',); (, 5214622115511, 34)
2023-05-10 22:40:33.784: INFO: [Script] [teamBuildType: %s] 1; (, 10007912605912, 83)
2023-05-10 22:40:33.784: INFO: [Script] [player info: ] Id: 671587635 TeamId: 0 ShipName: PJSD210_Harugumo dogTag: [4260744112L]; (, 10007912605912, 127)
2023-05-10 22:40:33.784: INFO: [Script] [player info: ] Id: 268369921 TeamId: 1 ShipName: PASC001_Erie_1936 dogTag: [4293905328L, 4293872560L]; (, 10007912605912, 127)
2023-05-10 22:40:33.784: INFO: [Script] [ShipMotions] map: 00_CO_ocean, period: 1.0, multiplier: 1.0; (, 2019070958202, 105)
2023-05-10 22:40:33.784: INFO: [Script] [BattleLogic] 733833; BattleLogic(); (, 10209258942772, 44)
2023-05-10 22:40:33.784: INFO: [Script] [BattleLogic] 733833; onEnterWorld()
Public State: {attentionMarkers: [], clientAnimations: {targetType: 0, ids: []}, controlPoints: [147604, 147605, 147606], entityStates: [], expectedActions: None, weather: {mainWeather: 0, globalWeather: {param: 4291086256L, item: None, notification: None}, localWeather: []}, keyObjects: [], missions: {hold: [{reward: 3, penalty: 0, cpIndices: [0, 1, 2], period: 5}], capture: [], kill: [{reward: 30, penalty: 45, shipType: 'Destroyer'}, {reward: 25, penalty: 40, shipType: 'Submarine'}, {reward: 35, penalty: 50, shipType: 'Cruiser'}, {reward: 40, penalty: 60, shipType: 'Battleship'}, {reward: 45, penalty: 65, shipType: 'AirCarrier'}], reachDestination: [], pullTargets: [], protect: [], teamsScore: [{teamId: 0, score: 300}, {teamId: 1, score: 300}], teamWinScore: 1000, teamLoseScore: 0}, resources: [], minefields: [], successStoryProgress: [], tasks: [], entities: [], effects: [], sounds: [], drop: None, diplomacy: None, uiInfo: {miniMapType: 0}}
Private State: {battleItems: [], triggers: None, diplomacyTickets: None, leveling: None, missions: {reachDestination: [], pullTargets: []}}; (, 10209258942772, 44)
2023-05-10 22:40:33.785: INFO: [Script] [TrainingRoomsContext] cleanup; (, 56380050125, 22)
2023-05-10 22:40:33.789: ERROR: [Script] [Error] ('[ERROR] FeedbackController: empty config for event repair_finished',); (, 52385830448928, 24)
2023-05-10 22:40:33.790: ERROR: [Script] [Error] ('[ERROR] FeedbackController: empty config for event planes_frag_event',); (, 52385830448928, 24)
2023-05-10 22:40:33.790: ERROR: [Script] [Error] ('[ERROR] FeedbackController: empty config for event planes_order_event',); (, 52385830448928, 24)
2023-05-10 22:40:33.790: ERROR: [Script] [Error] ('[ERROR] FeedbackController: empty config for event planes_select',); (, 52385830448928, 24)
2023-05-10 22:40:33.790: INFO: [Script] [BattleDataContext] __onEnterSpace; (, 46413928960879, 198)
2023-05-10 22:40:33.792: ASSET: [Other] ResolveParticle: Effect "." is not found or broken
2023-05-10 22:40:33.795: ERROR: [Other] particles/textures/sfx_fail.tga_1_1_0_8.contours: file not found
2023-05-10 22:40:33.795: ASSET: [FX] fx::unpackBinaryContours: did not found particles/textures/sfx_fail.tga_1_1_0_8.contours for helpers/particles/sfx_fail.xml/high
2023-05-10 22:40:33.991: NOTICE: [FX] particles/Empty_FX.xml/high already in the FX cache
2023-05-10 22:40:34.023: INFO: [Script] [BattleContentPreloader] Add drop visual models to preload. Resource count: 0; (, 41258031690418, 10)
2023-05-10 22:40:34.029: INFO: [Script] [WebSocketSource] Closed, ('openresty', 1000, ''); (, 76592299683115, 18)
2023-05-10 22:40:34.042: INFO: [Script] [SND] WindowClosed, ('WaitingWindow',); (, 26032706214262, 166)
2023-05-10 22:40:34.042: INFO: [Script] [SND] WindowClosed, ('ChatNotificationsPanel',); (, 26032706214262, 166)
2023-05-10 22:40:34.042: INFO: [Script] [SND] WindowClosed, ('RandomBattle',); (, 26032706214262, 166)
2023-05-10 22:40:34.050: INFO: [Scaleform Trace] SwfLoaderInfo.onLoadComplete "minimap.swf"
2023-05-10 22:40:34.138: WARNING: [Other] Could not find handler for gui/maps_bg/00_CO_ocean.jpg
2023-05-10 22:40:34.160: INFO: [Script] [Avatar] changePreBattleGrants(), (2146955254,); (, 1464783134803, 12)
2023-05-10 22:40:34.456: INFO: [Script] [Vehicle] 733835; EnterWorld, ('Ship: PJSD210_Harugumo',); (, 1168145454956, 1217)
2023-05-10 22:40:34.456: INFO: [Script] [team id] 0; (, 1168145454956, 1285)
2023-05-10 22:40:34.475: INFO: [Script] [Avatar] ! A.onFirstVehicleBoard; (, 513906572948, 588)
2023-05-10 22:40:34.518: INFO: [Script] [NavigationCommon] 733835; createNavigationMap, ('', 'PJSD210_Harugumo', 'graph sides: 16', 'cellSize: 6.15', 'speed: 3.37', 'acceleration: 0.51', 'back speed: 1.31', 'backward acceleration: 0.25', 'side speed: 2.67', 'rudder time: 1.64', 'depths: []', 'underwaterHeight: -0.310157775879', 'unpassable cells count: 0', 'total cells count: 38025', 'spaceID: 915'); (, 73835711200882, 228)
2023-05-10 22:40:34.518: INFO: [Script] [BattleReplay] current battle arena info: {"matchGroup": "pvp", "gameMode": 7, "clientVersionFromExe": "12,3,1,6965290", "scenarioUiCategoryId": 0, "eventType": "", "mapDisplayName": "00_CO_ocean", "mapId": 0, "clientVersionFromXml": "12,3,1,6965290", "weatherParams": {"0": ["PCOW003_Cloudy"], "1": ["PCOW003_Cloudy", "PCOW002_Storm"]}, "disabledShipClasses": [], "playersPerTeam": 12, "duration": 1800, "name": "12x12", "scenario": "Domination_3point", "playerID": 0, "vehicles": [{"shipId": 4074649296, "relation": 0, "id": 671587635, "name": "HenryQuan"}, {"shipId": 4293834736, "relation": 2, "id": 268369921, "name": ":Pratt:"}], "gameType": "TrainingBattle", "dateTime": "10.05.2023 22:40:34", "mapName": "spaces/00_CO_ocean", "playerName": "HenryQuan", "scenarioConfigId": 1, "teamsCount": 2, "playerVehicle": "PJSD210-Harugumo", "battleDuration": 1200, "mapBorder": null}; (, 5526725652290, 1003)
2023-05-10 22:40:34.519: INFO: [Script] [BattleDataContext] __onFirstVehicleBoard; (, 34646147650797, 12)
2023-05-10 22:40:34.519: INFO: [Script] [BattleDataContext] __initBattleSystems; (, 46418556520391, 12)
2023-05-10 22:40:34.865: INFO: [Script] [Dock.onEvent:] action.ttxShipIdChanged, (4074649296.0,); (, 17891474837485, 551)
2023-05-10 22:40:34.866: INFO: [Script] [Dock.onEvent:] action.ttxShipIdChanged, (4293834736.0,); (, 17891474837485, 551)
2023-05-10 22:40:35.152: INFO: [Script] [Avatar] Avatar.onWorldStateReceived; (, 10819281670208, 38)
2023-05-10 22:40:35.161: INFO: [Script] [BattleContentPreloader] Starting ally and enemy models and effects cache preload. Resource count: 20; (, 41241381611138, 142)
2023-05-10 22:40:35.212: INFO: [Script] [BattleContentPreloader] Starting ally and enemy miscs cache preload. Resource count: 57; (, 41245628265003, 204)
2023-05-10 22:40:36.502: INFO: [Script] [UserDataGate.__onParticipantPresenceUpdated] 2018944553, (2, 2, 0); (, 79959818385813, 77)
2023-05-10 22:40:48.505: INFO: [Script] [UserDataGate.__onParticipantPresenceUpdated] 2018944553, (2, 2, 2); (, 79959818385813, 77)
2023-05-10 22:41:00.369: INFO: [Script] [SND] WindowClosed, ('LoadingBattle',); (, 26032706214262, 166)
2023-05-10 22:41:01.069: WARNING: [Other] Could not find handler for gui/ship_bars/PJSD210_h_bg.png
2023-05-10 22:41:01.069: WARNING: [Other] Could not find handler for gui/ship_bars/PJSD210_h.png
2023-05-10 22:41:01.069: WARNING: [Other] Could not find handler for gui/battle_hud/own_ship_health/icon_fire_small.png
2023-05-10 22:41:01.069: WARNING: [Other] Could not find handler for gui/battle_hud/own_ship_health/icon_flooding_small.png
2023-05-10 22:41:06.147: INFO: [Script] [Avatar] -= BATTLE STARTED =-; (, 10566576185153, 138)
2023-05-10 22:41:25.713: INFO: [Script] [SND] WindowClosed, ('GameMenu',); (, 26032706214262, 166)
2023-05-10 22:41:26.703: INFO: [Script] [Avatar] setFpsGathererActive(False); (, 10480066326144, 101)
2023-05-10 22:41:26.722: INFO: [Script] [SND] WindowClosed, ('ConfirmExitBattleModalWindow',); (, 26032706214262, 166)
2023-05-10 22:41:27.152: INFO: [Script] [BattleLogic] 733833; onLeaveWorld(); (, 10209258942772, 44)
2023-05-10 22:41:27.152: WARNING: [Script] [Avatar] FORCE STOP BATTLE; (, 10557398818175, 110)
2023-05-10 22:41:27.163: INFO: [Script] [SND] WindowClosed, ('Battle',); (, 26032706214262, 166)
2023-05-10 22:41:27.164: WARNING: [Script] [Avatar] FORCE STOP BATTLE; (, 10557398818175, 110)
2023-05-10 22:41:27.165: INFO: [Script] [WorldObjectCache] Objects not returned to pool: Incomings 0, Airplanes 0, Scenario 0; (, 1169247510618, 52)
2023-05-10 22:41:27.165: INFO: [Script] [Vehicle] 733835; onLeaveWorld(); (, 1171559499139, 341)
2023-05-10 22:41:27.165: INFO: [Script] [root] id, (733835,); (, 1171559499139, 385)
2023-05-10 22:41:27.857: INFO: [Script] [XmppChat] joinClanChannel(), (2000020641,); (, 19031469990035, 31)
2023-05-10 22:41:27.859: INFO: [Script] [root] UserDataGate.onGetConnection; (, 9049828584282, 21)
2023-05-10 22:41:27.860: INFO: [Script] [UserDataGate.onGetConnection():] 2011774448, ([Entity: id:11048 ['accountSelf', 'accountRealm', 'accountSimple', 'incompleteAccount', 'accountName', 'accountRank', 'accountLevel', 'accountLevelPoints', 'accountInfo', 'accountStatus', 'teamKiller', 'preBattlePlayerSimple', 'channelParticipant', 'dogTagView', 'trainingRoomPlayer', 'clanman', 'clanmanSupplyInfo']],); (, 9050035250113, 139)
2023-05-10 22:41:27.866: INFO: [Script] [BrawlSeasonsManager] timestamp = 1683722486 (weekday = 2, seconds = 45686); (, 64779236454300, 371)
2023-05-10 22:41:27.866: INFO: [Script] [BrawlSeasonsManager] Active brawl battles season 47(1683504000-1684090800) has been found, 368314 seconds before season deactivation; (, 64779236454300, 742)
2023-05-10 22:41:27.866: INFO: [Script] [BrawlSeasonsManager] The prime time 2(2:3600-64800) is active; (, 64779236454300, 786)
2023-05-10 22:41:27.867: INFO: [Script] [BrawlSeasonsManager] Prime time deactivation has been scheduled in 19114 seconds; (, 64779236454300, 829)
2023-05-10 22:41:27.869: INFO: [Script] [SND] WindowClosed, ('WaitingWindow',); (, 26032706214262, 166)
2023-05-10 22:41:27.872: NOTICE: [FX] particles/Empty_FX.xml/high already in the FX cache
2023-05-10 22:41:27.872: INFO: [Script] [root] Create space, ('spaces/dock_dry',); (, 8319902351040, 129)
2023-05-10 22:41:27.875: INFO: [Script] [root] Create space, ('spaces/Exterior',); (, 8319902351040, 129)
2023-05-10 22:41:27.883: INFO: [Script] [ShutDownCommon] ShutDownCommon.onShutdownTime:, (0, 0, 0, 'PlayerAccount'); (, 75596284726682, 138)
2023-05-10 22:41:27.883: INFO: [Script] [Account] received stream, path: ('receiveBattleResults',); (, 1929616152381, 106)
2023-05-10 22:41:27.884: INFO: [Script] [Account] Battle results received. Arena ID: 172582059610303; (, 1503695917759, 50)
2023-05-10 22:41:27.885: INFO: [Script] [Account] received stream, path: ('onClanResponse',); (, 1929616152381, 106)
2023-05-10 22:41:27.885: INFO: [Script] [Account] received stream, path: ('TrainingRoomComponent', 'receiveTrainingRoomChanges'); (, 1929616152381, 106)
2023-05-10 22:41:27.885: INFO: [Script] [Account] received stream, path: ('TrainingRoomComponent', 'receiveTrainingRoomChanges'); (, 1929616152381, 106)
2023-05-10 22:41:28.000: INFO: [Script] [Account] received stream, path: ('onGetSystemMessage',); (, 1929616152381, 106)
2023-05-10 22:41:28.000: INFO: [Script] [MES] __onGetSystemMessageFromAccount, ({'importance': 2, 'typeId': 5, 'dt': 1683722487, 'postponed': False, 'data': {'aogasFactor': 1.0, 'gameMode': 7, 'isLeaver': False, 'teamId': 0, 'sseTasksInfo': (0, 0), 'bonusCurrency': {}, 'shipId': 4074649296L, 'isAFK': False, 'mapTypeId': 0, 'killerWeapon': 0, 'teamLadderPlace': 2, 'winnerTeamId': -1, 'hasArc': False, 'achievements': (), 'shipsKilled': 0, 'teamBuildTypeId': 1, 'credits': 0, 'accLeveling': (17, 17, 6389, 0), 'expPenalty': 0, 'arenaUniqueID': 172582059610303L, 'creditsPenalty': 0, 'creditsCompensation': 0, 'exp': 0, 'isTShooter': False, 'battleCreateTime': 1683722465}},); (, 46210074431659, 66)
2023-05-10 22:41:28.000: INFO: [Script] [[MES] __addInfoToMessage] {'typeId': 5, 'exp': 0, 'rankStarsDeltaChange': 0, 'aogasFactor': 1.0, 'mapBGPath': '../maps_bg/00_CO_ocean.jpg', 'operationName': '', 'isFarming': False, 'earnedAchievements': [], 'header': 'IDS_SYS_MESSAGE_HEADER_MS_ACC_BATTLE_RESULTS_2', 'teamId': 0, 'result': 2, 'sseTasksInfo': (0, 0), 'bonusCurrency': {}, 'shipId': 4074649296L, 'uiSpecial': False, 'gameMode': 7, 'mapTypeId': 0, 'isAFK': False, 'accountLeveling': {'expGained': 0, 'currLevel': 17, 'prevLevel': 17, 'currLevelExp': 200, 'expTotal': 6389, 'nextLevelExp': 200}, 'curTasksCompleted': 0, 'mapName': 'IDS_SPACES/00_CO_OCEAN', 'killerWeapon': 0, 'shipLevelRome': 'X', 'teamLadderPlace': 2, 'winnerTeamId': -1, 'hasArc': False, 'achievements': (), 'isPremium': False, 'shipName': 'IDS_PJSD210', 'isLeaver': False, 'shipsKilled': 0, 'importance': 2, 'teamBuildTypeId': 1, 'idInGroup': 0, 'shipTypeIDS': 'IDS_DESTROYER', 'credits': 0, 'isElite': True, 'date': '10.05.2023 22:41', 'dt': 1683722487, 'groupId': 3, 'accLeveling': (17, 17, 6389, 0), 'expPenalty': 0, 'arenaUniqueID': 172582059610303L, 'scenario': '', 'sourceId': 0, 'creditsPenalty': 0, 'creditsCompensation': 0, 'viaMM': False, 'rankBattlesSeasonId': 0, 'shipType': 'Destroyer', 'stypeIdent': 'Destroyer', 'isTShooter': False, 'postponed': False, 'battleCreateTime': 1683722465, 'rankDeltaChange': 0}; (, 46232061219946, 341)
2023-05-10 22:41:28.196: INFO: [Script] [TrainingRoomDatahubUtils] creating training room entity, (671919778,); (, 75288222022734, 277)
2023-05-10 22:41:28.199: INFO: [Script] [UserDataGate] __onChannelListReceived, ('prebattle', 8); (, 32603589759405, 18)
2023-05-10 22:41:28.201: INFO: [Script] [TrainingRoomsContext] cleanup; (, 56380050125, 22)
2023-05-10 22:41:28.202: INFO: [Script] [TrainingRoomsContext] training room entity id:, (17486,); (, 47584641270757, 104)
2023-05-10 22:41:28.203: INFO: [Script] [SND] WindowClosed, ('ModalWindowBattleTypeChooser',); (, 26032706214262, 166)
2023-05-10 22:41:28.203: INFO: [Script] [SND] WindowClosed, ('ShipsCarouselPanel',); (, 26032706214262, 166)
2023-05-10 22:41:28.203: INFO: [Script] [SND] WindowClosed, ('ShipTTXPanelDock',); (, 26032706214262, 166)
2023-05-10 22:41:28.203: INFO: [Script] [SND] WindowClosed, ('Dock',); (, 26032706214262, 166)
2023-05-10 22:41:28.203: INFO: [Script] [SND] WindowClosed, ('WaitingWindow',); (, 26032706214262, 166)
2023-05-10 22:41:28.203: WARNING: [Script] [DirectEventDispatcher] no handlers for event:, (1000, 'with data:', None); (, 48976400484373, 235)
2023-05-10 22:41:28.205: INFO: [Script] [UserDataGate.__onChannelParticipantAdded:] 2011774448, ('HenryQuan', 2); (, 79955717465534, 18)
2023-05-10 22:41:28.205: INFO: [Script] [UserDataGate.__onParticipantPresenceUpdated] 2011774448, (2, 2, 0); (, 79959818385813, 77)
2023-05-10 22:41:28.205: INFO: [Script] [Account] received stream, path: ('onRewardsRestored',); (, 1929616152381, 106)
2023-05-10 22:41:28.357: ASSET: [Moo] Material content/ports/building/industrial/textures/OBI027.mfm : property 'detailMap' not found in shader shaders/std_effects/legacy_blaze_material.fx ; you may remove 'detailMap' entry from the .mfm file
2023-05-10 22:41:28.507: INFO: [Script] [Account] received stream, path: ('TrainingRoomComponent', 'receiveInviteesDump'); (, 1929616152381, 106)
2023-05-10 22:41:28.507: INFO: [Script] [Account] received stream, path: ('receiveReferralInfo',); (, 1929616152381, 106)
2023-05-10 22:41:28.508: INFO: [Script] [UserDataGate.__onParticipantPresenceUpdated] 2011774448, (2, 2, 0); (, 79959818385813, 77)
2023-05-10 22:41:28.509: INFO: [Script] [Dock.onEvent:] action.ttxShipIdChanged, (4074649296.0,); (, 17891474837485, 551)
2023-05-10 22:41:29.030: INFO: [Script] [ClientLobbySpace] Space dry loaded; (, 50058802634115, 281)
2023-05-10 22:41:29.030: INFO: [Script] [ShipMotions] map: dock_dry, period: 1.0, multiplier: 0.0; (, 2019070958202, 105)
2023-05-10 22:41:29.030: INFO: [Script] [CameraBase] setMode, ('Dock',); (, 13624568824924, 126)
2023-05-10 22:41:29.034: INFO: [Script] [ClientLobbyShip] Change ship to PJSD210_Harugumo with exterior -1. Should create models: True; (, 50170673170836, 209)
2023-05-10 22:41:29.035: ERROR: [Script] [prospective_event] Expected error: code=403, content: {u'error': u'Forbidden'}; (, 68479891129675, 80)
2023-05-10 22:41:29.036: ERROR: [Script] [prospective_event] Unexpected error with http code: 403; (, 68312023367646, 46)
2023-05-10 22:41:29.040: INFO: [Script] [WebSocketSource] Connected to server openresty; (, 76583806256980, 12)
2023-05-10 22:41:29.048: INFO: [Script] [ClientLobbyShip] Change ship to PJSD210_Harugumo with exterior -1. Should create models: False; (, 50170673170836, 209)
2023-05-10 22:41:29.290: INFO: [Script] [LootboxModel] refreshBargeModel, (BigWorld.Model at 0x000001BFF959BB88, None); (, 8643348736371, 238)
2023-05-10 22:41:29.313: INFO: [Script] [DockContext] ui dockReady; (, 44268361119790, 9)
2023-05-10 22:41:29.406: INFO: [Script] [Account] received stream, path: ('UserDataComponent', 'onGetUsersData'); (, 1929616152381, 106)
2023-05-10 22:41:29.868: WARNING: [Script] [XmppChat] joinChannel, ('already joined', 'clan-2000020641@clans.wows.wowsasia.loc'); (, 18769746556653, 230)
2023-05-10 22:41:29.868: INFO: [Script] [UserDataGate.__onChannelParticipantAdded:] 2008365862, ('AirEagLe', 2); (, 79955717465534, 18)
2023-05-10 22:41:29.868: INFO: [Script] [UserDataGate.__onChannelParticipantAdded:] 2011774448, ('HenryQuan', 2); (, 79955717465534, 18)
2023-05-10 22:41:29.868: INFO: [Script] [UserDataGate.__onChannelParticipantAdded:] 2018944553, ('Mr_Cool_Yang', 2); (, 79955717465534, 18)
2023-05-10 22:41:29.868: INFO: [Script] [UserDataGate.__onChannelParticipantAdded:] 2020776351, ('520pippo', 2); (, 79955717465534, 18)
2023-05-10 22:41:30.560: INFO: [Script] [TrainingRoomComponentCommon] TrainingRoomComponent.setReady:, (4074649296L,); (, 59095781958664, 513)
2023-05-10 22:41:30.844: INFO: [Script] [ClientLobbyShip] Change ship to PJSD210_Harugumo with exterior -1. Should create models: False; (, 50170673170836, 209)
2023-05-10 22:41:30.845: INFO: [Script] [ClientLobbyShip] Change ship to PJSD210_Harugumo with exterior -1. Should create models: False; (, 50170673170836, 209)
2023-05-10 22:41:30.845: INFO: [Script] [UserDataGate.__onParticipantPresenceUpdated] 2011774448, (2, 2, 0); (, 79959818385813, 77)
2023-05-10 22:41:32.418: INFO: [Script] [Account] received stream, path: ('UserDataComponent', 'onGetUserListClanData'); (, 1929616152381, 106)
2023-05-10 22:41:32.419: INFO: [Script] [UserDataGate.__onGetUserlistClanData] {2022515210: {'color': 14931616, 'league': None, 'tag': 'YU_RI', 'id': 2000022706, 'name': '\xe7\xba\xb7\xe9\xa3\x9e\xe8\x80\x8c\xe4\xb8\x8b\xe7\x9a\x84\xe6\xb4\x81\xe7\x99\xbd\xe4\xb9\x8b\xe9\x9b\xaa'}}; (, 6795187857542, 107)
2023-05-10 22:41:34.414: INFO: [Script] [Account] received stream, path: ('UserDataComponent', 'onGetUsersData'); (, 1929616152381, 106)
2023-05-10 22:41:38.821: INFO: [Script] [WebSocketSource] Closed, ('openresty', 1006, ''); (, 76592299683115, 18)
2023-05-10 22:41:43.407: INFO: [Script] [Account] received stream, path: ('UserDataComponent', 'onGetUsersData'); (, 1929616152381, 106)
2023-05-10 22:41:43.544: INFO: [Script] [Account] received stream, path: ('UserDataComponent', 'onGetUserListClanData'); (, 1929616152381, 106)
2023-05-10 22:41:43.545: INFO: [Script] [UserDataGate.__onGetUserlistClanData] {2022515210: {'color': 14931616, 'league': None, 'tag': 'YU_RI', 'id': 2000022706, 'name': '\xe7\xba\xb7\xe9\xa3\x9e\xe8\x80\x8c\xe4\xb8\x8b\xe7\x9a\x84\xe6\xb4\x81\xe7\x99\xbd\xe4\xb9\x8b\xe9\x9b\xaa'}}; (, 6795187857542, 107)
2023-05-10 22:42:01.040: INFO: [Scaleform Trace] SwfLoaderInfo.fini "minimap.swf"
2023-05-10 22:42:04.904: INFO: [Script] [TrainingRoomComponentCommon] 	TrainingRoomComponentCommon.getRestrictions result:, ({'playersInBattle': 0, 'Cruiser': [0, 24, 1], 'Destroyer': [0, 24, 1], 'allowedLevelsInfo': {'list': [], 'range': [1, 10], 'enabled': True}, 'AirCarrier': [0, 3, 0], 'numPlayers': 2, 'maxPlayers': 24, 'refusedQueueTypes': 0, 'Submarine': [0, 24, 0], 'topRankForbidden': False, 'onlyShipGroup': '', 'result': [], 'insufficientAL': False, 'shipGroups': ['start', 'upgradeable'], 'Battleship': [0, 24, 0]},); (, 74220234494847, 664)
2023-05-10 22:42:04.904: INFO: [Script] [TrainingRoomComponentCommon] 	TrainingRoomComponentCommon.validateStart result:, ([0],); (, 74691012797723, 480)
2023-05-10 22:42:05.272: INFO: [Script] [Dock.setCurrentShipIdForModuleInset:] 4074649296, ('currentShipIdForModuleInset=', 4074649296L); (, 44316013810096, 107)
2023-05-10 22:42:05.273: INFO: [Script] [SND] WindowClosed, ('ModalWindowPVEOperationChooser',); (, 26032706214262, 166)
2023-05-10 22:42:05.273: INFO: [Script] [SND] WindowClosed, ('ModalWindowTrainingRoom',); (, 26032706214262, 166)
2023-05-10 22:42:05.276: INFO: [Script] [ClientLobbyShip] Change ship to PJSD210_Harugumo with exterior -1. Should create models: True; (, 50170673170836, 209)
2023-05-10 22:42:05.290: INFO: [Script] [ClientLobbyShip] Change ship to PJSD210_Harugumo with exterior -1. Should create models: False; (, 50170673170836, 209)
2023-05-10 22:42:05.291: INFO: [Script] [ClientLobbyShip] Change ship to PJSD210_Harugumo with exterior -1. Should create models: False; (, 50170673170836, 209)
2023-05-10 22:42:05.291: INFO: [Script] [Account] received stream, path: ('TrainingRoomComponent', 'receiveTrainingRoomChanges'); (, 1929616152381, 106)
2023-05-10 22:42:05.864: INFO: [Script] [UserDataGate.__onParticipantPresenceUpdated] 2011774448, (2, 2, 2); (, 79959818385813, 77)
2023-05-10 22:42:06.350: INFO: [Script] [TrainingRoomsContext] cleanup; (, 56380050125, 22)
2023-05-10 22:42:06.351: INFO: [Script] [TrainingRoomDatahubUtils] remove entity, (671919778,); (, 56322310301, 111)
2023-05-10 22:42:06.352: ERROR: [Script] [XmppChat] handleChannelError, ('room destroyed', 'prebattle', 3); (, 18973691185089, 36)
2023-05-10 22:42:06.856: INFO: [Script] [CameraBase] setMode, ('SnakeTail',); (, 13624568824924, 126)
2023-05-10 22:42:06.857: INFO: [Script] [ClientLobbySpace] Lobby destroy started.; (, 889763136786, 177)
2023-05-10 22:42:06.857: INFO: [Script] [ClientLobbySpace] Dock destroy started.; (, 50213139212771, 23)
2023-05-10 22:42:06.858: INFO: [Script] [ClientLobbySpace] Dock successfully destroyed.; (, 50213139212771, 168)
2023-05-10 22:42:06.864: INFO: [Script] [ClientLobbySpace] Lobby successfully destroyed.; (, 889763136786, 140)
2023-05-10 22:42:06.867: ERROR: [Script] [UserDataGate] Invalid data; (, 80067621657176, 312)
2023-05-10 22:42:06.867: ERROR: [Script] [UserDataGate] Invalid data; (, 80067621657176, 312)
2023-05-10 22:42:06.867: INFO: [Script] [Avatar] Avatar.receiveAvatarInfo:, ({'evaluationsLeft': {0: 12, 1: 12}},); (, 10355579432072, 30)
2023-05-10 22:42:06.867: INFO: [Script] [ShutDownCommon] ShutDownCommon.onShutdownTime:, (0, 0, 0, 'PlayerAvatar'); (, 75596284726682, 138)
2023-05-10 22:42:06.867: INFO: [Script] [team id] 0; (, 1166342594655, 759)
2023-05-10 22:42:06.874: INFO: [Script] [Avatar] onGeometryMapped() MapName:, ('00_CO_ocean',); (, 5214622115511, 34)
2023-05-10 22:42:06.874: INFO: [Script] [teamBuildType: %s] 1; (, 10007912605912, 83)
2023-05-10 22:42:06.874: INFO: [Script] [player info: ] Id: 671587635 TeamId: 0 ShipName: PJSD210_Harugumo dogTag: [4260744112L]; (, 10007912605912, 127)
2023-05-10 22:42:06.874: INFO: [Script] [player info: ] Id: 268369921 TeamId: 1 ShipName: PASC001_Erie_1936 dogTag: [4293905328L, 4293872560L]; (, 10007912605912, 127)
2023-05-10 22:42:06.874: INFO: [Script] [ShipMotions] map: 00_CO_ocean, period: 1.0, multiplier: 1.0; (, 2019070958202, 105)
2023-05-10 22:42:06.878: INFO: [Script] [BattleLogic] 501858; BattleLogic(); (, 10209258942772, 44)
2023-05-10 22:42:06.878: INFO: [Script] [BattleLogic] 501858; onEnterWorld()
Public State: {attentionMarkers: [], clientAnimations: {targetType: 0, ids: []}, controlPoints: [144948, 144949, 144950], entityStates: [], expectedActions: None, weather: {mainWeather: 0, globalWeather: {param: 4291086256L, item: None, notification: None}, localWeather: []}, keyObjects: [], missions: {hold: [{reward: 3, penalty: 0, cpIndices: [0, 1, 2], period: 5}], capture: [], kill: [{reward: 30, penalty: 45, shipType: 'Destroyer'}, {reward: 25, penalty: 40, shipType: 'Submarine'}, {reward: 35, penalty: 50, shipType: 'Cruiser'}, {reward: 40, penalty: 60, shipType: 'Battleship'}, {reward: 45, penalty: 65, shipType: 'AirCarrier'}], reachDestination: [], pullTargets: [], protect: [], teamsScore: [{teamId: 0, score: 300}, {teamId: 1, score: 300}], teamWinScore: 1000, teamLoseScore: 0}, resources: [], minefields: [], successStoryProgress: [], tasks: [], entities: [], effects: [], sounds: [], drop: None, diplomacy: None, uiInfo: {miniMapType: 0}}
Private State: {battleItems: [], triggers: None, diplomacyTickets: None, leveling: None, missions: {reachDestination: [], pullTargets: []}}; (, 10209258942772, 44)
2023-05-10 22:42:06.879: INFO: [Script] [TrainingRoomsContext] cleanup; (, 56380050125, 22)
2023-05-10 22:42:06.883: ERROR: [Script] [Error] ('[ERROR] FeedbackController: empty config for event repair_finished',); (, 52385830448928, 24)
2023-05-10 22:42:06.883: ERROR: [Script] [Error] ('[ERROR] FeedbackController: empty config for event planes_frag_event',); (, 52385830448928, 24)
2023-05-10 22:42:06.883: ERROR: [Script] [Error] ('[ERROR] FeedbackController: empty config for event planes_order_event',); (, 52385830448928, 24)
2023-05-10 22:42:06.883: ERROR: [Script] [Error] ('[ERROR] FeedbackController: empty config for event planes_select',); (, 52385830448928, 24)
2023-05-10 22:42:06.884: INFO: [Script] [BattleDataContext] __onEnterSpace; (, 46413928960879, 198)
2023-05-10 22:42:06.886: ASSET: [Other] ResolveParticle: Effect "." is not found or broken
2023-05-10 22:42:06.886: ASSET: [FX] fx::unpackBinaryContours: did not found particles/textures/sfx_fail.tga_1_1_0_8.contours for helpers/particles/sfx_fail.xml/high
2023-05-10 22:42:07.069: NOTICE: [FX] particles/Empty_FX.xml/high already in the FX cache
2023-05-10 22:42:07.103: INFO: [Script] [BattleContentPreloader] Add drop visual models to preload. Resource count: 0; (, 41258031690418, 10)
2023-05-10 22:42:07.119: INFO: [Script] [SND] WindowClosed, ('WaitingWindow',); (, 26032706214262, 166)
2023-05-10 22:42:07.119: INFO: [Script] [SND] WindowClosed, ('ChatNotificationsPanel',); (, 26032706214262, 166)
2023-05-10 22:42:07.119: INFO: [Script] [SND] WindowClosed, ('RandomBattle',); (, 26032706214262, 166)
2023-05-10 22:42:07.127: INFO: [Scaleform Trace] SwfLoaderInfo.onLoadComplete "minimap.swf"
2023-05-10 22:42:07.184: WARNING: [Other] Could not find handler for gui/maps_bg/00_CO_ocean.jpg
2023-05-10 22:42:07.185: INFO: [Script] [Avatar] changePreBattleGrants(), (2146955254,); (, 1464783134803, 12)
2023-05-10 22:42:07.587: INFO: [Script] [Vehicle] 501860; EnterWorld, ('Ship: PJSD210_Harugumo',); (, 1168145454956, 1217)
2023-05-10 22:42:07.587: INFO: [Script] [team id] 0; (, 1168145454956, 1285)
2023-05-10 22:42:07.604: INFO: [Script] [Avatar] ! A.onFirstVehicleBoard; (, 513906572948, 588)
2023-05-10 22:42:07.646: INFO: [Script] [NavigationCommon] 501860; createNavigationMap, ('', 'PJSD210_Harugumo', 'graph sides: 16', 'cellSize: 6.15', 'speed: 3.37', 'acceleration: 0.51', 'back speed: 1.31', 'backward acceleration: 0.25', 'side speed: 2.67', 'rudder time: 1.64', 'depths: []', 'underwaterHeight: -0.310157775879', 'unpassable cells count: 0', 'total cells count: 38025', 'spaceID: 5728'); (, 73835711200882, 228)
2023-05-10 22:42:07.646: INFO: [Script] [BattleReplay] current battle arena info: {"matchGroup": "pvp", "gameMode": 7, "clientVersionFromExe": "12,3,1,6965290", "scenarioUiCategoryId": 0, "eventType": "", "mapDisplayName": "00_CO_ocean", "mapId": 0, "clientVersionFromXml": "12,3,1,6965290", "weatherParams": {"0": ["PCOW003_Cloudy"], "1": ["PCOW003_Cloudy", "PCOW002_Storm"]}, "disabledShipClasses": [], "playersPerTeam": 12, "duration": 1800, "name": "12x12", "scenario": "Domination_3point", "playerID": 0, "vehicles": [{"shipId": 4074649296, "relation": 0, "id": 671587635, "name": "HenryQuan"}, {"shipId": 4293834736, "relation": 2, "id": 268369921, "name": ":Pratt:"}], "gameType": "TrainingBattle", "dateTime": "10.05.2023 22:42:07", "mapName": "spaces/00_CO_ocean", "playerName": "HenryQuan", "scenarioConfigId": 1, "teamsCount": 2, "playerVehicle": "PJSD210-Harugumo", "battleDuration": 1200, "mapBorder": null}; (, 5526725652290, 1003)
2023-05-10 22:42:07.647: INFO: [Script] [BattleDataContext] __onFirstVehicleBoard; (, 34646147650797, 12)
2023-05-10 22:42:07.647: INFO: [Script] [BattleDataContext] __initBattleSystems; (, 46418556520391, 12)
2023-05-10 22:42:08.288: INFO: [Script] [BattleContentPreloader] Starting ally and enemy models and effects cache preload. Resource count: 20; (, 41241381611138, 142)
2023-05-10 22:42:08.298: INFO: [Script] [Avatar] Avatar.onWorldStateReceived; (, 10819281670208, 38)
2023-05-10 22:42:08.328: INFO: [Script] [BattleContentPreloader] Starting ally and enemy miscs cache preload. Resource count: 57; (, 41245628265003, 204)
2023-05-10 22:42:28.264: INFO: [Script] [SND] WindowClosed, ('LoadingBattle',); (, 26032706214262, 166)
2023-05-10 22:42:28.796: WARNING: [Other] Could not find handler for gui/ship_bars/PJSD210_h_bg.png
2023-05-10 22:42:28.796: WARNING: [Other] Could not find handler for gui/ship_bars/PJSD210_h.png
2023-05-10 22:42:28.796: WARNING: [Other] Could not find handler for gui/battle_hud/own_ship_health/icon_fire_small.png
2023-05-10 22:42:28.797: WARNING: [Other] Could not find handler for gui/battle_hud/own_ship_health/icon_flooding_small.png
2023-05-10 22:42:39.293: INFO: [Script] [Avatar] -= BATTLE STARTED =-; (, 10566576185153, 138)
2023-05-10 22:42:41.677: INFO: [Script] [SND] WindowClosed, ('GameMenu',); (, 26032706214262, 166)
2023-05-10 22:42:42.836: INFO: [Script] [SND] WindowClosed, ('ConfirmExitBattleModalWindow',); (, 26032706214262, 166)
2023-05-10 22:42:49.708: INFO: [Script] [WebSocketSource] Connected to server openresty; (, 76583806256980, 12)
2023-05-10 22:42:54.508: INFO: [Script] [SND] WindowClosed, ('GameMenu',); (, 26032706214262, 166)
2023-05-10 22:42:55.628: INFO: [Script] [Avatar] setFpsGathererActive(False); (, 10480066326144, 101)
2023-05-10 22:42:55.647: INFO: [Script] [SND] WindowClosed, ('ConfirmExitBattleModalWindow',); (, 26032706214262, 166)
2023-05-10 22:42:56.107: INFO: [Script] [BattleLogic] 501858; onLeaveWorld(); (, 10209258942772, 44)
2023-05-10 22:42:56.107: WARNING: [Script] [Avatar] FORCE STOP BATTLE; (, 10557398818175, 110)
2023-05-10 22:42:56.118: INFO: [Script] [SND] WindowClosed, ('Battle',); (, 26032706214262, 166)
2023-05-10 22:42:56.120: WARNING: [Script] [Avatar] FORCE STOP BATTLE; (, 10557398818175, 110)
2023-05-10 22:42:56.120: INFO: [Script] [WorldObjectCache] Objects not returned to pool: Incomings 0, Airplanes 0, Scenario 0; (, 1169247510618, 52)
2023-05-10 22:42:56.120: INFO: [Script] [Vehicle] 501860; onLeaveWorld(); (, 1171559499139, 341)
2023-05-10 22:42:56.120: INFO: [Script] [root] id, (501860,); (, 1171559499139, 385)
2023-05-10 22:42:56.776: INFO: [Script] [XmppChat] joinClanChannel(), (2000020641,); (, 19031469990035, 31)
2023-05-10 22:42:56.778: INFO: [Script] [root] UserDataGate.onGetConnection; (, 9049828584282, 21)
2023-05-10 22:42:56.778: INFO: [Script] [UserDataGate.onGetConnection():] 2011774448, ([Entity: id:11048 ['accountSelf', 'accountRealm', 'accountSimple', 'incompleteAccount', 'accountName', 'accountRank', 'accountLevel', 'accountLevelPoints', 'accountInfo', 'accountStatus', 'teamKiller', 'preBattlePlayerSimple', 'channelParticipant', 'dogTagView', 'trainingRoomPlayer', 'clanman', 'clanmanSupplyInfo']],); (, 9050035250113, 139)
2023-05-10 22:42:56.784: INFO: [Script] [BrawlSeasonsManager] timestamp = 1683722575 (weekday = 2, seconds = 45775); (, 64779236454300, 371)
2023-05-10 22:42:56.784: INFO: [Script] [BrawlSeasonsManager] Active brawl battles season 47(1683504000-1684090800) has been found, 368225 seconds before season deactivation; (, 64779236454300, 742)
2023-05-10 22:42:56.784: INFO: [Script] [BrawlSeasonsManager] The prime time 2(2:3600-64800) is active; (, 64779236454300, 786)
2023-05-10 22:42:56.784: INFO: [Script] [BrawlSeasonsManager] Prime time deactivation has been scheduled in 19025 seconds; (, 64779236454300, 829)
2023-05-10 22:42:56.786: INFO: [Script] [SND] WindowClosed, ('WaitingWindow',); (, 26032706214262, 166)
2023-05-10 22:42:56.789: NOTICE: [FX] particles/Empty_FX.xml/high already in the FX cache
2023-05-10 22:42:56.790: INFO: [Script] [root] Create space, ('spaces/dock_dry',); (, 8319902351040, 129)
2023-05-10 22:42:56.792: INFO: [Script] [root] Create space, ('spaces/Exterior',); (, 8319902351040, 129)
2023-05-10 22:42:56.800: INFO: [Script] [ShutDownCommon] ShutDownCommon.onShutdownTime:, (0, 0, 0, 'PlayerAccount'); (, 75596284726682, 138)
2023-05-10 22:42:56.800: INFO: [Script] [Account] received stream, path: ('receiveBattleResults',); (, 1929616152381, 106)
2023-05-10 22:42:56.802: INFO: [Script] [Account] Battle results received. Arena ID: 2075166672392477; (, 1503695917759, 50)
2023-05-10 22:42:56.803: INFO: [Script] [Account] received stream, path: ('TrainingRoomComponent', 'receiveTrainingRoomChanges'); (, 1929616152381, 106)
2023-05-10 22:42:56.803: INFO: [Script] [Account] received stream, path: ('TrainingRoomComponent', 'receiveTrainingRoomChanges'); (, 1929616152381, 106)
2023-05-10 22:42:56.890: INFO: [Script] [Account] received stream, path: ('onGetSystemMessage',); (, 1929616152381, 106)
2023-05-10 22:42:56.890: INFO: [Script] [MES] __onGetSystemMessageFromAccount, ({'importance': 2, 'typeId': 5, 'dt': 1683722576, 'postponed': False, 'data': {'aogasFactor': 1.0, 'gameMode': 7, 'isLeaver': False, 'teamId': 0, 'sseTasksInfo': (0, 0), 'bonusCurrency': {}, 'shipId': 4074649296L, 'isAFK': False, 'mapTypeId': 0, 'killerWeapon': 0, 'teamLadderPlace': 2, 'winnerTeamId': -1, 'hasArc': False, 'achievements': (), 'shipsKilled': 0, 'teamBuildTypeId': 1, 'credits': 0, 'accLeveling': (17, 17, 6389, 0), 'expPenalty': 0, 'arenaUniqueID': 2075166672392477L, 'creditsPenalty': 0, 'creditsCompensation': 0, 'exp': 0, 'isTShooter': False, 'battleCreateTime': 1683722559}},); (, 46210074431659, 66)
2023-05-10 22:42:56.890: INFO: [Script] [[MES] __addInfoToMessage] {'typeId': 5, 'exp': 0, 'rankStarsDeltaChange': 0, 'aogasFactor': 1.0, 'mapBGPath': '../maps_bg/00_CO_ocean.jpg', 'operationName': '', 'isFarming': False, 'earnedAchievements': [], 'header': 'IDS_SYS_MESSAGE_HEADER_MS_ACC_BATTLE_RESULTS_2', 'teamId': 0, 'result': 2, 'sseTasksInfo': (0, 0), 'bonusCurrency': {}, 'shipId': 4074649296L, 'uiSpecial': False, 'gameMode': 7, 'mapTypeId': 0, 'isAFK': False, 'accountLeveling': {'expGained': 0, 'currLevel': 17, 'prevLevel': 17, 'currLevelExp': 200, 'expTotal': 6389, 'nextLevelExp': 200}, 'curTasksCompleted': 0, 'mapName': 'IDS_SPACES/00_CO_OCEAN', 'killerWeapon': 0, 'shipLevelRome': 'X', 'teamLadderPlace': 2, 'winnerTeamId': -1, 'hasArc': False, 'achievements': (), 'isPremium': False, 'shipName': 'IDS_PJSD210', 'isLeaver': False, 'shipsKilled': 0, 'importance': 2, 'teamBuildTypeId': 1, 'idInGroup': 0, 'shipTypeIDS': 'IDS_DESTROYER', 'credits': 0, 'isElite': True, 'date': '10.05.2023 22:42', 'dt': 1683722576, 'groupId': 3, 'accLeveling': (17, 17, 6389, 0), 'expPenalty': 0, 'arenaUniqueID': 2075166672392477L, 'scenario': '', 'sourceId': 0, 'creditsPenalty': 0, 'creditsCompensation': 0, 'viaMM': False, 'rankBattlesSeasonId': 0, 'shipType': 'Destroyer', 'stypeIdent': 'Destroyer', 'isTShooter': False, 'postponed': False, 'battleCreateTime': 1683722559, 'rankDeltaChange': 0}; (, 46232061219946, 341)
2023-05-10 22:42:56.999: INFO: [Script] [Account] received stream, path: ('onRewardsRestored',); (, 1929616152381, 106)
2023-05-10 22:42:57.012: ERROR: [Script] [prospective_event] Expected error: code=403, content: {u'error': u'Forbidden'}; (, 68479891129675, 80)
2023-05-10 22:42:57.012: ERROR: [Script] [prospective_event] Unexpected error with http code: 403; (, 68312023367646, 46)
2023-05-10 22:42:57.118: INFO: [Script] [TrainingRoomDatahubUtils] creating training room entity, (671919778,); (, 75288222022734, 277)
2023-05-10 22:42:57.120: INFO: [Script] [UserDataGate] __onChannelListReceived, ('prebattle', 8); (, 32603589759405, 18)
2023-05-10 22:42:57.123: INFO: [Script] [TrainingRoomsContext] cleanup; (, 56380050125, 22)
2023-05-10 22:42:57.124: INFO: [Script] [TrainingRoomsContext] training room entity id:, (17506,); (, 47584641270757, 104)
2023-05-10 22:42:57.125: INFO: [Script] [SND] WindowClosed, ('ModalWindowBattleTypeChooser',); (, 26032706214262, 166)
2023-05-10 22:42:57.125: INFO: [Script] [SND] WindowClosed, ('ShipsCarouselPanel',); (, 26032706214262, 166)
2023-05-10 22:42:57.125: INFO: [Script] [SND] WindowClosed, ('ShipTTXPanelDock',); (, 26032706214262, 166)
2023-05-10 22:42:57.125: INFO: [Script] [SND] WindowClosed, ('Dock',); (, 26032706214262, 166)
2023-05-10 22:42:57.125: INFO: [Script] [SND] WindowClosed, ('WaitingWindow',); (, 26032706214262, 166)
2023-05-10 22:42:57.125: WARNING: [Script] [DirectEventDispatcher] no handlers for event:, (1000, 'with data:', None); (, 48976400484373, 235)
2023-05-10 22:42:57.128: INFO: [Script] [UserDataGate.__onChannelParticipantAdded:] 2011774448, ('HenryQuan', 2); (, 79955717465534, 18)
2023-05-10 22:42:57.128: INFO: [Script] [UserDataGate.__onParticipantPresenceUpdated] 2011774448, (2, 2, 0); (, 79959818385813, 77)
2023-05-10 22:42:57.128: INFO: [Script] [Account] received stream, path: ('TrainingRoomComponent', 'receiveInviteesDump'); (, 1929616152381, 106)
2023-05-10 22:42:57.289: ASSET: [Moo] Material content/ports/building/industrial/textures/OBI027.mfm : property 'detailMap' not found in shader shaders/std_effects/legacy_blaze_material.fx ; you may remove 'detailMap' entry from the .mfm file
2023-05-10 22:42:57.467: INFO: [Script] [Account] received stream, path: ('receiveReferralInfo',); (, 1929616152381, 106)
2023-05-10 22:42:57.467: INFO: [Script] [UserDataGate.__onParticipantPresenceUpdated] 2011774448, (2, 2, 0); (, 79959818385813, 77)
2023-05-10 22:42:57.469: INFO: [Script] [Dock.onEvent:] action.ttxShipIdChanged, (4074649296.0,); (, 17891474837485, 551)
2023-05-10 22:42:58.071: INFO: [Script] [ClientLobbySpace] Space dry loaded; (, 50058802634115, 281)
2023-05-10 22:42:58.071: INFO: [Script] [ShipMotions] map: dock_dry, period: 1.0, multiplier: 0.0; (, 2019070958202, 105)
2023-05-10 22:42:58.071: INFO: [Script] [CameraBase] setMode, ('Dock',); (, 13624568824924, 126)
2023-05-10 22:42:58.075: INFO: [Script] [ClientLobbyShip] Change ship to PJSD210_Harugumo with exterior -1. Should create models: True; (, 50170673170836, 209)
2023-05-10 22:42:58.088: INFO: [Script] [ClientLobbyShip] Change ship to PJSD210_Harugumo with exterior -1. Should create models: False; (, 50170673170836, 209)
2023-05-10 22:42:58.328: INFO: [Script] [LootboxModel] refreshBargeModel, (BigWorld.Model at 0x000001BFF382C848, None); (, 8643348736371, 238)
2023-05-10 22:42:58.353: INFO: [Script] [DockContext] ui dockReady; (, 44268361119790, 9)
2023-05-10 22:42:58.419: INFO: [Script] [Account] received stream, path: ('UserDataComponent', 'onGetUsersData'); (, 1929616152381, 106)
2023-05-10 22:42:58.563: INFO: [Script] [Account] received stream, path: ('UserDataComponent', 'onGetUserListClanData'); (, 1929616152381, 106)
2023-05-10 22:42:58.563: INFO: [Script] [UserDataGate.__onGetUserlistClanData] {2020937883: {'color': 13408614, 'league': None, 'tag': 'NV', 'id': 2000028237, 'name': 'Novice Village-NOVA ESPORTS'}}; (, 6795187857542, 107)
2023-05-10 22:42:58.777: WARNING: [Script] [XmppChat] joinChannel, ('already joined', 'clan-2000020641@clans.wows.wowsasia.loc'); (, 18769746556653, 230)
2023-05-10 22:42:58.777: INFO: [Script] [UserDataGate.__onChannelParticipantAdded:] 2008365862, ('AirEagLe', 2); (, 79955717465534, 18)
2023-05-10 22:42:58.777: INFO: [Script] [UserDataGate.__onChannelParticipantAdded:] 2011774448, ('HenryQuan', 2); (, 79955717465534, 18)
2023-05-10 22:42:58.777: INFO: [Script] [UserDataGate.__onChannelParticipantAdded:] 2018944553, ('Mr_Cool_Yang', 2); (, 79955717465534, 18)
2023-05-10 22:42:58.777: INFO: [Script] [UserDataGate.__onChannelParticipantAdded:] 2020776351, ('520pippo', 2); (, 79955717465534, 18)
2023-05-10 22:43:00.289: INFO: [Script] [SND] WindowClosed, ('LobbyMenu',); (, 26032706214262, 166)
2023-05-10 22:43:01.043: INFO: [Script] [SND] WindowClosed, ('ConfirmExitGameModalWindow',); (, 26032706214262, 166)
2023-05-10 22:43:01.368: INFO: [Script] [SND] WindowClosed, ('ModalWindowTrainingRoom',); (, 26032706214262, 166)
2023-05-10 22:43:01.374: INFO: [Script] [ClientLobbyShip] Change ship to PJSD210_Harugumo with exterior -1. Should create models: True; (, 50170673170836, 209)
2023-05-10 22:43:01.375: INFO: [Script] [TrainingRoomsContext] cleanup; (, 56380050125, 22)
2023-05-10 22:43:01.375: INFO: [Script] [TrainingRoomDatahubUtils] remove entity, (671919778,); (, 56322310301, 111)
2023-05-10 22:43:01.375: ERROR: [Script] [XmppChat] handleChannelError, ('room destroyed', 'prebattle', 3); (, 18973691185089, 36)
2023-05-10 22:43:02.805: INFO: [Script] [SND] WindowClosed, ('ChatNotificationsPanel',); (, 26032706214262, 166)
2023-05-10 22:43:02.805: INFO: [Script] [SND] WindowClosed, ('ModalWindowPVEOperationChooser',); (, 26032706214262, 166)
2023-05-10 22:43:02.805: INFO: [Script] [SND] WindowClosed, ('ModalWindowBattleTypeChooser',); (, 26032706214262, 166)
2023-05-10 22:43:02.805: INFO: [Script] [SND] WindowClosed, ('ShipsCarouselPanel',); (, 26032706214262, 166)
2023-05-10 22:43:02.805: INFO: [Script] [SND] WindowClosed, ('ShipTTXPanelDock',); (, 26032706214262, 166)
2023-05-10 22:43:02.805: INFO: [Script] [SND] WindowClosed, ('Dock',); (, 26032706214262, 166)
2023-05-10 22:43:02.805: INFO: [Script] [SND] WindowClosed, ('WaitingWindow',); (, 26032706214262, 166)
2023-05-10 22:43:02.808: INFO: [Script] [ClientLobbySpace] Lobby destroy started.; (, 889763136786, 177)
2023-05-10 22:43:02.808: INFO: [Script] [ClientLobbySpace] Dock destroy started.; (, 50213139212771, 23)
2023-05-10 22:43:02.808: INFO: [Script] [ClientLobbySpace] Dock successfully destroyed.; (, 50213139212771, 168)
2023-05-10 22:43:02.814: INFO: [Script] [ClientLobbySpace] Lobby successfully destroyed.; (, 889763136786, 140)
2023-05-10 22:43:02.814: INFO: [Script] [TrainingRoomsContext] cleanup; (, 56380050125, 22)
2023-05-10 22:43:02.819: INFO: [Script] [ClanBattleSeasonSystem] is out of context; (, 9694229065198, 75)
2023-05-10 22:43:02.841: INFO: [Script] [PrimeTimeContext] fini; (, 374114243226, 102)
2023-05-10 22:43:02.864: INFO: [Script] [PreBattlePlayerSystem] out of context; (, 9694254136229, 12)
2023-05-10 22:43:02.897: INFO: [Script] [ConnectionControl] Clearing all; shouldDisconnect=True; (, 5906277562623, 27)
2023-05-10 22:43:02.897: INFO: [Script] [root] ClanProxy.onLostConnection; (, 6820661884481, 19)
2023-05-10 22:43:02.897: INFO: [Script] [ClanProxy] cleanup(); (, 56564657649, 12)
2023-05-10 22:43:02.897: ERROR: [Script] [XmppChat] handleChannelError, ('room destroyed', 'clan-2000020641@clans.wows.wowsasia.loc', 6); (, 18973691185089, 36)
2023-05-10 22:43:02.898: INFO: [Script] [root] EventBattlesClient.onLostConnection; (, 6820661884481, 19)
2023-05-10 22:43:02.907: INFO: [Script] [root] StatsProxy.onLostConnection; (, 6820661884481, 19)
2023-05-10 22:43:02.907: INFO: [Script] [StatsProxy] cleanup(); (, 56649584639, 136)
2023-05-10 22:43:02.907: INFO: [Script] [root] UIStatisticsProxyClient.onLostConnection; (, 6820661884481, 19)
2023-05-10 22:43:02.907: INFO: [Script] [root] ClientCommonTokensProxy.onLostConnection; (, 6820661884481, 19)
2023-05-10 22:43:02.907: INFO: [Script] [root] SSEProxyCommon.onLostConnection; (, 6820661884481, 19)
2023-05-10 22:43:02.930: INFO: [Script] [root] ReplayManagerClient.onLostConnection; (, 6820661884481, 19)
2023-05-10 22:43:02.930: INFO: [Script] [root] PreBattleInfoHolder.onLostConnection; (, 6820661884481, 19)
2023-05-10 22:43:02.930: INFO: [Script] [root] ShutDownProxy.onLostConnection; (, 6820661884481, 19)
2023-05-10 22:43:02.930: INFO: [Script] [ShutDownProxy] cleanup(); (, 56020225351, 9)
2023-05-10 22:43:02.931: INFO: [XmppChat] deinitialized. 
2023-05-10 22:43:02.931: INFO: [Script] [root] CampaignsProxyClient.onLostConnection; (, 6820661884481, 19)
2023-05-10 22:43:02.931: INFO: [Script] [LootboxProxyCommon] cleanup(); (, 56167068298, 12)
2023-05-10 22:43:02.931: INFO: [Script] [root] PVEScriptsProxyClient.onLostConnection; (, 6820661884481, 19)
2023-05-10 22:43:02.931: INFO: [Script] [PVEDatahubUtils] cleanup(); (, 56316035740, 117)
2023-05-10 22:43:02.933: INFO: [Script] [PVEScriptsProxyCommon] cleanup(); (, 56120925793, 41)
2023-05-10 22:43:02.933: INFO: [Script] [root] RankedProxy.onLostConnection; (, 6820661884481, 19)
2023-05-10 22:43:02.940: INFO: [Script] [root] UserDataGate.onLostConnection; (, 6820661884481, 19)
2023-05-10 22:43:02.940: INFO: [Script] [UserDataGate] cleanup(); (, 56194366091, 44)
2023-05-10 22:43:02.946: INFO: [Script] [root] ShipyardProxyCommon.onLostConnection; (, 6820661884481, 19)
2023-05-10 22:43:02.946: INFO: [Script] [root] ReferralProgramProxyCommon.onLostConnection; (, 6820661884481, 19)
2023-05-10 22:43:02.946: INFO: [Script] [root] ReferralProgramProxyClient.onLostConnection; (, 6820661884481, 19)
2023-05-10 22:43:02.946: INFO: [Script] [PriceListClient] onLostConnection(); (, 6820681825882, 18)
2023-05-10 22:43:02.965: INFO: [Script] [LootboxProxyCommon] cleanup(); (, 56167068298, 12)
2023-05-10 22:43:02.965: INFO: [Script] [root] TrainingRoomsManagerComponent.onLostConnection; (, 6820661884481, 19)
2023-05-10 22:43:02.966: INFO: [Script] [LootboxProxyCommon] cleanup(); (, 56167068298, 12)
2023-05-10 22:43:02.966: INFO: [Script] [root] TrainingRoomsManagerComponent.onLostConnection; (, 6820661884481, 19)
2023-05-10 22:43:02.966: INFO: [Script] [LootboxProxyCommon] cleanup(); (, 56167068298, 12)
2023-05-10 22:43:02.966: INFO: [Script] [root] TrainingRoomsManagerComponent.onLostConnection; (, 6820661884481, 19)
2023-05-10 22:43:03.425: INFO: [Script] [VSEventDataHubUtils] cleanup isFull=True; (, 56397867218, 131)
2023-05-10 22:43:03.629: INFO: [Script] [CommonData] Removing tree nodes; (, 374106853488, 12)
2023-05-10 22:43:03.661: INFO: [Script] [PriceListClient] PriceListClient.kill; (, 498646233208, 86)
2023-05-10 22:43:04.359: WARNING: [Vivox] VivoxSystem::MessageRouter::WaitAll(128): Waiting on Thread Id t.GetId()=10000 CurrentThreadId Thread::GetCurrentThreadId()=1872
2023-05-10 22:43:04.359: WARNING: [Vivox] VivoxSystem::MessageRouter::WaitAll(128): Waiting on Thread Id t.GetId()=15576 CurrentThreadId Thread::GetCurrentThreadId()=1872
2023-05-10 22:43:04.361: INFO: [Gameface] Uninitializing Renoir library!
2023-05-10 22:43:04.361: INFO: [Gameface] Uninitializing COHTML library!

\============================================================================================================/
