2023-05-10 21:20:09.634: INFO: [Script] [BattleLogic] 435488; BattleLogic(); (, 10209258942772, 44)
2023-05-10 21:20:09.634: INFO: [Script] [BattleLogic] 435488; onEnterWorld()
Public State: {attentionMarkers: [], clientAnimations: {targetType: 0, ids: []}, controlPoints: [180778, 180779, 180780], entityStates: [], expectedActions: None, weather: {mainWeather: 0, globalWeather: {param: 4292134832L, item: None, notification: None}, localWeather: []}, keyObjects: [], missions: {hold: [{reward: 3, penalty: 0, cpIndices: [0, 1, 2], period: 5}], capture: [], kill: [{reward: 30, penalty: 45, shipType: 'Destroyer'}, {reward: 25, penalty: 40, shipType: 'Submarine'}, {reward: 35, penalty: 50, shipType: 'Cruiser'}, {reward: 40, penalty: 60, shipType: 'Battleship'}, {reward: 45, penalty: 65, shipType: 'AirCarrier'}], reachDestination: [], pullTargets: [], protect: [], teamsScore: [{teamId: 0, score: 300}, {teamId: 1, score: 300}], teamWinScore: 1000, teamLoseScore: 0}, resources: [], minefields: [], successStoryProgress: [], tasks: [], entities: [], effects: [], sounds: [], drop: None, diplomacy: None, uiInfo: {miniMapType: 0}}
Private State: {battleItems: [], triggers: None, diplomacyTickets: None, leveling: None, missions: {reachDestination: [], pullTargets: []}}; (, 10209258942772, 44)
2023-05-10 21:20:09.635: INFO: [Script] [TrainingRoomsContext] cleanup; (, 56380050125, 22)
2023-05-10 21:20:09.638: ERROR: [Script] [Error] ('[ERROR] FeedbackController: empty config for event repair_finished',); (, 52385830448928, 24)
2023-05-10 21:20:09.639: ERROR: [Script] [Error] ('[ERROR] FeedbackController: empty config for event planes_frag_event',); (, 52385830448928, 24)
2023-05-10 21:20:09.639: ERROR: [Script] [Error] ('[ERROR] FeedbackController: empty config for event planes_order_event',); (, 52385830448928, 24)
2023-05-10 21:20:09.639: ERROR: [Script] [Error] ('[ERROR] FeedbackController: empty config for event planes_select',); (, 52385830448928, 24)
2023-05-10 21:20:09.639: INFO: [Script] [BattleDataContext] __onEnterSpace; (, 46413928960879, 198)
2023-05-10 21:20:09.642: ASSET: [Other] ResolveParticle: Effect "." is not found or broken
2023-05-10 21:20:09.657: ERROR: [Other] particles/textures/sfx_fail.tga_1_1_0_8.contours: file not found
2023-05-10 21:20:09.657: ASSET: [FX] fx::unpackBinaryContours: did not found particles/textures/sfx_fail.tga_1_1_0_8.contours for helpers/particles/sfx_fail.xml/high
2023-05-10 21:20:09.853: NOTICE: [FX] particles/Empty_FX.xml/high already in the FX cache
2023-05-10 21:20:09.894: INFO: [Script] [BattleContentPreloader] Add drop visual models to preload. Resource count: 0; (, 41258031690418, 10)
2023-05-10 21:20:09.897: INFO: [Script] [WebSocketSource] Closed, ('openresty', 1000, ''); (, 76592299683115, 18)
2023-05-10 21:20:09.905: INFO: [Script] [Avatar] changePreBattleGrants(), (2146955254,); (, 1464783134803, 12)
2023-05-10 21:20:09.912: INFO: [Script] [SND] WindowClosed, ('WaitingWindow',); (, 26032706214262, 166)
2023-05-10 21:20:09.912: INFO: [Script] [SND] WindowClosed, ('ChatNotificationsPanel',); (, 26032706214262, 166)
2023-05-10 21:20:09.912: INFO: [Script] [SND] WindowClosed, ('RandomBattle',); (, 26032706214262, 166)
2023-05-10 21:20:09.918: INFO: [Scaleform Trace] SwfLoaderInfo.onLoadComplete "minimap.swf"
2023-05-10 21:20:09.987: WARNING: [Other] Could not find handler for gui/maps_bg/00_CO_ocean.jpg
2023-05-10 21:20:10.281: INFO: [Script] [Vehicle] 435492; EnterWorld, ('Ship: PJSD210_Harugumo',); (, 1168145454956, 1217)
2023-05-10 21:20:10.281: INFO: [Script] [team id] 0; (, 1168145454956, 1285)
2023-05-10 21:20:10.296: INFO: [Script] [Avatar] ! A.onFirstVehicleBoard; (, 513906572948, 588)
2023-05-10 21:20:10.339: INFO: [Script] [NavigationCommon] 435492; createNavigationMap, ('', 'PJSD210_Harugumo', 'graph sides: 16', 'cellSize: 6.15', 'speed: 3.37', 'acceleration: 0.51', 'back speed: 1.31', 'backward acceleration: 0.25', 'side speed: 2.67', 'rudder time: 1.64', 'depths: []', 'underwaterHeight: -0.310157775879', 'unpassable cells count: 0', 'total cells count: 38025', 'spaceID: 5449'); (, 73835711200882, 228)
2023-05-10 21:20:10.339: INFO: [Script] [BattleReplay] current battle arena info: {"matchGroup": "pvp", "gameMode": 7, "clientVersionFromExe": "12,3,1,6965290", "scenarioUiCategoryId": 0, "eventType": "", "mapDisplayName": "00_CO_ocean", "mapId": 0, "clientVersionFromXml": "12,3,1,6965290", "weatherParams": {"0": ["PCOW003_Cloudy"], "1": ["PCOW003_Cloudy", "PCOW002_Storm"]}, "disabledShipClasses": [], "playersPerTeam": 12, "duration": 1800, "name": "12x12", "scenario": "Domination_3point", "playerID": 0, "vehicles": [{"shipId": 3760175056, "relation": 2, "id": 537407137, "name": "JustOneSummer"}, {"shipId": 4074649296, "relation": 0, "id": 671301412, "name": "HenryQuan"}], "gameType": "TrainingBattle", "dateTime": "10.05.2023 21:20:10", "mapName": "spaces/00_CO_ocean", "playerName": "HenryQuan", "scenarioConfigId": 1, "teamsCount": 2, "playerVehicle": "PJSD210-Harugumo", "battleDuration": 1200, "mapBorder": null}; (, 5526725652290, 1003)
2023-05-10 21:20:10.340: INFO: [Script] [BattleDataContext] __onFirstVehicleBoard; (, 34646147650797, 12)
2023-05-10 21:20:10.340: INFO: [Script] [BattleDataContext] __initBattleSystems; (, 46418556520391, 12)
2023-05-10 21:20:11.002: INFO: [Script] [BattleContentPreloader] Starting ally and enemy models and effects cache preload. Resource count: 34; (, 41241381611138, 142)
2023-05-10 21:20:11.021: INFO: [Script] [Avatar] Avatar.onWorldStateReceived; (, 10819281670208, 38)
2023-05-10 21:20:11.104: ASSET: [Moo] Material content/gameplay/common/textures/C011_Grid_9_alpha.mfm : property 'doubleSided' not found in shader shaders/std_effects/grid_alpha.fx ; you may remove 'doubleSided' entry from the .mfm file
2023-05-10 21:20:11.303: INFO: [Script] [BattleContentPreloader] Starting ally and enemy miscs cache preload. Resource count: 68; (, 41245628265003, 204)
2023-05-10 21:20:38.199: INFO: [Script] [SND] WindowClosed, ('LoadingBattle',); (, 26032706214262, 166)
2023-05-10 21:20:38.944: WARNING: [Other] Could not find handler for gui/ship_bars/PJSD210_h_bg.png
2023-05-10 21:20:38.944: WARNING: [Other] Could not find handler for gui/ship_bars/PJSD210_h.png
2023-05-10 21:20:38.944: WARNING: [Other] Could not find handler for gui/battle_hud/own_ship_health/icon_fire_small.png
2023-05-10 21:20:38.944: WARNING: [Other] Could not find handler for gui/battle_hud/own_ship_health/icon_flooding_small.png
2023-05-10 21:20:44.027: INFO: [Script] [Avatar] -= BATTLE STARTED =-; (, 10566576185153, 138)
2023-05-10 21:21:38.639: INFO: [Scaleform Trace] SwfLoaderInfo.fini "minimap.swf"
2023-05-10 21:21:40.207: INFO: [Script] [UserDataGate.__onParticipantPresenceUpdated] 2017780834, (2, 2, 0); (, 79959818385813, 77)
2023-05-10 21:22:32.465: INFO: [Script] [PlayerAvatar] weaponType, (0, 2); (, 11373891613252, 21)
2023-05-10 21:22:34.316: INFO: [Script] [PlayerAvatar] weaponType, (2, 0); (, 11373891613252, 21)
2023-05-10 21:22:34.596: INFO: [Script] [UserDataGate.__onParticipantPresenceUpdated] 2017780834, (2, 0, 5); (, 79959818385813, 77)
2023-05-10 21:22:39.876: INFO: [Script] [Avatar] changePreBattleGrants(), (2146955254,); (, 1464783134803, 12)
2023-05-10 21:22:39.876: INFO: [Script] [Avatar] changePreBattleGrants(), (2146955254,); (, 1464783134803, 12)
2023-05-10 21:22:51.548: INFO: [Script] [UserDataGate.__onChannelParticipantAdded:] 2020776351, ('520pippo', 2); (, 79955717465534, 18)
2023-05-10 21:22:51.549: INFO: [Script] [UserDataGate.__onParticipantPresenceUpdated] 2020776351, (2, 2, 0); (, 79959818385813, 77)
2023-05-10 21:23:06.294: WARNING: [Other] Could not find handler for gui/battle_hud/capture_points/CaptureIndicatorCross.png
2023-05-10 21:23:44.052: INFO: [Script] [Vehicle] 435490; EnterWorld, ('Ship: PBSA510_Malta',); (, 1168145454956, 1217)
2023-05-10 21:23:44.052: INFO: [Script] [team id] 1; (, 1168145454956, 1285)
2023-05-10 21:23:44.409: INFO: [Script] [Init timings] 435490; Ship: PBSA510_Malta, ('prerequisites request: 0.00', 'prerequisites load time: 0.00', 'enterWorld time: 0.00', 'makeVisible time: 0.36', 'Become visible total time: 0.36'); (, 15835808770155, 101)
2023-05-10 21:24:43.077: INFO: [Script] [CameraBase] setMode, ('ShellTracker',); (, 13624568824924, 126)
2023-05-10 21:24:44.117: INFO: [Script] [CameraBase] setMode, ('SnakeTail',); (, 13624568824924, 126)
2023-05-10 21:24:44.517: INFO: [Script] [CameraBase] setMode, ('ShellTracker',); (, 13624568824924, 126)
2023-05-10 21:24:44.917: INFO: [Script] [CameraBase] setMode, ('SnakeTail',); (, 13624568824924, 126)
2023-05-10 21:25:33.365: INFO: [Script] [PlayerAvatar] weaponType, (0, 2); (, 11373891613252, 21)
2023-05-10 21:25:36.806: INFO: [Script] [PlayerAvatar] weaponType, (2, 0); (, 11373891613252, 21)
2023-05-10 21:26:36.635: INFO: [Script] [PlayerAvatar] weaponType, (0, 2); (, 11373891613252, 21)
2023-05-10 21:26:38.225: INFO: [Script] [PlayerAvatar] weaponType, (2, 0); (, 11373891613252, 21)
2023-05-10 21:27:14.071: INFO: [Script] [PlayerAvatar] weaponType, (0, 2); (, 11373891613252, 21)
2023-05-10 21:27:16.632: INFO: [Script] [PlayerAvatar] weaponType, (2, 0); (, 11373891613252, 21)
2023-05-10 21:27:46.838: INFO: [Script] [Vehicle] id = 435490, teamId = 1, typeDeath = 3; (, 498303936408, 1034)
2023-05-10 21:27:47.217: INFO: [Script] [Avatar] battle finish - Victory; (, 10545365693580, 202)
2023-05-10 21:27:47.219: INFO: [Script] [SND] WindowClosed, ('Battle',); (, 26032706214262, 166)
2023-05-10 21:27:47.235: ERROR: [ScaleformRenderer] Scaleform::Manager::destroySharedTexture -- could not find shared texture named SharedTexture_RenderedWorld
2023-05-10 21:27:47.434: INFO: [Script] [Avatar] setFpsGathererActive(False); (, 10480066326144, 101)
2023-05-10 21:27:47.890: INFO: [Script] [BattleLogic] 435488; onLeaveWorld(); (, 10209258942772, 44)
2023-05-10 21:27:47.890: WARNING: [Script] [Avatar] FORCE STOP BATTLE; (, 10557398818175, 110)
2023-05-10 21:27:47.890: INFO: [Script] [Vehicle] 435490; onLeaveWorld(); (, 1171559499139, 341)
2023-05-10 21:27:47.890: INFO: [Script] [root] id, (435490,); (, 1171559499139, 385)
2023-05-10 21:27:47.894: WARNING: [Script] [Avatar] FORCE STOP BATTLE; (, 10557398818175, 110)
2023-05-10 21:27:47.895: INFO: [Script] [WorldObjectCache] Objects not returned to pool: Incomings 0, Airplanes 0, Scenario 0; (, 1169247510618, 52)
2023-05-10 21:27:47.896: INFO: [Script] [Vehicle] 435492; onLeaveWorld(); (, 1171559499139, 341)
2023-05-10 21:27:47.896: INFO: [Script] [root] id, (435492,); (, 1171559499139, 385)
2023-05-10 21:27:48.415: INFO: [Script] [XmppChat] joinClanChannel(), (2000020641,); (, 19031469990035, 31)
2023-05-10 21:27:48.417: INFO: [Script] [root] UserDataGate.onGetConnection; (, 9049828584282, 21)
2023-05-10 21:27:48.417: INFO: [Script] [UserDataGate.onGetConnection():] 2011774448, ([Entity: id:11048 ['accountSelf', 'accountRealm', 'accountSimple', 'incompleteAccount', 'accountName', 'accountRank', 'accountLevel', 'accountLevelPoints', 'accountInfo', 'accountStatus', 'teamKiller', 'preBattlePlayerSimple', 'channelParticipant', 'dogTagView', 'trainingRoomPlayer', 'clanman', 'clanmanSupplyInfo']],); (, 9050035250113, 139)
2023-05-10 21:27:48.423: INFO: [Script] [BrawlSeasonsManager] timestamp = 1683718067 (weekday = 2, seconds = 41267); (, 64779236454300, 371)
2023-05-10 21:27:48.423: INFO: [Script] [BrawlSeasonsManager] Active brawl battles season 47(1683504000-1684090800) has been found, 372733 seconds before season deactivation; (, 64779236454300, 742)
2023-05-10 21:27:48.423: INFO: [Script] [BrawlSeasonsManager] The prime time 2(2:3600-64800) is active; (, 64779236454300, 786)
2023-05-10 21:27:48.423: INFO: [Script] [BrawlSeasonsManager] Prime time deactivation has been scheduled in 23533 seconds; (, 64779236454300, 829)
2023-05-10 21:27:48.430: INFO: [Script] [ShutDownCommon] ShutDownCommon.onShutdownTime:, (0, 0, 0, 'PlayerAccount'); (, 75596284726682, 138)
2023-05-10 21:27:48.430: INFO: [Script] [Account] received stream, path: ('receiveBattleResults',); (, 1929616152381, 106)
2023-05-10 21:27:48.432: INFO: [Script] [Account] Battle results received. Arena ID: 1841236983643623; (, 1503695917759, 50)
2023-05-10 21:27:48.433: INFO: [Script] [Post Battle Window] Battle results received. Arena ID: 1841236983643623; (, 44024230910511, 186)
2023-05-10 21:27:48.438: INFO: [Script] [Account] received stream, path: ('onClanUpdate',); (, 1929616152381, 106)
2023-05-10 21:27:48.438: INFO: [Script] [ClanDataHubUtils] _addCWarsInfo , ({'clanMaxPreparationProgress': 103900, 'clanPreparationProgress': 103900, 'stage': u'preparation'},); (, 76291966657192, 120)
2023-05-10 21:27:48.440: INFO: [Script] [Account] received stream, path: ('TrainingRoomComponent', 'receiveTrainingRoomChanges'); (, 1929616152381, 106)
2023-05-10 21:27:48.576: INFO: [Script] [Account] received stream, path: ('TrainingRoomComponent', 'receiveTrainingRoomChanges'); (, 1929616152381, 106)
2023-05-10 21:27:48.718: INFO: [Script] [TrainingRoomDatahubUtils] creating training room entity, (671887021,); (, 75288222022734, 277)
2023-05-10 21:27:48.720: INFO: [Script] [UserDataGate] __onChannelListReceived, ('prebattle', 8); (, 32603589759405, 18)
2023-05-10 21:27:48.723: INFO: [Script] [TrainingRoomsContext] cleanup; (, 56380050125, 22)
2023-05-10 21:27:48.723: INFO: [Script] [TrainingRoomsContext] training room entity id:, (17305,); (, 47584641270757, 104)
2023-05-10 21:27:48.723: WARNING: [Script] [DirectEventDispatcher] no handlers for event:, (1000, 'with data:', None); (, 48976400484373, 235)
2023-05-10 21:27:48.725: INFO: [Script] [UserDataGate.__onChannelParticipantAdded:] 2011774448, ('HenryQuan', 2); (, 79955717465534, 18)
2023-05-10 21:27:48.725: INFO: [Script] [UserDataGate.__onParticipantPresenceUpdated] 2011774448, (2, 2, 0); (, 79959818385813, 77)
2023-05-10 21:27:48.725: INFO: [Script] [Account] received stream, path: ('TrainingRoomComponent', 'receiveTrainingRoomChanges'); (, 1929616152381, 106)
2023-05-10 21:27:48.880: INFO: [Script] [Account] received stream, path: ('onGetSystemMessage',); (, 1929616152381, 106)
2023-05-10 21:27:48.880: INFO: [Script] [MES] __onGetSystemMessageFromAccount, ({'importance': 2, 'typeId': 5, 'dt': 1683718067, 'postponed': False, 'data': {'aogasFactor': 1.0, 'gameMode': 7, 'isLeaver': False, 'teamId': 0, 'sseTasksInfo': (0, 0), 'bonusCurrency': {}, 'shipId': 4074649296L, 'isAFK': False, 'mapTypeId': 0, 'killerWeapon': 0, 'teamLadderPlace': 1, 'winnerTeamId': 0, 'hasArc': False, 'achievements': (), 'shipsKilled': 1, 'teamBuildTypeId': 1, 'credits': 0, 'accLeveling': (17, 17, 6389, 0), 'expPenalty': 0, 'arenaUniqueID': 1841236983643623L, 'creditsPenalty': 0, 'creditsCompensation': 0, 'exp': 0, 'isTShooter': False, 'battleCreateTime': 1683717643}},); (, 46210074431659, 66)
2023-05-10 21:27:48.881: INFO: [Script] [[MES] __addInfoToMessage] {'typeId': 5, 'exp': 0, 'rankStarsDeltaChange': 0, 'aogasFactor': 1.0, 'mapBGPath': '../maps_bg/00_CO_ocean.jpg', 'operationName': '', 'isFarming': False, 'earnedAchievements': [], 'header': 'IDS_SYS_MESSAGE_HEADER_MS_ACC_BATTLE_RESULTS_1', 'teamId': 0, 'result': 1, 'sseTasksInfo': (0, 0), 'bonusCurrency': {}, 'shipId': 4074649296L, 'uiSpecial': False, 'gameMode': 7, 'mapTypeId': 0, 'isAFK': False, 'accountLeveling': {'expGained': 0, 'currLevel': 17, 'prevLevel': 17, 'currLevelExp': 200, 'expTotal': 6389, 'nextLevelExp': 200}, 'curTasksCompleted': 0, 'mapName': 'IDS_SPACES/00_CO_OCEAN', 'killerWeapon': 0, 'shipLevelRome': 'X', 'teamLadderPlace': 1, 'winnerTeamId': 0, 'hasArc': False, 'achievements': (), 'isPremium': False, 'shipName': 'IDS_PJSD210', 'isLeaver': False, 'shipsKilled': 1, 'importance': 2, 'teamBuildTypeId': 1, 'idInGroup': 0, 'shipTypeIDS': 'IDS_DESTROYER', 'credits': 0, 'isElite': True, 'date': '10.05.2023 21:20', 'dt': 1683718067, 'groupId': 3, 'accLeveling': (17, 17, 6389, 0), 'expPenalty': 0, 'arenaUniqueID': 1841236983643623L, 'scenario': '', 'sourceId': 0, 'creditsPenalty': 0, 'creditsCompensation': 0, 'viaMM': False, 'rankBattlesSeasonId': 0, 'shipType': 'Destroyer', 'stypeIdent': 'Destroyer', 'isTShooter': False, 'postponed': False, 'battleCreateTime': 1683717643, 'rankDeltaChange': 0}; (, 46232061219946, 341)
2023-05-10 21:27:48.920: INFO: [Script] [UserDataGate.__onParticipantPresenceUpdated] 2011774448, (2, 2, 0); (, 79959818385813, 77)
2023-05-10 21:27:49.013: INFO: [Script] [Account] received stream, path: ('onRewardsRestored',); (, 1929616152381, 106)
2023-05-10 21:27:49.122: ERROR: [Script] [prospective_event] Expected error: code=403, content: {u'error': u'Forbidden'}; (, 68479891129675, 80)
2023-05-10 21:27:49.122: ERROR: [Script] [prospective_event] Unexpected error with http code: 403; (, 68312023367646, 46)
2023-05-10 21:27:49.135: INFO: [Script] [Account] received stream, path: ('TrainingRoomComponent', 'receiveInviteesDump'); (, 1929616152381, 106)
2023-05-10 21:27:49.284: INFO: [Script] [Account] received stream, path: ('receiveReferralInfo',); (, 1929616152381, 106)
2023-05-10 21:27:49.310: INFO: [Script] [WebSocketSource] Connected to server openresty; (, 76583806256980, 12)
2023-05-10 21:27:49.726: INFO: [Script] [Account] received stream, path: ('UserDataComponent', 'onGetUsersData'); (, 1929616152381, 106)
2023-05-10 21:27:49.861: INFO: [Script] [Account] received stream, path: ('UserDataComponent', 'onGetUserListClanData'); (, 1929616152381, 106)
2023-05-10 21:27:49.861: INFO: [Script] [UserDataGate.__onGetUserlistClanData] {2014968526: {'color': 11776947, 'league': None, 'tag': 'IDK', 'name': '404: Creativity Not Found', 'id': 2000013137}}; (, 6795187857542, 107)
2023-05-10 21:27:50.415: WARNING: [Script] [XmppChat] joinChannel, ('already joined', 'clan-2000020641@clans.wows.wowsasia.loc'); (, 18769746556653, 230)
2023-05-10 21:27:50.416: INFO: [Script] [UserDataGate.__onChannelParticipantAdded:] 2011774448, ('HenryQuan', 2); (, 79955717465534, 18)
2023-05-10 21:27:50.416: INFO: [Script] [UserDataGate.__onChannelParticipantAdded:] 2019830723, ('BLHX_404', 2); (, 79955717465534, 18)
2023-05-10 21:27:50.416: INFO: [Script] [UserDataGate.__onChannelParticipantAdded:] 2020776351, ('520pippo', 2); (, 79955717465534, 18)
2023-05-10 21:27:50.416: INFO: [Script] [UserDataGate.__onChannelParticipantAdded:] 2027712925, ('POD_G', 2); (, 79955717465534, 18)
2023-05-10 21:27:54.716: INFO: [Script] [Account] received stream, path: ('UserDataComponent', 'onGetUsersData'); (, 1929616152381, 106)
2023-05-10 21:27:54.866: INFO: [Script] [Account] received stream, path: ('UserDataComponent', 'onGetUserListClanData'); (, 1929616152381, 106)
2023-05-10 21:27:54.866: INFO: [Script] [UserDataGate.__onGetUserlistClanData] {2008603297: None, 2019830723: {'color': 14931616, 'league': None, 'tag': 'ICBC', 'id': 2000020641, 'name': 'INDUSTRIAL AND COMMERCIAL BANK OF CHIN'}, 2019205286: {'color': 14931616, 'league': None, 'tag': 'NJU', 'id': 2000020070, 'name': 'World of warships fleet of Nanjing University'}, 2027786630: {'color': 11776947, 'league': None, 'tag': 'NIER_', 'id': 2000025382, 'name': '\xe2\x80\x93ARS NOVA\xe2\x80\x93'}, 2008384295: {'color': 12511165, 'league': None, 'tag': 'LIEBE', 'id': 2000019333, 'name': 'Ich liebe dich'}, 2017207532: {'color': 13408614, 'league': None, 'tag': 'KOOKA', 'id': 2000016217, 'name': 'KOOKA NAVAL FORCE'}, 2022515210: {'color': 14931616, 'league': None, 'tag': 'YU_RI', 'id': 2000022706, 'name': '\xe7\xba\xb7\xe9\xa3\x9e\xe8\x80\x8c\xe4\xb8\x8b\xe7\x9a\x84\xe6\xb4\x81\xe7\x99\xbd\xe4\xb9\x8b\xe9\x9b\xaa'}, 2009397831: {'color': 13427940, 'league': None, 'tag': 'MGP', 'id': 2000022010, 'name': 'MegaartyP'}, 2023479148: {'color': 14931616, 'league': None, 'tag': 'YU_RI', 'id': 2000022706, 'name': '\xe7\xba\xb7\xe9\xa3\x9e\xe8\x80\x8c\xe4\xb8\x8b\xe7\x9a\x84\xe6\xb4\x81\xe7\x99\xbd\xe4\xb9\x8b\xe9\x9b\xaa'}, 2018048971: {'color': 13408614, 'league': None, 'tag': 'CTD', 'id': 2000022439, 'name': 'Captain Diner (Retreat of the Pacific Rim Group)'}, 2023752989: {'color': 14931616, 'league': None, 'tag': 'YU_RI', 'id': 2000022706, 'name': '\xe7\xba\xb7\xe9\xa3\x9e\xe8\x80\x8c\xe4\xb8\x8b\xe7\x9a\x84\xe6\xb4\x81\xe7\x99\xbd\xe4\xb9\x8b\xe9\x9b\xaa'}, 2025033328: {'color': 13477119, 'league': None, 'tag': 'AYAYA', 'id': 2000010726, 'name': 'Lolita'}, 2031996630: None, 2018559096: None, 2020776351: {'color': 14931616, 'league': None, 'tag': 'ICBC', 'id': 2000020641, 'name': 'INDUSTRIAL AND COMMERCIAL BANK OF CHIN'}, 2027712925: {'color': 14931616, 'league': None, 'tag': 'ICBC', 'id': 2000020641, 'name': 'INDUSTRIAL AND COMMERCIAL BANK OF CHIN'}, 2014121759: {'color': 11776947, 'league': None, 'tag': 'CICN', 'id': 2000007969, 'name': 'CHILLI CHICKEN'}}; (, 6795187857542, 107)
2023-05-10 21:28:34.042: INFO: [Script] [UserDataGate.__onParticipantPresenceUpdated] 2020776351, (2, 2, 2); (, 79959818385813, 77)
2023-05-10 21:28:38.455: INFO: [Script] [PingPong] {u'time': 1683718118.290969}; (, 76626720249925, 9)
2023-05-10 21:29:06.070: INFO: [Script] [SND] WindowClosed, ('ResultsScreen',); (, 26032706214262, 166)
2023-05-10 21:29:06.070: INFO: [Script] [SND] WindowClosed, ('ModalWindowSceneScreenshotTexture',); (, 26032706214262, 166)
2023-05-10 21:29:06.073: NOTICE: [FX] particles/Empty_FX.xml/high already in the FX cache
2023-05-10 21:29:06.073: INFO: [Script] [root] Create space, ('spaces/dock_dry',); (, 8319902351040, 129)
2023-05-10 21:29:06.076: INFO: [Script] [root] Create space, ('spaces/Exterior',); (, 8319902351040, 129)
2023-05-10 21:29:06.565: ASSET: [Moo] Material content/ports/building/industrial/textures/OBI027.mfm : property 'detailMap' not found in shader shaders/std_effects/legacy_blaze_material.fx ; you may remove 'detailMap' entry from the .mfm file
2023-05-10 21:29:06.707: INFO: [Script] [DockContext] ui dockReady; (, 44268361119790, 9)
2023-05-10 21:29:06.912: INFO: [Script] [ClientLobbySpace] Space dry loaded; (, 50058802634115, 281)
2023-05-10 21:29:06.912: INFO: [Script] [ShipMotions] map: dock_dry, period: 1.0, multiplier: 0.0; (, 2019070958202, 105)
2023-05-10 21:29:06.912: INFO: [Script] [CameraBase] setMode, ('Dock',); (, 13624568824924, 126)
2023-05-10 21:29:06.913: INFO: [Script] [ClientLobbyShip] Change ship to PJSD210_Harugumo with exterior -1. Should create models: False; (, 50170673170836, 209)
2023-05-10 21:29:07.038: INFO: [Script] [LootboxModel] refreshBargeModel, (BigWorld.Model at 0x000001C445368008, None); (, 8643348736371, 238)
2023-05-10 21:29:09.875: INFO: [Script] [ClanProxy] getClanTeams send request; (, 76463748529797, 82)
2023-05-10 21:29:10.141: INFO: [Script] [Account] received stream, path: ('receivePreBattles',); (, 1929616152381, 106)
2023-05-10 21:29:12.650: INFO: [Script] [TrainingRoomComponentCommon] TrainingRoomComponent.sendInvite:, (2022515210, '', 1); (, 8431365916817, 107)
2023-05-10 21:29:13.001: INFO: [Script] [Account.onInviteSent: inviteeDBID, resultId] 2022515210, (0,); (, 4991074016640, 9)
2023-05-10 21:29:13.001: INFO: [Script] [TrainingRoomComponentCommon] TrainingRoomComponent.onInviteSent(), (0, 2022515210L); (, 4991709763208, 181)
2023-05-10 21:29:13.002: INFO: [Script] [TrainingRoomComponentCommon] TrainingRoomComponent.onGrantsChanged(), (2146955254,); (, 74724005702986, 22)
2023-05-10 21:29:13.002: INFO: [Script] [Account] received stream, path: ('TrainingRoomComponent', 'receiveTrainingRoomChanges'); (, 1929616152381, 106)
2023-05-10 21:29:14.877: INFO: [Script] [ClanProxy] getClanTeams send request; (, 76463748529797, 82)
2023-05-10 21:29:15.145: INFO: [Script] [Account] received stream, path: ('receivePreBattles',); (, 1929616152381, 106)
2023-05-10 21:29:19.870: INFO: [Script] [TrainingRoomComponentCommon] TrainingRoomComponent.onGrantsChanged(), (2146955254,); (, 74724005702986, 22)
2023-05-10 21:29:19.872: INFO: [Script] [TrainingRoomComponentCommon] TrainingRoomComponent.onGrantsChanged(), (2146955254,); (, 74724005702986, 22)
2023-05-10 21:29:19.872: INFO: [Script] [Account] received stream, path: ('TrainingRoomComponent', 'receiveTrainingRoomChanges'); (, 1929616152381, 106)
2023-05-10 21:29:38.536: INFO: [Script] [PingPong] {u'time': 1683718178.294496}; (, 76626720249925, 9)
2023-05-10 21:30:35.425: INFO: [Script] [TrainingRoomComponentCommon] TrainingRoomComponent.setReady:, (4074649296L,); (, 59095781958664, 513)
2023-05-10 21:30:35.724: INFO: [Script] [ClientLobbyShip] Change ship to PJSD210_Harugumo with exterior -1. Should create models: False; (, 50170673170836, 209)
2023-05-10 21:30:35.725: INFO: [Script] [ClientLobbyShip] Change ship to PJSD210_Harugumo with exterior -1. Should create models: False; (, 50170673170836, 209)
2023-05-10 21:30:35.726: INFO: [Script] [UserDataGate.__onParticipantPresenceUpdated] 2011774448, (2, 2, 0); (, 79959818385813, 77)
2023-05-10 21:30:37.997: INFO: [Script] [TrainingRoomComponentCommon] TrainingRoomComponent.onGrantsChanged(), (2146955254,); (, 74724005702986, 22)
2023-05-10 21:30:37.999: INFO: [Script] [UserDataGate.__onChannelParticipantAdded:] 2022515210, ('JustOneSummer', 2); (, 79955717465534, 18)
2023-05-10 21:30:37.999: INFO: [Script] [UserDataGate.__onParticipantPresenceUpdated] 2022515210, (2, 2, 0); (, 79959818385813, 77)
2023-05-10 21:30:37.999: INFO: [Script] [TrainingRoomComponentCommon] TrainingRoomComponent.onGrantsChanged(), (2146955254,); (, 74724005702986, 22)
2023-05-10 21:30:37.999: INFO: [Script] [Account] received stream, path: ('TrainingRoomComponent', 'receiveTrainingRoomChanges'); (, 1929616152381, 106)
2023-05-10 21:30:38.471: INFO: [Script] [WebSocketSource] Closed, ('openresty', 1006, ''); (, 76592299683115, 18)
2023-05-10 21:30:38.873: INFO: [Script] [Account] received stream, path: ('UserDataComponent', 'onGetUsersData'); (, 1929616152381, 106)
2023-05-10 21:30:47.529: INFO: [Script] [ClanProxy] getClanTeams send request; (, 76463748529797, 82)
2023-05-10 21:30:47.866: INFO: [Script] [Account] received stream, path: ('receivePreBattles',); (, 1929616152381, 106)
2023-05-10 21:31:07.001: INFO: [Script] [TrainingRoomComponentCommon] TrainingRoomComponent.onGrantsChanged(), (2146955254,); (, 74724005702986, 22)
2023-05-10 21:31:07.003: INFO: [Script] [TrainingRoomComponentCommon] TrainingRoomComponent.onGrantsChanged(), (2146955254,); (, 74724005702986, 22)
2023-05-10 21:31:07.003: INFO: [Script] [Account] received stream, path: ('TrainingRoomComponent', 'receiveTrainingRoomChanges'); (, 1929616152381, 106)
2023-05-10 21:31:08.301: INFO: [Script] [TrainingRoomComponentCommon] TrainingRoomComponent.onGrantsChanged(), (2146955254,); (, 74724005702986, 22)
2023-05-10 21:31:08.302: INFO: [Script] [TrainingRoomComponentCommon] TrainingRoomComponent.onGrantsChanged(), (2146955254,); (, 74724005702986, 22)
2023-05-10 21:31:08.302: INFO: [Script] [Account] received stream, path: ('TrainingRoomComponent', 'receiveTrainingRoomChanges'); (, 1929616152381, 106)
2023-05-10 21:31:22.710: INFO: [Script] [UserDataGate.__onParticipantPresenceUpdated] 2022515210, (2, 2, 0); (, 79959818385813, 77)
2023-05-10 21:31:25.002: INFO: [Script] [TrainingRoomComponentCommon] 	TrainingRoomComponentCommon.getRestrictions result:, ({'playersInBattle': 0, 'Cruiser': [0, 24, 3], 'Destroyer': [0, 24, 1], 'allowedLevelsInfo': {'list': [], 'range': [1, 11], 'enabled': True}, 'AirCarrier': [0, 3, 0], 'numPlayers': 5, 'maxPlayers': 24, 'refusedQueueTypes': 0, 'Submarine': [0, 24, 0], 'topRankForbidden': False, 'onlyShipGroup': '', 'result': [], 'insufficientAL': False, 'shipGroups': ['start', 'superShip', 'upgradeable'], 'Battleship': [0, 24, 1]},); (, 74220234494847, 664)
2023-05-10 21:31:25.002: INFO: [Script] [TrainingRoomComponentCommon] 	TrainingRoomComponentCommon.validateStart result:, ([0],); (, 74691012797723, 480)
2023-05-10 21:31:25.300: INFO: [Script] [Dock.setCurrentShipIdForModuleInset:] 4074649296, ('currentShipIdForModuleInset=', 4074649296L); (, 44316013810096, 107)
2023-05-10 21:31:25.301: INFO: [Script] [SND] WindowClosed, ('ModalWindowPVEOperationChooser',); (, 26032706214262, 166)
2023-05-10 21:31:25.301: INFO: [Script] [SND] WindowClosed, ('ModalWindowTrainingRoom',); (, 26032706214262, 166)
2023-05-10 21:31:25.304: INFO: [Script] [ClientLobbyShip] Change ship to PJSD210_Harugumo with exterior -1. Should create models: True; (, 50170673170836, 209)
2023-05-10 21:31:25.318: INFO: [Script] [ClientLobbyShip] Change ship to PJSD210_Harugumo with exterior -1. Should create models: False; (, 50170673170836, 209)
2023-05-10 21:31:25.319: INFO: [Script] [ClientLobbyShip] Change ship to PJSD210_Harugumo with exterior -1. Should create models: False; (, 50170673170836, 209)
2023-05-10 21:31:25.319: INFO: [Script] [Account] received stream, path: ('TrainingRoomComponent', 'receiveTrainingRoomChanges'); (, 1929616152381, 106)
2023-05-10 21:31:26.161: INFO: [Script] [UserDataGate.__onParticipantPresenceUpdated] 2011774448, (2, 2, 2); (, 79959818385813, 77)
2023-05-10 21:31:26.439: INFO: [Script] [Account] received stream, path: ('UserDataComponent', 'onGetUsersData'); (, 1929616152381, 106)
2023-05-10 21:31:26.583: INFO: [Script] [Account] received stream, path: ('UserDataComponent', 'onGetUserListClanData'); (, 1929616152381, 106)
2023-05-10 21:31:26.583: INFO: [Script] [UserDataGate.__onGetUserlistClanData] {2022515210: {'color': 14931616, 'league': None, 'tag': 'YU_RI', 'id': 2000022706, 'name': '\xe7\xba\xb7\xe9\xa3\x9e\xe8\x80\x8c\xe4\xb8\x8b\xe7\x9a\x84\xe6\xb4\x81\xe7\x99\xbd\xe4\xb9\x8b\xe9\x9b\xaa'}}; (, 6795187857542, 107)
2023-05-10 21:31:27.392: INFO: [Script] [TrainingRoomsContext] cleanup; (, 56380050125, 22)
2023-05-10 21:31:27.393: INFO: [Script] [TrainingRoomDatahubUtils] remove entity, (671887021,); (, 56322310301, 111)
2023-05-10 21:31:27.393: ERROR: [Script] [XmppChat] handleChannelError, ('room destroyed', 'prebattle', 3); (, 18973691185089, 36)
2023-05-10 21:31:27.890: INFO: [Script] [CameraBase] setMode, ('SnakeTail',); (, 13624568824924, 126)
2023-05-10 21:31:27.891: INFO: [Script] [ClientLobbySpace] Lobby destroy started.; (, 889763136786, 177)
2023-05-10 21:31:27.891: INFO: [Script] [ClientLobbySpace] Dock destroy started.; (, 50213139212771, 23)
2023-05-10 21:31:27.893: INFO: [Script] [ClientLobbySpace] Dock successfully destroyed.; (, 50213139212771, 168)
2023-05-10 21:31:27.898: INFO: [Script] [ClientLobbySpace] Lobby successfully destroyed.; (, 889763136786, 140)
2023-05-10 21:31:27.909: ERROR: [Script] [UserDataGate] Invalid data; (, 80067621657176, 312)
2023-05-10 21:31:27.909: ERROR: [Script] [UserDataGate] Invalid data; (, 80067621657176, 312)
2023-05-10 21:31:27.910: ERROR: [Script] [UserDataGate] Invalid data; (, 80067621657176, 312)
2023-05-10 21:31:27.910: ERROR: [Script] [UserDataGate] Invalid data; (, 80067621657176, 312)
2023-05-10 21:31:27.910: ERROR: [Script] [UserDataGate] Invalid data; (, 80067621657176, 312)


2023-05-10 21:31:27.910: INFO: [Script] [Avatar] Avatar.receiveAvatarInfo:, ({'evaluationsLeft': {0: 12, 1: 12}},); (, 10355579432072, 30)
2023-05-10 21:31:27.910: INFO: [Script] [ShutDownCommon] ShutDownCommon.onShutdownTime:, (0, 0, 0, 'PlayerAvatar'); (, 75596284726682, 138)
2023-05-10 21:31:27.910: INFO: [Script] [team id] 0; (, 1166342594655, 759)
2023-05-10 21:31:27.924: INFO: [Script] [Avatar] onGeometryMapped() MapName:, ('00_CO_ocean',); (, 5214622115511, 34)
2023-05-10 21:31:27.924: INFO: [Script] [teamBuildType: %s] 1; (, 10007912605912, 83)
2023-05-10 21:31:27.924: INFO: [Script] [player info: ] Id: 537407137 TeamId: 1 ShipName: PFSC210_Marseille dogTag: [4240427952L, 3949939632L]; (, 10007912605912, 127)
2023-05-10 21:31:27.924: INFO: [Script] [player info: ] Id: 671301412 TeamId: 0 ShipName: PJSD210_Harugumo dogTag: [4260744112L]; (, 10007912605912, 127)
2023-05-10 21:31:27.924: INFO: [Script] [player info: ] Id: 268369922 TeamId: 1 ShipName: PJSB111_Satsuma dogTag: [4293905328L, 4293872560L]; (, 10007912605912, 127)
2023-05-10 21:31:27.924: INFO: [Script] [player info: ] Id: 268369923 TeamId: 0 ShipName: PASC001_Erie_1936 dogTag: [4293905328L, 4293872560L]; (, 10007912605912, 127)
2023-05-10 21:31:27.924: INFO: [Script] [player info: ] Id: 268369924 TeamId: 0 ShipName: PASC001_Erie_1936 dogTag: [4293905328L, 4293872560L]; (, 10007912605912, 127)
2023-05-10 21:31:27.924: INFO: [Script] [ShipMotions] map: 00_CO_ocean, period: 1.0, multiplier: 1.0; (, 2019070958202, 105)
2023-05-10 21:31:27.930: INFO: [Script] [BattleLogic] 439915; BattleLogic(); (, 10209258942772, 44)
2023-05-10 21:31:27.930: INFO: [Script] [BattleLogic] 439915; onEnterWorld()
Public State: {attentionMarkers: [], clientAnimations: {targetType: 0, ids: []}, controlPoints: [180802, 180803, 180804], entityStates: [], expectedActions: None, weather: {mainWeather: 0, globalWeather: {param: 4292134832L, item: None, notification: None}, localWeather: []}, keyObjects: [], missions: {hold: [{reward: 3, penalty: 0, cpIndices: [0, 1, 2], period: 5}], capture: [], kill: [{reward: 30, penalty: 45, shipType: 'Destroyer'}, {reward: 25, penalty: 40, shipType: 'Submarine'}, {reward: 35, penalty: 50, shipType: 'Cruiser'}, {reward: 40, penalty: 60, shipType: 'Battleship'}, {reward: 45, penalty: 65, shipType: 'AirCarrier'}], reachDestination: [], pullTargets: [], protect: [], teamsScore: [{teamId: 0, score: 300}, {teamId: 1, score: 300}], teamWinScore: 1000, teamLoseScore: 0}, resources: [], minefields: [], successStoryProgress: [], tasks: [], entities: [], effects: [], sounds: [], drop: None, diplomacy: None, uiInfo: {miniMapType: 0}}
Private State: {battleItems: [], triggers: None, diplomacyTickets: None, leveling: None, missions: {reachDestination: [], pullTargets: []}}; (, 10209258942772, 44)
2023-05-10 21:31:27.931: INFO: [Script] [TrainingRoomsContext] cleanup; (, 56380050125, 22)
2023-05-10 21:31:27.934: ERROR: [Script] [Error] ('[ERROR] FeedbackController: empty config for event repair_finished',); (, 52385830448928, 24)
2023-05-10 21:31:27.935: ERROR: [Script] [Error] ('[ERROR] FeedbackController: empty config for event planes_frag_event',); (, 52385830448928, 24)
2023-05-10 21:31:27.935: ERROR: [Script] [Error] ('[ERROR] FeedbackController: empty config for event planes_order_event',); (, 52385830448928, 24)
2023-05-10 21:31:27.935: ERROR: [Script] [Error] ('[ERROR] FeedbackController: empty config for event planes_select',); (, 52385830448928, 24)
2023-05-10 21:31:27.935: INFO: [Script] [BattleDataContext] __onEnterSpace; (, 46413928960879, 198)
2023-05-10 21:31:27.939: ASSET: [Other] ResolveParticle: Effect "." is not found or broken
2023-05-10 21:31:27.939: ASSET: [FX] fx::unpackBinaryContours: did not found particles/textures/sfx_fail.tga_1_1_0_8.contours for helpers/particles/sfx_fail.xml/high
2023-05-10 21:31:27.967: NOTICE: [FX] particles/Empty_FX.xml/high already in the FX cache
2023-05-10 21:31:28.010: INFO: [Script] [BattleContentPreloader] Add drop visual models to preload. Resource count: 0; (, 41258031690418, 10)
2023-05-10 21:31:28.025: INFO: [Script] [SND] WindowClosed, ('WaitingWindow',); (, 26032706214262, 166)
2023-05-10 21:31:28.026: INFO: [Script] [SND] WindowClosed, ('ChatNotificationsPanel',); (, 26032706214262, 166)
2023-05-10 21:31:28.026: INFO: [Script] [SND] WindowClosed, ('RandomBattle',); (, 26032706214262, 166)
2023-05-10 21:31:28.034: INFO: [Scaleform Trace] SwfLoaderInfo.onLoadComplete "minimap.swf"
2023-05-10 21:31:28.129: WARNING: [Other] Could not find handler for gui/maps_bg/00_CO_ocean.jpg
2023-05-10 21:31:28.156: INFO: [Script] [Avatar] changePreBattleGrants(), (2146955254,); (, 1464783134803, 12)
2023-05-10 21:31:28.545: INFO: [Script] [Vehicle] 439919; EnterWorld, ('Ship: PJSD210_Harugumo',); (, 1168145454956, 1217)
2023-05-10 21:31:28.545: INFO: [Script] [team id] 0; (, 1168145454956, 1285)
2023-05-10 21:31:28.560: INFO: [Script] [Avatar] ! A.onFirstVehicleBoard; (, 513906572948, 588)
2023-05-10 21:31:28.602: INFO: [Script] [NavigationCommon] 439919; createNavigationMap, ('', 'PJSD210_Harugumo', 'graph sides: 16', 'cellSize: 6.15', 'speed: 3.37', 'acceleration: 0.51', 'back speed: 1.31', 'backward acceleration: 0.25', 'side speed: 2.67', 'rudder time: 1.64', 'depths: []', 'underwaterHeight: -0.310157775879', 'unpassable cells count: 0', 'total cells count: 38025', 'spaceID: 5449'); (, 73835711200882, 228)
2023-05-10 21:31:28.602: INFO: [Script] [BattleReplay] current battle arena info: {"matchGroup": "pvp", "gameMode": 7, "clientVersionFromExe": "12,3,1,6965290", "scenarioUiCategoryId": 0, "eventType": "", "mapDisplayName": "00_CO_ocean", "mapId": 0, "clientVersionFromXml": "12,3,1,6965290", "weatherParams": {"0": ["PCOW003_Cloudy"], "1": ["PCOW003_Cloudy", "PCOW002_Storm"]}, "disabledShipClasses": [], "playersPerTeam": 12, "duration": 1800, "name": "12x12", "scenario": "Domination_3point", "playerID": 0, "vehicles": [{"shipId": 4074682192, "relation": 2, "id": 537407137, "name": "JustOneSummer"}, {"shipId": 4074649296, "relation": 0, "id": 671301412, "name": "HenryQuan"}, {"shipId": 4178523856, "relation": 2, "id": 268369922, "name": ":Riccardi:"}, {"shipId": 4293834736, "relation": 1, "id": 268369923, "name": ":Krabbe:"}, {"shipId": 4293834736, "relation": 1, "id": 268369924, "name": ":Nakhimov:"}], "gameType": "TrainingBattle", "dateTime": "10.05.2023 21:31:28", "mapName": "spaces/00_CO_ocean", "playerName": "HenryQuan", "scenarioConfigId": 1, "teamsCount": 2, "playerVehicle": "PJSD210-Harugumo", "battleDuration": 1200, "mapBorder": null}; (, 5526725652290, 1003)
2023-05-10 21:31:28.603: INFO: [Script] [BattleDataContext] __onFirstVehicleBoard; (, 34646147650797, 12)
2023-05-10 21:31:28.603: INFO: [Script] [BattleDataContext] __initBattleSystems; (, 46418556520391, 12)
2023-05-10 21:31:28.656: INFO: [Script] [Vehicle] 439922; EnterWorld, ('Ship: PASC001_Erie_1936',); (, 1168145454956, 1217)
2023-05-10 21:31:28.656: INFO: [Script] [team id] 0; (, 1168145454956, 1285)
2023-05-10 21:31:28.660: INFO: [Script] [Vehicle] 439921; EnterWorld, ('Ship: PASC001_Erie_1936',); (, 1168145454956, 1217)
2023-05-10 21:31:28.660: INFO: [Script] [team id] 0; (, 1168145454956, 1285)
2023-05-10 21:31:29.177: INFO: [Script] [Init timings] 439921; Ship: PASC001_Erie_1936, ('prerequisites request: 0.00', 'prerequisites load time: 0.73', 'enterWorld time: 0.73', 'makeVisible time: 0.52', 'Become visible total time: 1.25'); (, 15835808770155, 101)
2023-05-10 21:31:29.177: INFO: [Script] [Init timings] 439922; Ship: PASC001_Erie_1936, ('prerequisites request: 0.00', 'prerequisites load time: 0.73', 'enterWorld time: 0.73', 'makeVisible time: 0.52', 'Become visible total time: 1.25'); (, 15835808770155, 101)
2023-05-10 21:31:29.305: INFO: [Script] [Avatar] Avatar.onWorldStateReceived; (, 10819281670208, 38)
2023-05-10 21:31:29.356: INFO: [Script] [BattleContentPreloader] Starting ally and enemy models and effects cache preload. Resource count: 109; (, 41241381611138, 142)
2023-05-10 21:31:29.827: INFO: [Script] [BattleContentPreloader] Starting ally and enemy miscs cache preload. Resource count: 173; (, 41245628265003, 204)
2023-05-10 21:31:30.158: ASSET: [Other] content/gameplay/japan/misc/JM511/JM511.model: can't load model prototype: file not found
2023-05-10 21:31:30.158: ERROR: [Model] ModelManager:: 'content/gameplay/japan/misc/JM511/JM511.model' load failed
2023-05-10 21:31:33.507: INFO: [Script] [SND] WindowClosed, ('LoadingBattle',); (, 26032706214262, 166)
2023-05-10 21:31:34.129: WARNING: [Other] Could not find handler for gui/ship_bars/PJSD210_h_bg.png
2023-05-10 21:31:34.129: WARNING: [Other] Could not find handler for gui/ship_bars/PJSD210_h.png
2023-05-10 21:31:34.129: WARNING: [Other] Could not find handler for gui/battle_hud/own_ship_health/icon_fire_small.png
2023-05-10 21:31:34.129: WARNING: [Other] Could not find handler for gui/battle_hud/own_ship_health/icon_flooding_small.png
2023-05-10 21:31:37.348: INFO: [Script] [CameraBase] setMode, ('TacticalMap',); (, 13624568824924, 126)
2023-05-10 21:31:39.678: INFO: [Script] [VehicleAutopilot] addWaypoint, ('pos: (211.167, 0, 153.311); reset: True; waypoints count: 0',); (, 554737798074, 146)
2023-05-10 21:31:39.678: INFO: [Script] [ClientPathFinder] initNewPath, ('reset: True',); (, 16841640866111, 145)
2023-05-10 21:31:39.678: INFO: [Script] [vehicleAutopilot] __addWaypoint, ('enable autopilot. reset: True',); (, 542244259242, 129)
2023-05-10 21:31:39.997: INFO: [Script] [CameraBase] setMode, ('SnakeTail',); (, 13624568824924, 126)
2023-05-10 21:31:43.468: INFO: [Script] [CameraBase] setMode, ('TacticalMap',); (, 13624568824924, 126)
2023-05-10 21:31:48.929: INFO: [Script] [CameraBase] setMode, ('SnakeTail',); (, 13624568824924, 126)
2023-05-10 21:32:00.320: INFO: [Script] [Avatar] -= BATTLE STARTED =-; (, 10566576185153, 138)
2023-05-10 21:32:09.354: INFO: [Script] [WebSocketSource] Connected to server openresty; (, 76583806256980, 12)
2023-05-10 21:32:33.798: INFO: [Scaleform Trace] SwfLoaderInfo.fini "minimap.swf"
2023-05-10 21:32:38.607: INFO: [Script] [PingPong] {u'time': 1683718358.305834}; (, 76626720249925, 9)
2023-05-10 21:32:42.388: INFO: [Script] [UserDataGate.__onParticipantPresenceUpdated] 2019830723, (2, 2, 0); (, 79959818385813, 77)
2023-05-10 21:33:26.470: WARNING: [Other] Could not find handler for gui/battle_hud/capture_points/CaptureIndicatorCross.png
2023-05-10 21:33:38.457: INFO: [Script] [PingPong] {u'time': 1683718418.310662}; (, 76626720249925, 9)
2023-05-10 21:33:46.330: INFO: [Script] [Vehicle] 439920; EnterWorld, ('Ship: PJSB111_Satsuma',); (, 1168145454956, 1217)
2023-05-10 21:33:46.330: INFO: [Script] [team id] 1; (, 1168145454956, 1285)
2023-05-10 21:33:46.691: INFO: [Script] [Init timings] 439920; Ship: PJSB111_Satsuma, ('prerequisites request: 0.00', 'prerequisites load time: 0.00', 'enterWorld time: 0.00', 'makeVisible time: 0.36', 'Become visible total time: 0.36'); (, 15835808770155, 101)
2023-05-10 21:34:06.372: INFO: [Script] [VehicleAutopilot] onPointReach; (, 593416596156, 69)
2023-05-10 21:34:06.373: INFO: [Script] [VehicleAutopilot] onDestinationReach; (, 606067625594, 59)
2023-05-10 21:34:06.373: INFO: [Script] [VehicleAutopilot] disable; (, 572044591856, 21)
2023-05-10 21:34:12.253: INFO: [Script] [UserDataGate.__onParticipantPresenceUpdated] 2019830723, (2, 2, 2); (, 79959818385813, 77)
2023-05-10 21:34:38.477: INFO: [Script] [PingPong] {u'time': 1683718478.314172}; (, 76626720249925, 9)
2023-05-10 21:35:28.769: INFO: [Script] [Vehicle] 439917; EnterWorld, ('Ship: PFSC210_Marseille',); (, 1168145454956, 1217)
2023-05-10 21:35:28.769: INFO: [Script] [team id] 1; (, 1168145454956, 1285)
2023-05-10 21:35:29.118: INFO: [Script] [Init timings] 439917; Ship: PFSC210_Marseille, ('prerequisites request: 0.00', 'prerequisites load time: 0.00', 'enterWorld time: 0.00', 'makeVisible time: 0.35', 'Become visible total time: 0.35'); (, 15835808770155, 101)
2023-05-10 21:35:38.487: INFO: [Script] [PingPong] {u'time': 1683718538.318054}; (, 76626720249925, 9)
2023-05-10 21:35:53.119: INFO: [Script] [UserDataGate.__onChannelParticipantAdded:] 2022980954, ('truemyworldi', 2); (, 79955717465534, 18)
2023-05-10 21:35:53.120: INFO: [Script] [UserDataGate.__onParticipantPresenceUpdated] 2022980954, (2, 2, 0); (, 79959818385813, 77)
2023-05-10 21:35:57.220: INFO: [Script] [CameraBase] setMode, ('TacticalMap',); (, 13624568824924, 126)
2023-05-10 21:35:59.080: INFO: [Script] [VehicleAutopilot] addWaypoint, ('pos: (323.792, 3.05176e-05, -296.195); reset: True; waypoints count: 0',); (, 554737798074, 146)
2023-05-10 21:35:59.080: INFO: [Script] [ClientPathFinder] initNewPath, ('reset: True',); (, 16841640866111, 145)
2023-05-10 21:35:59.081: INFO: [Script] [vehicleAutopilot] __addWaypoint, ('enable autopilot. reset: True',); (, 542244259242, 129)
2023-05-10 21:35:59.350: INFO: [Script] [CameraBase] setMode, ('SnakeTail',); (, 13624568824924, 126)
2023-05-10 21:36:38.497: INFO: [Script] [PingPong] {u'time': 1683718598.322137}; (, 76626720249925, 9)
2023-05-10 21:36:44.218: INFO: [Script] [VehicleAutopilot] disable; (, 572044591856, 21)
2023-05-10 21:37:14.083: INFO: [Script] [UserDataGate.__onParticipantPresenceUpdated] 2022980954, (2, 0, 5); (, 79959818385813, 77)
2023-05-10 21:37:38.517: INFO: [Script] [PingPong] {u'time': 1683718658.32508}; (, 76626720249925, 9)
2023-05-10 21:38:03.360: INFO: [Script] [Vehicle] id = 439921, teamId = 0, typeDeath = 6; (, 498303936408, 1034)
2023-05-10 21:38:38.516: INFO: [Script] [PingPong] {u'time': 1683718718.329508}; (, 76626720249925, 9)
2023-05-10 21:38:45.358: INFO: [Script] [PlayerAvatar] weaponType, (0, 2); (, 11373891613252, 21)
2023-05-10 21:38:48.918: INFO: [Script] [PlayerAvatar] weaponType, (2, 0); (, 11373891613252, 21)
2023-05-10 21:39:06.211: INFO: [Script] [Vehicle] id = 439920, teamId = 1, typeDeath = 7; (, 498303936408, 1034)
2023-05-10 21:39:06.215: INFO: [Script] [Vehicle] id = 439919, teamId = 0, typeDeath = 7; (, 498303936408, 1034)
2023-05-10 21:39:06.390: WARNING: [Other] Could not find handler for gui/ship_bars/PJSD210_h_bgdead.png
2023-05-10 21:39:06.390: WARNING: [Other] Could not find handler for DogTag
2023-05-10 21:39:06.390: WARNING: [Scaleform] Warning: ImageCreator::LoadProtocolImage failed to load image "img://embedded:DogTag?text=^&font=medium/"
2023-05-10 21:39:06.681: ERROR: [Sound::BaseWorldObject] playing event on deactivated emitter ( event 'VO_Damage_Death'; hashed emitter type 3490215848; emitter debug tag ':Riccardi: Vehicle'; object debug tag ':Riccardi: Vehicle' )
2023-05-10 21:39:06.711: ERROR: [Sound::BaseWorldObject] playing event on deactivated emitter ( event 'VO_Damage_Death'; hashed emitter type 3490215848; emitter debug tag 'HenryQuan Vehicle'; object debug tag 'HenryQuan Vehicle' )
2023-05-10 21:39:37.797: INFO: [Script] [Vehicle] id = 439922, teamId = 0, typeDeath = 17; (, 498303936408, 1034)
2023-05-10 21:39:38.507: INFO: [Script] [Avatar] battle finish - Defeat; (, 10545365693580, 236)
2023-05-10 21:39:38.509: INFO: [Script] [SND] WindowClosed, ('Battle',); (, 26032706214262, 166)
2023-05-10 21:39:38.520: INFO: [Script] [PingPong] {u'time': 1683718778.334221}; (, 76626720249925, 9)
2023-05-10 21:39:38.522: ERROR: [ScaleformRenderer] Scaleform::Manager::destroySharedTexture -- could not find shared texture named SharedTexture_RenderedWorld
2023-05-10 21:39:38.744: INFO: [Script] [Avatar] setFpsGathererActive(False); (, 10480066326144, 101)
2023-05-10 21:39:39.199: INFO: [Script] [BattleLogic] 439915; onLeaveWorld(); (, 10209258942772, 44)
2023-05-10 21:39:39.199: WARNING: [Script] [Avatar] FORCE STOP BATTLE; (, 10557398818175, 110)
2023-05-10 21:39:39.200: INFO: [Script] [Vehicle] 439917; onLeaveWorld(); (, 1171559499139, 341)
2023-05-10 21:39:39.200: INFO: [Script] [root] id, (439917,); (, 1171559499139, 385)
2023-05-10 21:39:39.203: WARNING: [Script] [Avatar] FORCE STOP BATTLE; (, 10557398818175, 110)
2023-05-10 21:39:39.205: INFO: [Script] [WorldObjectCache] Objects not returned to pool: Incomings 0, Airplanes 0, Scenario 0; (, 1169247510618, 52)
2023-05-10 21:39:39.205: INFO: [Script] [Vehicle] 439919; onLeaveWorld(); (, 1171559499139, 341)
2023-05-10 21:39:39.205: INFO: [Script] [root] id, (439919,); (, 1171559499139, 385)
2023-05-10 21:39:39.207: INFO: [Script] [Vehicle] 439920; onLeaveWorld(); (, 1171559499139, 341)
2023-05-10 21:39:39.207: INFO: [Script] [root] id, (439920,); (, 1171559499139, 385)
2023-05-10 21:39:39.211: INFO: [Script] [Vehicle] 439921; onLeaveWorld(); (, 1171559499139, 341)
2023-05-10 21:39:39.211: INFO: [Script] [root] id, (439921,); (, 1171559499139, 385)
2023-05-10 21:39:39.212: INFO: [Script] [Vehicle] 439922; onLeaveWorld(); (, 1171559499139, 341)
2023-05-10 21:39:39.212: INFO: [Script] [root] id, (439922,); (, 1171559499139, 385)
2023-05-10 21:39:39.726: INFO: [Script] [XmppChat] joinClanChannel(), (2000020641,); (, 19031469990035, 31)
2023-05-10 21:39:39.729: INFO: [Script] [root] UserDataGate.onGetConnection; (, 9049828584282, 21)
2023-05-10 21:39:39.730: INFO: [Script] [UserDataGate.onGetConnection():] 2011774448, ([Entity: id:11048 ['accountSelf', 'accountRealm', 'accountSimple', 'incompleteAccount', 'accountName', 'accountRank', 'accountLevel', 'accountLevelPoints', 'accountInfo', 'accountStatus', 'teamKiller', 'preBattlePlayerSimple', 'channelParticipant', 'dogTagView', 'trainingRoomPlayer', 'clanman', 'clanmanSupplyInfo']],); (, 9050035250113, 139)
2023-05-10 21:39:39.736: INFO: [Script] [BrawlSeasonsManager] timestamp = 1683718779 (weekday = 2, seconds = 41979); (, 64779236454300, 371)
2023-05-10 21:39:39.736: INFO: [Script] [BrawlSeasonsManager] Active brawl battles season 47(1683504000-1684090800) has been found, 372021 seconds before season deactivation; (, 64779236454300, 742)
2023-05-10 21:39:39.736: INFO: [Script] [BrawlSeasonsManager] The prime time 2(2:3600-64800) is active; (, 64779236454300, 786)
2023-05-10 21:39:39.736: INFO: [Script] [BrawlSeasonsManager] Prime time deactivation has been scheduled in 22821 seconds; (, 64779236454300, 829)
2023-05-10 21:39:39.743: INFO: [Script] [ShutDownCommon] ShutDownCommon.onShutdownTime:, (0, 0, 0, 'PlayerAccount'); (, 75596284726682, 138)
2023-05-10 21:39:39.743: INFO: [Script] [Account] received stream, path: ('receiveBattleResults',); (, 1929616152381, 106)
2023-05-10 21:39:39.746: INFO: [Script] [Account] Battle results received. Arena ID: 1841236983644301; (, 1503695917759, 50)
2023-05-10 21:39:39.748: INFO: [Script] [Post Battle Window] Battle results received. Arena ID: 1841236983644301; (, 44024230910511, 186)
2023-05-10 21:39:39.754: INFO: [Script] [Account] received stream, path: ('onClanUpdate',); (, 1929616152381, 106)
2023-05-10 21:39:39.754: INFO: [Script] [ClanDataHubUtils] _addCWarsInfo , ({'clanMaxPreparationProgress': 103900, 'clanPreparationProgress': 103900, 'stage': u'preparation'},); (, 76291966657192, 120)
2023-05-10 21:39:39.754: INFO: [Script] [Account] received stream, path: ('TrainingRoomComponent', 'receiveTrainingRoomChanges'); (, 1929616152381, 106)
2023-05-10 21:39:39.851: INFO: [Script] [Account] received stream, path: ('TrainingRoomComponent', 'receivePlayersDump'); (, 1929616152381, 106)
2023-05-10 21:39:40.005: INFO: [Script] [TrainingRoomDatahubUtils] creating training room entity, (671887021,); (, 75288222022734, 277)
2023-05-10 21:39:40.008: INFO: [Script] [UserDataGate] __onChannelListReceived, ('prebattle', 8); (, 32603589759405, 18)
2023-05-10 21:39:40.010: INFO: [Script] [TrainingRoomsContext] cleanup; (, 56380050125, 22)
2023-05-10 21:39:40.011: INFO: [Script] [TrainingRoomsContext] training room entity id:, (17291,); (, 47584641270757, 104)
2023-05-10 21:39:40.011: WARNING: [Script] [DirectEventDispatcher] no handlers for event:, (1000, 'with data:', None); (, 48976400484373, 235)
2023-05-10 21:39:40.011: INFO: [Script] [Account] received stream, path: ('TrainingRoomComponent', 'receiveTrainingRoomChanges'); (, 1929616152381, 106)
2023-05-10 21:39:40.140: INFO: [Script] [Account] received stream, path: ('onGetSystemMessage',); (, 1929616152381, 106)
2023-05-10 21:39:40.140: INFO: [Script] [MES] __onGetSystemMessageFromAccount, ({'importance': 2, 'typeId': 5, 'dt': 1683718778, 'postponed': False, 'data': {'aogasFactor': 1.0, 'gameMode': 7, 'isLeaver': False, 'teamId': 0, 'sseTasksInfo': (0, 0), 'bonusCurrency': {}, 'shipId': 4074649296L, 'isAFK': False, 'mapTypeId': 0, 'killerWeapon': 18, 'teamLadderPlace': 2, 'winnerTeamId': 1, 'hasArc': False, 'achievements': (), 'shipsKilled': 1, 'teamBuildTypeId': 1, 'credits': 0, 'accLeveling': (17, 17, 6389, 0), 'expPenalty': 0, 'arenaUniqueID': 1841236983644301L, 'creditsPenalty': 0, 'creditsCompensation': 0, 'exp': 0, 'isTShooter': False, 'battleCreateTime': 1683718320}},); (, 46210074431659, 66)
2023-05-10 21:39:40.140: INFO: [Script] [[MES] __addInfoToMessage] {'typeId': 5, 'exp': 0, 'rankStarsDeltaChange': 0, 'aogasFactor': 1.0, 'mapBGPath': '../maps_bg/00_CO_ocean.jpg', 'operationName': '', 'isFarming': False, 'earnedAchievements': [], 'header': 'IDS_SYS_MESSAGE_HEADER_MS_ACC_BATTLE_RESULTS_0', 'teamId': 0, 'result': 0, 'sseTasksInfo': (0, 0), 'bonusCurrency': {}, 'shipId': 4074649296L, 'uiSpecial': False, 'gameMode': 7, 'mapTypeId': 0, 'isAFK': False, 'accountLeveling': {'expGained': 0, 'currLevel': 17, 'prevLevel': 17, 'currLevelExp': 200, 'expTotal': 6389, 'nextLevelExp': 200}, 'curTasksCompleted': 0, 'mapName': 'IDS_SPACES/00_CO_OCEAN', 'killerWeapon': 18, 'shipLevelRome': 'X', 'teamLadderPlace': 2, 'winnerTeamId': 1, 'hasArc': False, 'achievements': (), 'isPremium': False, 'shipName': 'IDS_PJSD210', 'isLeaver': False, 'shipsKilled': 1, 'importance': 2, 'teamBuildTypeId': 1, 'idInGroup': 0, 'shipTypeIDS': 'IDS_DESTROYER', 'credits': 0, 'isElite': True, 'date': '10.05.2023 21:32', 'dt': 1683718778, 'groupId': 3, 'accLeveling': (17, 17, 6389, 0), 'expPenalty': 0, 'arenaUniqueID': 1841236983644301L, 'scenario': '', 'sourceId': 0, 'creditsPenalty': 0, 'creditsCompensation': 0, 'viaMM': False, 'rankBattlesSeasonId': 0, 'shipType': 'Destroyer', 'stypeIdent': 'Destroyer', 'isTShooter': False, 'postponed': False, 'battleCreateTime': 1683718320, 'rankDeltaChange': 0}; (, 46232061219946, 341)
2023-05-10 21:39:40.219: INFO: [Script] [UserDataGate.__onParticipantPresenceUpdated] 2011774448, (2, 2, 0); (, 79959818385813, 77)
2023-05-10 21:39:40.284: INFO: [Script] [Account] received stream, path: ('onRewardsRestored',); (, 1929616152381, 106)
2023-05-10 21:39:40.420: INFO: [Script] [Account] received stream, path: ('TrainingRoomComponent', 'receivePlayersDump'); (, 1929616152381, 106)
2023-05-10 21:39:40.421: INFO: [Script] [UserDataGate.__onChannelParticipantAdded:] 2022515210, ('JustOneSummer', 2); (, 79955717465534, 18)
2023-05-10 21:39:40.422: INFO: [Script] [UserDataGate.__onParticipantPresenceUpdated] 2022515210, (2, 2, 0); (, 79959818385813, 77)
2023-05-10 21:39:40.424: INFO: [Script] [UserDataGate.__onChannelParticipantAdded:] 2011774448, ('HenryQuan', 2); (, 79955717465534, 18)
2023-05-10 21:39:40.424: INFO: [Script] [UserDataGate.__onParticipantPresenceUpdated] 2011774448, (2, 2, 0); (, 79959818385813, 77)
2023-05-10 21:39:40.447: ERROR: [Script] [prospective_event] Expected error: code=403, content: {u'error': u'Forbidden'}; (, 68479891129675, 80)
2023-05-10 21:39:40.447: ERROR: [Script] [prospective_event] Unexpected error with http code: 403; (, 68312023367646, 46)
2023-05-10 21:39:40.568: INFO: [Script] [Account] received stream, path: ('TrainingRoomComponent', 'receiveInviteesDump'); (, 1929616152381, 106)
2023-05-10 21:39:40.707: INFO: [Script] [Account] received stream, path: ('receiveReferralInfo',); (, 1929616152381, 106)
2023-05-10 21:39:40.992: INFO: [Script] [Account] received stream, path: ('UserDataComponent', 'onGetUsersData'); (, 1929616152381, 106)
2023-05-10 21:39:41.144: INFO: [Script] [Account] received stream, path: ('UserDataComponent', 'onGetUserListClanData'); (, 1929616152381, 106)
2023-05-10 21:39:41.144: INFO: [Script] [UserDataGate.__onGetUserlistClanData] {2014968526: {'color': 11776947, 'league': None, 'tag': 'IDK', 'name': '404: Creativity Not Found', 'id': 2000013137}}; (, 6795187857542, 107)
2023-05-10 21:39:41.730: WARNING: [Script] [XmppChat] joinChannel, ('already joined', 'clan-2000020641@clans.wows.wowsasia.loc'); (, 18769746556653, 230)
2023-05-10 21:39:41.730: INFO: [Script] [UserDataGate.__onChannelParticipantAdded:] 2011774448, ('HenryQuan', 2); (, 79955717465534, 18)
2023-05-10 21:39:41.730: INFO: [Script] [UserDataGate.__onChannelParticipantAdded:] 2019830723, ('BLHX_404', 2); (, 79955717465534, 18)
2023-05-10 21:39:41.730: INFO: [Script] [UserDataGate.__onChannelParticipantAdded:] 2020776351, ('520pippo', 2); (, 79955717465534, 18)
2023-05-10 21:39:41.730: INFO: [Script] [UserDataGate.__onChannelParticipantAdded:] 2027712925, ('POD_G', 2); (, 79955717465534, 18)
2023-05-10 21:39:46.140: INFO: [Script] [Account] received stream, path: ('UserDataComponent', 'onGetUsersData'); (, 1929616152381, 106)
2023-05-10 21:39:46.277: INFO: [Script] [Account] received stream, path: ('UserDataComponent', 'onGetUserListClanData'); (, 1929616152381, 106)
2023-05-10 21:39:46.277: INFO: [Script] [UserDataGate.__onGetUserlistClanData] {2008603297: None, 2019830723: {'color': 14931616, 'league': None, 'tag': 'ICBC', 'id': 2000020641, 'name': 'INDUSTRIAL AND COMMERCIAL BANK OF CHIN'}, 2019205286: {'color': 14931616, 'league': None, 'tag': 'NJU', 'id': 2000020070, 'name': 'World of warships fleet of Nanjing University'}, 2027786630: {'color': 11776947, 'league': None, 'tag': 'NIER_', 'id': 2000025382, 'name': '\xe2\x80\x93ARS NOVA\xe2\x80\x93'}, 2008384295: {'color': 12511165, 'league': None, 'tag': 'LIEBE', 'id': 2000019333, 'name': 'Ich liebe dich'}, 2017207532: {'color': 13408614, 'league': None, 'tag': 'KOOKA', 'id': 2000016217, 'name': 'KOOKA NAVAL FORCE'}, 2022515210: {'color': 14931616, 'league': None, 'tag': 'YU_RI', 'id': 2000022706, 'name': '\xe7\xba\xb7\xe9\xa3\x9e\xe8\x80\x8c\xe4\xb8\x8b\xe7\x9a\x84\xe6\xb4\x81\xe7\x99\xbd\xe4\xb9\x8b\xe9\x9b\xaa'}, 2009397831: {'color': 13427940, 'league': None, 'tag': 'MGP', 'id': 2000022010, 'name': 'MegaartyP'}, 2023479148: {'color': 14931616, 'league': None, 'tag': 'YU_RI', 'id': 2000022706, 'name': '\xe7\xba\xb7\xe9\xa3\x9e\xe8\x80\x8c\xe4\xb8\x8b\xe7\x9a\x84\xe6\xb4\x81\xe7\x99\xbd\xe4\xb9\x8b\xe9\x9b\xaa'}, 2018048971: {'color': 13408614, 'league': None, 'tag': 'CTD', 'id': 2000022439, 'name': 'Captain Diner (Retreat of the Pacific Rim Group)'}, 2027712925: {'color': 14931616, 'league': None, 'tag': 'ICBC', 'id': 2000020641, 'name': 'INDUSTRIAL AND COMMERCIAL BANK OF CHIN'}, 2025033328: {'color': 13477119, 'league': None, 'tag': 'AYAYA', 'id': 2000010726, 'name': 'Lolita'}, 2031996630: None, 2018559096: None, 2020776351: {'color': 14931616, 'league': None, 'tag': 'ICBC', 'id': 2000020641, 'name': 'INDUSTRIAL AND COMMERCIAL BANK OF CHIN'}, 2023752989: {'color': 14931616, 'league': None, 'tag': 'YU_RI', 'id': 2000022706, 'name': '\xe7\xba\xb7\xe9\xa3\x9e\xe8\x80\x8c\xe4\xb8\x8b\xe7\x9a\x84\xe6\xb4\x81\xe7\x99\xbd\xe4\xb9\x8b\xe9\x9b\xaa'}, 2014121759: {'color': 11776947, 'league': None, 'tag': 'CICN', 'id': 2000007969, 'name': 'CHILLI CHICKEN'}}; (, 6795187857542, 107)
2023-05-10 21:40:07.247: INFO: [Script] [SND] WindowClosed, ('ResultsScreen',); (, 26032706214262, 166)
2023-05-10 21:40:07.247: INFO: [Script] [SND] WindowClosed, ('ModalWindowSceneScreenshotTexture',); (, 26032706214262, 166)
2023-05-10 21:40:07.251: NOTICE: [FX] particles/Empty_FX.xml/high already in the FX cache
2023-05-10 21:40:07.251: INFO: [Script] [root] Create space, ('spaces/dock_dry',); (, 8319902351040, 129)
2023-05-10 21:40:07.254: INFO: [Script] [root] Create space, ('spaces/Exterior',); (, 8319902351040, 129)
2023-05-10 21:40:07.751: ASSET: [Moo] Material content/ports/building/industrial/textures/OBI027.mfm : property 'detailMap' not found in shader shaders/std_effects/legacy_blaze_material.fx ; you may remove 'detailMap' entry from the .mfm file
2023-05-10 21:40:07.999: INFO: [Script] [DockContext] ui dockReady; (, 44268361119790, 9)
2023-05-10 21:40:08.112: INFO: [Script] [ClientLobbySpace] Space dry loaded; (, 50058802634115, 281)
2023-05-10 21:40:08.112: INFO: [Script] [ShipMotions] map: dock_dry, period: 1.0, multiplier: 0.0; (, 2019070958202, 105)
2023-05-10 21:40:08.112: INFO: [Script] [CameraBase] setMode, ('Dock',); (, 13624568824924, 126)
2023-05-10 21:40:08.113: INFO: [Script] [ClientLobbyShip] Change ship to PJSD210_Harugumo with exterior -1. Should create models: False; (, 50170673170836, 209)
2023-05-10 21:40:08.250: INFO: [Script] [LootboxModel] refreshBargeModel, (BigWorld.Model at 0x000001C49ECB1448, None); (, 8643348736371, 238)
2023-05-10 21:40:38.490: INFO: [Script] [PingPong] {u'time': 1683718838.338803}; (, 76626720249925, 9)
2023-05-10 21:40:56.570: INFO: [Script] [Account] received stream, path: ('UserDataComponent', 'onGetUsersData'); (, 1929616152381, 106)
2023-05-10 21:40:56.708: INFO: [Script] [Account] received stream, path: ('UserDataComponent', 'onGetUserListClanData'); (, 1929616152381, 106)
2023-05-10 21:40:56.708: INFO: [Script] [UserDataGate.__onGetUserlistClanData] {2011281559: {'color': 12511165, 'league': None, 'tag': 'QUIN', 'id': 2000010708, 'name': 'Quin Unite Imperial Navy'}}; (, 6795187857542, 107)
